This file contains any messages produced by compilers while
running configure, to aid debugging if configure makes a mistake.

It was created by iwd configure 0.12, which was
generated by GNU Autoconf 2.69.  Invocation command line was

  $ ./configure 

## --------- ##
## Platform. ##
## --------- ##

hostname = afl
uname -m = x86_64
uname -r = 4.4.0-24-generic
uname -s = Linux
uname -v = #43-Ubuntu SMP Wed Jun 8 19:27:37 UTC 2016

/usr/bin/uname -p = unknown
/bin/uname -X     = unknown

/bin/arch              = unknown
/usr/bin/arch -k       = unknown
/usr/convex/getsysinfo = unknown
/usr/bin/hostinfo      = unknown
/bin/machine           = unknown
/usr/bin/oslevel       = unknown
/bin/universe          = unknown

PATH: /usr/local/sbin
PATH: /usr/local/bin
PATH: /usr/sbin
PATH: /usr/bin
PATH: /sbin
PATH: /bin
PATH: /usr/games
PATH: /usr/local/games
PATH: /snap/bin


## ----------- ##
## Core tests. ##
## ----------- ##

configure:2358: checking for a BSD-compatible install
configure:2426: result: /usr/bin/install -c
configure:2437: checking whether build environment is sane
configure:2492: result: yes
configure:2643: checking for a thread-safe mkdir -p
configure:2682: result: /bin/mkdir -p
configure:2689: checking for gawk
configure:2705: found /usr/bin/gawk
configure:2716: result: gawk
configure:2727: checking whether make sets $(MAKE)
configure:2749: result: yes
configure:2778: checking whether make supports nested variables
configure:2795: result: yes
configure:2874: checking how to create a pax tar archive
configure:2885: tar --version
tar (GNU tar) 1.28
Copyright (C) 2014 Free Software Foundation, Inc.
License GPLv3+: GNU GPL version 3 or later <http://gnu.org/licenses/gpl.html>.
This is free software: you are free to change and redistribute it.
There is NO WARRANTY, to the extent permitted by law.

Written by John Gilmore and Jay Fenlason.
configure:2888: $? = 0
configure:2928: tardir=conftest.dir && eval tar --format=posix -chf - "$tardir" >conftest.tar
configure:2931: $? = 0
configure:2935: tar -xf - <conftest.tar
configure:2938: $? = 0
configure:2940: cat conftest.dir/file
GrepMe
configure:2943: $? = 0
configure:2956: result: gnutar
configure:3018: checking whether make supports nested variables
configure:3035: result: yes
configure:3048: checking whether to enable maintainer-specific portions of Makefiles
configure:3057: result: no
configure:3127: checking for pkg-config
configure:3145: found /usr/bin/pkg-config
configure:3157: result: /usr/bin/pkg-config
configure:3182: checking pkg-config is at least version 0.9.0
configure:3185: result: yes
configure:3267: checking for gcc
configure:3294: result: /home/ubuntu/afl/afl-gcc
configure:3523: checking for C compiler version
configure:3532: /home/ubuntu/afl/afl-gcc --version >&5
gcc (Ubuntu 5.4.0-6ubuntu1~16.04.11) 5.4.0 20160609
Copyright (C) 2015 Free Software Foundation, Inc.
This is free software; see the source for copying conditions.  There is NO
warranty; not even for MERCHANTABILITY or FITNESS FOR A PARTICULAR PURPOSE.

configure:3543: $? = 0
configure:3532: /home/ubuntu/afl/afl-gcc -v >&5
Using built-in specs.
COLLECT_GCC=gcc
COLLECT_LTO_WRAPPER=/usr/lib/gcc/x86_64-linux-gnu/5/lto-wrapper
Target: x86_64-linux-gnu
Configured with: ../src/configure -v --with-pkgversion='Ubuntu 5.4.0-6ubuntu1~16.04.11' --with-bugurl=file:///usr/share/doc/gcc-5/README.Bugs --enable-languages=c,ada,c++,java,go,d,fortran,objc,obj-c++ --prefix=/usr --program-suffix=-5 --enable-shared --enable-linker-build-id --libexecdir=/usr/lib --without-included-gettext --enable-threads=posix --libdir=/usr/lib --enable-nls --with-sysroot=/ --enable-clocale=gnu --enable-libstdcxx-debug --enable-libstdcxx-time=yes --with-default-libstdcxx-abi=new --enable-gnu-unique-object --disable-vtable-verify --enable-libmpx --enable-plugin --with-system-zlib --disable-browser-plugin --enable-java-awt=gtk --enable-gtk-cairo --with-java-home=/usr/lib/jvm/java-1.5.0-gcj-5-amd64/jre --enable-java-home --with-jvm-root-dir=/usr/lib/jvm/java-1.5.0-gcj-5-amd64 --with-jvm-jar-dir=/usr/lib/jvm-exports/java-1.5.0-gcj-5-amd64 --with-arch-directory=amd64 --with-ecj-jar=/usr/share/java/eclipse-ecj.jar --enable-objc-gc --enable-multiarch --disable-werror --with-arch-32=i686 --with-abi=m64 --with-multilib-list=m32,m64,mx32 --enable-multilib --with-tune=generic --enable-checking=release --build=x86_64-linux-gnu --host=x86_64-linux-gnu --target=x86_64-linux-gnu
Thread model: posix
gcc version 5.4.0 20160609 (Ubuntu 5.4.0-6ubuntu1~16.04.11) 
configure:3543: $? = 0
configure:3532: /home/ubuntu/afl/afl-gcc -V >&5
gcc: error: unrecognized command line option '-V'
gcc: fatal error: no input files
compilation terminated.
configure:3543: $? = 1
configure:3532: /home/ubuntu/afl/afl-gcc -qversion >&5
gcc: error: unrecognized command line option '-qversion'
gcc: fatal error: no input files
compilation terminated.
configure:3543: $? = 1
configure:3563: checking whether the C compiler works
configure:3585: /home/ubuntu/afl/afl-gcc -Wall -O2 -fsigned-char -fno-exceptions -U_FORTIFY_SOURCE -D_FORTIFY_SOURCE=2   conftest.c  >&5
configure:3589: $? = 0
configure:3637: result: yes
configure:3640: checking for C compiler default output file name
configure:3642: result: a.out
configure:3648: checking for suffix of executables
configure:3655: /home/ubuntu/afl/afl-gcc -o conftest -Wall -O2 -fsigned-char -fno-exceptions -U_FORTIFY_SOURCE -D_FORTIFY_SOURCE=2   conftest.c  >&5
configure:3659: $? = 0
configure:3681: result: 
configure:3703: checking whether we are cross compiling
configure:3711: /home/ubuntu/afl/afl-gcc -o conftest -Wall -O2 -fsigned-char -fno-exceptions -U_FORTIFY_SOURCE -D_FORTIFY_SOURCE=2   conftest.c  >&5
configure:3715: $? = 0
configure:3722: ./conftest
configure:3726: $? = 0
configure:3741: result: no
configure:3746: checking for suffix of object files
configure:3768: /home/ubuntu/afl/afl-gcc -c -Wall -O2 -fsigned-char -fno-exceptions -U_FORTIFY_SOURCE -D_FORTIFY_SOURCE=2  conftest.c >&5
configure:3772: $? = 0
configure:3793: result: o
configure:3797: checking whether we are using the GNU C compiler
configure:3816: /home/ubuntu/afl/afl-gcc -c -Wall -O2 -fsigned-char -fno-exceptions -U_FORTIFY_SOURCE -D_FORTIFY_SOURCE=2  conftest.c >&5
configure:3816: $? = 0
configure:3825: result: yes
configure:3834: checking whether /home/ubuntu/afl/afl-gcc accepts -g
configure:3854: /home/ubuntu/afl/afl-gcc -c -g  conftest.c >&5
configure:3854: $? = 0
configure:3895: result: yes
configure:3912: checking for /home/ubuntu/afl/afl-gcc option to accept ISO C89
configure:3975: /home/ubuntu/afl/afl-gcc  -c -Wall -O2 -fsigned-char -fno-exceptions -U_FORTIFY_SOURCE -D_FORTIFY_SOURCE=2  conftest.c >&5
configure:3975: $? = 0
configure:3988: result: none needed
configure:4013: checking whether /home/ubuntu/afl/afl-gcc understands -c and -o together
configure:4035: /home/ubuntu/afl/afl-gcc -c conftest.c -o conftest2.o
configure:4038: $? = 0
configure:4035: /home/ubuntu/afl/afl-gcc -c conftest.c -o conftest2.o
configure:4038: $? = 0
configure:4050: result: yes
configure:4078: checking for style of include used by make
configure:4106: result: GNU
configure:4132: checking dependency style of /home/ubuntu/afl/afl-gcc
configure:4243: result: gcc3
configure:4259: checking whether /home/ubuntu/afl/afl-gcc accepts -fPIE
configure:4274: result: yes
configure:4279: checking whether ln -s works
configure:4283: result: yes
configure:4321: checking build system type
configure:4335: result: x86_64-pc-linux-gnu
configure:4355: checking host system type
configure:4368: result: x86_64-pc-linux-gnu
configure:4409: checking how to print strings
configure:4436: result: printf
configure:4457: checking for a sed that does not truncate output
configure:4521: result: /bin/sed
configure:4539: checking for grep that handles long lines and -e
configure:4597: result: /bin/grep
configure:4602: checking for egrep
configure:4664: result: /bin/grep -E
configure:4669: checking for fgrep
configure:4731: result: /bin/grep -F
configure:4766: checking for ld used by /home/ubuntu/afl/afl-gcc
configure:4833: result: /usr/bin/ld
configure:4840: checking if the linker (/usr/bin/ld) is GNU ld
configure:4855: result: yes
configure:4867: checking for BSD- or MS-compatible name lister (nm)
configure:4921: result: /usr/bin/nm -B
configure:5051: checking the name lister (/usr/bin/nm -B) interface
configure:5058: /home/ubuntu/afl/afl-gcc -c -Wall -O2 -fsigned-char -fno-exceptions -U_FORTIFY_SOURCE -D_FORTIFY_SOURCE=2  conftest.c >&5
configure:5061: /usr/bin/nm -B "conftest.o"
configure:5064: output
0000000000000000 B some_variable
configure:5071: result: BSD nm
configure:5075: checking the maximum length of command line arguments
configure:5206: result: 1572864
configure:5254: checking how to convert x86_64-pc-linux-gnu file names to x86_64-pc-linux-gnu format
configure:5294: result: func_convert_file_noop
configure:5301: checking how to convert x86_64-pc-linux-gnu file names to toolchain format
configure:5321: result: func_convert_file_noop
configure:5328: checking for /usr/bin/ld option to reload object files
configure:5335: result: -r
configure:5409: checking for objdump
configure:5425: found /usr/bin/objdump
configure:5436: result: objdump
configure:5468: checking how to recognize dependent libraries
configure:5668: result: pass_all
configure:5753: checking for dlltool
configure:5783: result: no
configure:5813: checking how to associate runtime and link libraries
configure:5840: result: printf %s\n
configure:5901: checking for ar
configure:5917: found /usr/bin/ar
configure:5928: result: ar
configure:5965: checking for archiver @FILE support
configure:5982: /home/ubuntu/afl/afl-gcc -c -Wall -O2 -fsigned-char -fno-exceptions -U_FORTIFY_SOURCE -D_FORTIFY_SOURCE=2  conftest.c >&5
configure:5982: $? = 0
configure:5985: ar cru libconftest.a @conftest.lst >&5
ar: `u' modifier ignored since `D' is the default (see `U')
configure:5988: $? = 0
configure:5993: ar cru libconftest.a @conftest.lst >&5
ar: `u' modifier ignored since `D' is the default (see `U')
ar: conftest.o: No such file or directory
configure:5996: $? = 1
configure:6008: result: @
configure:6066: checking for strip
configure:6082: found /usr/bin/strip
configure:6093: result: strip
configure:6165: checking for ranlib
configure:6181: found /usr/bin/ranlib
configure:6192: result: ranlib
configure:6294: checking command to parse /usr/bin/nm -B output from /home/ubuntu/afl/afl-gcc object
configure:6447: /home/ubuntu/afl/afl-gcc -c -Wall -O2 -fsigned-char -fno-exceptions -U_FORTIFY_SOURCE -D_FORTIFY_SOURCE=2  conftest.c >&5
configure:6450: $? = 0
configure:6454: /usr/bin/nm -B conftest.o \| sed -n -e 's/^.*[ ]\([ABCDGIRSTW][ABCDGIRSTW]*\)[ ][ ]*\([_A-Za-z][_A-Za-z0-9]*\)$/\1 \2 \2/p' | sed '/ __gnu_lto/d' \> conftest.nm
configure:6457: $? = 0
configure:6523: /home/ubuntu/afl/afl-gcc -o conftest -Wall -O2 -fsigned-char -fno-exceptions -U_FORTIFY_SOURCE -D_FORTIFY_SOURCE=2   conftest.c conftstm.o >&5
configure:6526: $? = 0
configure:6564: result: ok
configure:6611: checking for sysroot
configure:6641: result: no
configure:6648: checking for a working dd
configure:6686: result: /bin/dd
configure:6690: checking how to truncate binary pipes
configure:6705: result: /bin/dd bs=4096 count=1
configure:6841: /home/ubuntu/afl/afl-gcc -c -Wall -O2 -fsigned-char -fno-exceptions -U_FORTIFY_SOURCE -D_FORTIFY_SOURCE=2  conftest.c >&5
configure:6844: $? = 0
configure:7034: checking for mt
configure:7050: found /bin/mt
configure:7061: result: mt
configure:7084: checking if mt is a manifest tool
configure:7090: mt '-?'
configure:7098: result: no
configure:7775: checking how to run the C preprocessor
configure:7806: /home/ubuntu/afl/afl-gcc -E  conftest.c
configure:7806: $? = 0
configure:7820: /home/ubuntu/afl/afl-gcc -E  conftest.c
conftest.c:11:28: fatal error: ac_nonexistent.h: No such file or directory
compilation terminated.
configure:7820: $? = 1
configure: failed program was:
| /* confdefs.h */
| #define PACKAGE_NAME "iwd"
| #define PACKAGE_TARNAME "iwd"
| #define PACKAGE_VERSION "0.12"
| #define PACKAGE_STRING "iwd 0.12"
| #define PACKAGE_BUGREPORT ""
| #define PACKAGE_URL ""
| #define PACKAGE "iwd"
| #define VERSION "0.12"
| /* end confdefs.h.  */
| #include <ac_nonexistent.h>
configure:7845: result: /home/ubuntu/afl/afl-gcc -E
configure:7865: /home/ubuntu/afl/afl-gcc -E  conftest.c
configure:7865: $? = 0
configure:7879: /home/ubuntu/afl/afl-gcc -E  conftest.c
conftest.c:11:28: fatal error: ac_nonexistent.h: No such file or directory
compilation terminated.
configure:7879: $? = 1
configure: failed program was:
| /* confdefs.h */
| #define PACKAGE_NAME "iwd"
| #define PACKAGE_TARNAME "iwd"
| #define PACKAGE_VERSION "0.12"
| #define PACKAGE_STRING "iwd 0.12"
| #define PACKAGE_BUGREPORT ""
| #define PACKAGE_URL ""
| #define PACKAGE "iwd"
| #define VERSION "0.12"
| /* end confdefs.h.  */
| #include <ac_nonexistent.h>
configure:7908: checking for ANSI C header files
configure:7928: /home/ubuntu/afl/afl-gcc -c -Wall -O2 -fsigned-char -fno-exceptions -U_FORTIFY_SOURCE -D_FORTIFY_SOURCE=2  conftest.c >&5
configure:7928: $? = 0
configure:8001: /home/ubuntu/afl/afl-gcc -o conftest -Wall -O2 -fsigned-char -fno-exceptions -U_FORTIFY_SOURCE -D_FORTIFY_SOURCE=2   conftest.c  >&5
configure:8001: $? = 0
configure:8001: ./conftest
configure:8001: $? = 0
configure:8012: result: yes
configure:8025: checking for sys/types.h
configure:8025: /home/ubuntu/afl/afl-gcc -c -Wall -O2 -fsigned-char -fno-exceptions -U_FORTIFY_SOURCE -D_FORTIFY_SOURCE=2  conftest.c >&5
configure:8025: $? = 0
configure:8025: result: yes
configure:8025: checking for sys/stat.h
configure:8025: /home/ubuntu/afl/afl-gcc -c -Wall -O2 -fsigned-char -fno-exceptions -U_FORTIFY_SOURCE -D_FORTIFY_SOURCE=2  conftest.c >&5
configure:8025: $? = 0
configure:8025: result: yes
configure:8025: checking for stdlib.h
configure:8025: /home/ubuntu/afl/afl-gcc -c -Wall -O2 -fsigned-char -fno-exceptions -U_FORTIFY_SOURCE -D_FORTIFY_SOURCE=2  conftest.c >&5
configure:8025: $? = 0
configure:8025: result: yes
configure:8025: checking for string.h
configure:8025: /home/ubuntu/afl/afl-gcc -c -Wall -O2 -fsigned-char -fno-exceptions -U_FORTIFY_SOURCE -D_FORTIFY_SOURCE=2  conftest.c >&5
configure:8025: $? = 0
configure:8025: result: yes
configure:8025: checking for memory.h
configure:8025: /home/ubuntu/afl/afl-gcc -c -Wall -O2 -fsigned-char -fno-exceptions -U_FORTIFY_SOURCE -D_FORTIFY_SOURCE=2  conftest.c >&5
configure:8025: $? = 0
configure:8025: result: yes
configure:8025: checking for strings.h
configure:8025: /home/ubuntu/afl/afl-gcc -c -Wall -O2 -fsigned-char -fno-exceptions -U_FORTIFY_SOURCE -D_FORTIFY_SOURCE=2  conftest.c >&5
configure:8025: $? = 0
configure:8025: result: yes
configure:8025: checking for inttypes.h
configure:8025: /home/ubuntu/afl/afl-gcc -c -Wall -O2 -fsigned-char -fno-exceptions -U_FORTIFY_SOURCE -D_FORTIFY_SOURCE=2  conftest.c >&5
configure:8025: $? = 0
configure:8025: result: yes
configure:8025: checking for stdint.h
configure:8025: /home/ubuntu/afl/afl-gcc -c -Wall -O2 -fsigned-char -fno-exceptions -U_FORTIFY_SOURCE -D_FORTIFY_SOURCE=2  conftest.c >&5
configure:8025: $? = 0
configure:8025: result: yes
configure:8025: checking for unistd.h
configure:8025: /home/ubuntu/afl/afl-gcc -c -Wall -O2 -fsigned-char -fno-exceptions -U_FORTIFY_SOURCE -D_FORTIFY_SOURCE=2  conftest.c >&5
configure:8025: $? = 0
configure:8025: result: yes
configure:8039: checking for dlfcn.h
configure:8039: /home/ubuntu/afl/afl-gcc -c -Wall -O2 -fsigned-char -fno-exceptions -U_FORTIFY_SOURCE -D_FORTIFY_SOURCE=2  conftest.c >&5
configure:8039: $? = 0
configure:8039: result: yes
configure:8294: checking for objdir
configure:8309: result: .libs
configure:8573: checking if /home/ubuntu/afl/afl-gcc supports -fno-rtti -fno-exceptions
configure:8591: /home/ubuntu/afl/afl-gcc -c -Wall -O2 -fsigned-char -fno-exceptions -U_FORTIFY_SOURCE -D_FORTIFY_SOURCE=2  -fno-rtti -fno-exceptions conftest.c >&5
cc1: warning: command line option '-fno-rtti' is valid for C++/ObjC++ but not for C
configure:8595: $? = 0
configure:8608: result: no
configure:8966: checking for /home/ubuntu/afl/afl-gcc option to produce PIC
configure:8973: result: -fPIC -DPIC
configure:8981: checking if /home/ubuntu/afl/afl-gcc PIC flag -fPIC -DPIC works
configure:8999: /home/ubuntu/afl/afl-gcc -c -Wall -O2 -fsigned-char -fno-exceptions -U_FORTIFY_SOURCE -D_FORTIFY_SOURCE=2  -fPIC -DPIC -DPIC conftest.c >&5
configure:9003: $? = 0
configure:9016: result: yes
configure:9045: checking if /home/ubuntu/afl/afl-gcc static flag -static works
configure:9073: result: yes
configure:9088: checking if /home/ubuntu/afl/afl-gcc supports -c -o file.o
configure:9109: /home/ubuntu/afl/afl-gcc -c -Wall -O2 -fsigned-char -fno-exceptions -U_FORTIFY_SOURCE -D_FORTIFY_SOURCE=2  -o out/conftest2.o conftest.c >&5
configure:9113: $? = 0
configure:9135: result: yes
configure:9143: checking if /home/ubuntu/afl/afl-gcc supports -c -o file.o
configure:9190: result: yes
configure:9223: checking whether the /home/ubuntu/afl/afl-gcc linker (/usr/bin/ld -m elf_x86_64) supports shared libraries
configure:10486: result: yes
configure:10523: checking whether -lc should be explicitly linked in
configure:10531: /home/ubuntu/afl/afl-gcc -c -Wall -O2 -fsigned-char -fno-exceptions -U_FORTIFY_SOURCE -D_FORTIFY_SOURCE=2  conftest.c >&5
configure:10534: $? = 0
configure:10549: /home/ubuntu/afl/afl-gcc -shared  -fPIC -DPIC conftest.o  -v -Wl,-soname -Wl,conftest -o conftest 2\>\&1 \| /bin/grep  -lc  \>/dev/null 2\>\&1
configure:10552: $? = 0
configure:10566: result: no
configure:10726: checking dynamic linker characteristics
configure:11307: /home/ubuntu/afl/afl-gcc -o conftest -Wall -O2 -fsigned-char -fno-exceptions -U_FORTIFY_SOURCE -D_FORTIFY_SOURCE=2   -Wl,-rpath -Wl,/foo conftest.c  >&5
configure:11307: $? = 0
configure:11556: result: GNU/Linux ld.so
configure:11678: checking how to hardcode library paths into programs
configure:11703: result: immediate
configure:12251: checking whether stripping libraries is possible
configure:12256: result: yes
configure:12291: checking if libtool supports shared libraries
configure:12293: result: yes
configure:12296: checking whether to build shared libraries
configure:12321: result: yes
configure:12324: checking whether to build static libraries
configure:12328: result: no
configure:12436: checking linux/types.h usability
configure:12436: /home/ubuntu/afl/afl-gcc -c -Wall -O2 -fsigned-char -fno-exceptions -U_FORTIFY_SOURCE -D_FORTIFY_SOURCE=2  conftest.c >&5
configure:12436: $? = 0
configure:12436: result: yes
configure:12436: checking linux/types.h presence
configure:12436: /home/ubuntu/afl/afl-gcc -E  conftest.c
configure:12436: $? = 0
configure:12436: result: yes
configure:12436: checking for linux/types.h
configure:12436: result: yes
configure:12436: checking linux/if_alg.h usability
configure:12436: /home/ubuntu/afl/afl-gcc -c -Wall -O2 -fsigned-char -fno-exceptions -U_FORTIFY_SOURCE -D_FORTIFY_SOURCE=2  conftest.c >&5
configure:12436: $? = 0
configure:12436: result: yes
configure:12436: checking linux/if_alg.h presence
configure:12436: /home/ubuntu/afl/afl-gcc -E  conftest.c
configure:12436: $? = 0
configure:12436: result: yes
configure:12436: checking for linux/if_alg.h
configure:12436: result: yes
configure:12543: checking readline/readline.h usability
configure:12543: /home/ubuntu/afl/afl-gcc -c -Wall -O2 -fsigned-char -fno-exceptions -U_FORTIFY_SOURCE -D_FORTIFY_SOURCE=2  conftest.c >&5
configure:12543: $? = 0
configure:12543: result: yes
configure:12543: checking readline/readline.h presence
configure:12543: /home/ubuntu/afl/afl-gcc -E  conftest.c
configure:12543: $? = 0
configure:12543: result: yes
configure:12543: checking for readline/readline.h
configure:12543: result: yes
configure:12600: checking D-Bus data directory
configure:12609: result: /usr/share
configure:12636: checking D-Bus bus services directory
configure:12642: result: /usr/share/dbus-1/system-services
configure:12655: checking systemd unit directory
configure:12661: result: /lib/systemd/system
configure:13004: checking that generated files are newer than configure
configure:13010: result: done
configure:13089: creating ./config.status

## ---------------------- ##
## Running config.status. ##
## ---------------------- ##

This file was extended by iwd config.status 0.12, which was
generated by GNU Autoconf 2.69.  Invocation command line was

  CONFIG_FILES    = 
  CONFIG_HEADERS  = 
  CONFIG_LINKS    = 
  CONFIG_COMMANDS = 
  $ ./config.status 

on afl

config.status:1126: creating Makefile
config.status:1126: creating config.h
config.status:1307: config.h is unchanged
config.status:1355: executing depfiles commands
config.status:1355: executing libtool commands
configure:15235: result:
	iwd 0.12


## ---------------- ##
## Cache variables. ##
## ---------------- ##

ac_cv_build=x86_64-pc-linux-gnu
ac_cv_c_compiler_gnu=yes
ac_cv_env_CC_set=set
ac_cv_env_CC_value=/home/ubuntu/afl/afl-gcc
ac_cv_env_CFLAGS_set=
ac_cv_env_CFLAGS_value=
ac_cv_env_CPPFLAGS_set=
ac_cv_env_CPPFLAGS_value=
ac_cv_env_CPP_set=
ac_cv_env_CPP_value=
ac_cv_env_ELL_CFLAGS_set=
ac_cv_env_ELL_CFLAGS_value=
ac_cv_env_ELL_LIBS_set=
ac_cv_env_ELL_LIBS_value=
ac_cv_env_LDFLAGS_set=
ac_cv_env_LDFLAGS_value=
ac_cv_env_LIBS_set=
ac_cv_env_LIBS_value=
ac_cv_env_LT_SYS_LIBRARY_PATH_set=
ac_cv_env_LT_SYS_LIBRARY_PATH_value=
ac_cv_env_PKG_CONFIG_LIBDIR_set=
ac_cv_env_PKG_CONFIG_LIBDIR_value=
ac_cv_env_PKG_CONFIG_PATH_set=
ac_cv_env_PKG_CONFIG_PATH_value=
ac_cv_env_PKG_CONFIG_set=
ac_cv_env_PKG_CONFIG_value=
ac_cv_env_build_alias_set=
ac_cv_env_build_alias_value=
ac_cv_env_host_alias_set=
ac_cv_env_host_alias_value=
ac_cv_env_target_alias_set=
ac_cv_env_target_alias_value=
ac_cv_header_dlfcn_h=yes
ac_cv_header_inttypes_h=yes
ac_cv_header_linux_if_alg_h=yes
ac_cv_header_linux_types_h=yes
ac_cv_header_memory_h=yes
ac_cv_header_readline_readline_h=yes
ac_cv_header_stdc=yes
ac_cv_header_stdint_h=yes
ac_cv_header_stdlib_h=yes
ac_cv_header_string_h=yes
ac_cv_header_strings_h=yes
ac_cv_header_sys_stat_h=yes
ac_cv_header_sys_types_h=yes
ac_cv_header_unistd_h=yes
ac_cv_host=x86_64-pc-linux-gnu
ac_cv_objext=o
ac_cv_path_EGREP='/bin/grep -E'
ac_cv_path_FGREP='/bin/grep -F'
ac_cv_path_GREP=/bin/grep
ac_cv_path_SED=/bin/sed
ac_cv_path_ac_pt_PKG_CONFIG=/usr/bin/pkg-config
ac_cv_path_install='/usr/bin/install -c'
ac_cv_path_lt_DD=/bin/dd
ac_cv_path_mkdir=/bin/mkdir
ac_cv_prog_AWK=gawk
ac_cv_prog_CPP='/home/ubuntu/afl/afl-gcc -E'
ac_cv_prog_ac_ct_AR=ar
ac_cv_prog_ac_ct_CC=/home/ubuntu/afl/afl-gcc
ac_cv_prog_ac_ct_MANIFEST_TOOL=mt
ac_cv_prog_ac_ct_OBJDUMP=objdump
ac_cv_prog_ac_ct_RANLIB=ranlib
ac_cv_prog_ac_ct_STRIP=strip
ac_cv_prog_cc_c89=
ac_cv_prog_cc_g=yes
ac_cv_prog_cc_pie=yes
ac_cv_prog_make_make_set=yes
am_cv_CC_dependencies_compiler_type=gcc3
am_cv_make_support_nested_variables=yes
am_cv_prog_cc_c_o=yes
am_cv_prog_tar_pax=gnutar
lt_cv_ar_at_file=@
lt_cv_archive_cmds_need_lc=no
lt_cv_deplibs_check_method=pass_all
lt_cv_file_magic_cmd='$MAGIC_CMD'
lt_cv_file_magic_test_file=
lt_cv_ld_reload_flag=-r
lt_cv_nm_interface='BSD nm'
lt_cv_objdir=.libs
lt_cv_path_LD=/usr/bin/ld
lt_cv_path_NM='/usr/bin/nm -B'
lt_cv_path_mainfest_tool=no
lt_cv_prog_compiler_c_o=yes
lt_cv_prog_compiler_pic='-fPIC -DPIC'
lt_cv_prog_compiler_pic_works=yes
lt_cv_prog_compiler_rtti_exceptions=no
lt_cv_prog_compiler_static_works=yes
lt_cv_prog_gnu_ld=yes
lt_cv_sharedlib_from_linklib_cmd='printf %s\n'
lt_cv_shlibpath_overrides_runpath=no
lt_cv_sys_global_symbol_pipe='sed -n -e '\''s/^.*[	 ]\([ABCDGIRSTW][ABCDGIRSTW]*\)[	 ][	 ]*\([_A-Za-z][_A-Za-z0-9]*\)$/\1 \2 \2/p'\'' | sed '\''/ __gnu_lto/d'\'''
lt_cv_sys_global_symbol_to_c_name_address='sed -n -e '\''s/^: \(.*\) .*$/  {"\1", (void *) 0},/p'\'' -e '\''s/^[ABCDGIRSTW][ABCDGIRSTW]* .* \(.*\)$/  {"\1", (void *) \&\1},/p'\'''
lt_cv_sys_global_symbol_to_c_name_address_lib_prefix='sed -n -e '\''s/^: \(.*\) .*$/  {"\1", (void *) 0},/p'\'' -e '\''s/^[ABCDGIRSTW][ABCDGIRSTW]* .* \(lib.*\)$/  {"\1", (void *) \&\1},/p'\'' -e '\''s/^[ABCDGIRSTW][ABCDGIRSTW]* .* \(.*\)$/  {"lib\1", (void *) \&\1},/p'\'''
lt_cv_sys_global_symbol_to_cdecl='sed -n -e '\''s/^T .* \(.*\)$/extern int \1();/p'\'' -e '\''s/^[ABCDGIRSTW][ABCDGIRSTW]* .* \(.*\)$/extern char \1;/p'\'''
lt_cv_sys_global_symbol_to_import=
lt_cv_sys_max_cmd_len=1572864
lt_cv_to_host_file_cmd=func_convert_file_noop
lt_cv_to_tool_file_cmd=func_convert_file_noop
lt_cv_truncate_bin='/bin/dd bs=4096 count=1'

## ----------------- ##
## Output variables. ##
## ----------------- ##

A2X=''
ACLOCAL='${SHELL} /home/ubuntu/Thesis/iwd-gm/build-aux/missing aclocal-1.15'
AMDEPBACKSLASH='\'
AMDEP_FALSE='#'
AMDEP_TRUE=''
AMTAR='$${TAR-tar}'
AM_BACKSLASH='\'
AM_DEFAULT_V='$(AM_DEFAULT_VERBOSITY)'
AM_DEFAULT_VERBOSITY='0'
AM_V='$(V)'
AR='ar'
AUTOCONF='${SHELL} /home/ubuntu/Thesis/iwd-gm/build-aux/missing autoconf'
AUTOHEADER='${SHELL} /home/ubuntu/Thesis/iwd-gm/build-aux/missing autoheader'
AUTOMAKE='${SHELL} /home/ubuntu/Thesis/iwd-gm/build-aux/missing automake-1.15'
AWK='gawk'
BUILD_DOCS_FALSE=''
BUILD_DOCS_TRUE='#'
CC='/home/ubuntu/afl/afl-gcc'
CCDEPMODE='depmode=gcc3'
CFLAGS='-Wall -O2 -fsigned-char -fno-exceptions -U_FORTIFY_SOURCE -D_FORTIFY_SOURCE=2'
CLIENT_FALSE='#'
CLIENT_TRUE=''
CPP='/home/ubuntu/afl/afl-gcc -E'
CPPFLAGS=''
CYGPATH_W='echo'
DAEMON_FALSE='#'
DAEMON_TRUE=''
DBUS_BUSDIR='/usr/share/dbus-1/system-services'
DBUS_DATADIR='/usr/share'
DBUS_POLICY_FALSE='#'
DBUS_POLICY_TRUE=''
DEFS='-DHAVE_CONFIG_H'
DEPDIR='.deps'
DLLTOOL='false'
DSYMUTIL=''
DUMPBIN=''
ECHO_C=''
ECHO_N='-n'
ECHO_T=''
EGREP='/bin/grep -E'
ELL_CFLAGS=''
ELL_LIBS=''
EXEEXT=''
EXTERNAL_ELL_FALSE=''
EXTERNAL_ELL_TRUE='#'
FGREP='/bin/grep -F'
GREP='/bin/grep'
HWSIM_FALSE=''
HWSIM_TRUE='#'
INSTALL_DATA='${INSTALL} -m 644'
INSTALL_PROGRAM='${INSTALL}'
INSTALL_SCRIPT='${INSTALL}'
INSTALL_STRIP_PROGRAM='$(install_sh) -c -s'
LD='/usr/bin/ld -m elf_x86_64'
LDFLAGS=''
LIBOBJS=''
LIBS=''
LIBTOOL='$(SHELL) $(top_builddir)/libtool'
LIPO=''
LN_S='ln -s'
LTLIBOBJS=''
LT_SYS_LIBRARY_PATH=''
MAINT='#'
MAINTAINER_MODE_FALSE=''
MAINTAINER_MODE_TRUE='#'
MAKEINFO='${SHELL} /home/ubuntu/Thesis/iwd-gm/build-aux/missing makeinfo'
MANIFEST_TOOL=':'
MKDIR_P='/bin/mkdir -p'
MONITOR_FALSE='#'
MONITOR_TRUE=''
NM='/usr/bin/nm -B'
NMEDIT=''
OBJDUMP='objdump'
OBJEXT='o'
OFONO_FALSE=''
OFONO_TRUE='#'
OTOOL64=''
OTOOL=''
PACKAGE='iwd'
PACKAGE_BUGREPORT=''
PACKAGE_NAME='iwd'
PACKAGE_STRING='iwd 0.12'
PACKAGE_TARNAME='iwd'
PACKAGE_URL=''
PACKAGE_VERSION='0.12'
PATH_SEPARATOR=':'
PKG_CONFIG='/usr/bin/pkg-config'
PKG_CONFIG_LIBDIR=''
PKG_CONFIG_PATH=''
RANLIB='ranlib'
SED='/bin/sed'
SET_MAKE=''
SHELL='/bin/bash'
SIM_HARDCODED_FALSE=''
SIM_HARDCODED_TRUE='#'
STRIP='strip'
SYSTEMD_SERVICE_FALSE='#'
SYSTEMD_SERVICE_TRUE=''
SYSTEMD_UNITDIR='/lib/systemd/system'
TOOLS_FALSE=''
TOOLS_TRUE='#'
VERSION='0.12'
WIRED_FALSE=''
WIRED_TRUE='#'
ac_ct_AR='ar'
ac_ct_CC='/home/ubuntu/afl/afl-gcc'
ac_ct_DUMPBIN=''
am__EXEEXT_FALSE=''
am__EXEEXT_TRUE='#'
am__fastdepCC_FALSE='#'
am__fastdepCC_TRUE=''
am__include='include'
am__isrc=''
am__leading_dot='.'
am__nodep='_no'
am__quote=''
am__tar='tar --format=posix -chf - "$$tardir"'
am__untar='tar -xf -'
bindir='${exec_prefix}/bin'
build='x86_64-pc-linux-gnu'
build_alias=''
build_cpu='x86_64'
build_os='linux-gnu'
build_vendor='pc'
datadir='${datarootdir}'
datarootdir='${prefix}/share'
docdir='${datarootdir}/doc/${PACKAGE_TARNAME}'
dvidir='${docdir}'
exec_prefix='${prefix}'
host='x86_64-pc-linux-gnu'
host_alias=''
host_cpu='x86_64'
host_os='linux-gnu'
host_vendor='pc'
htmldir='${docdir}'
includedir='${prefix}/include'
infodir='${datarootdir}/info'
install_sh='${SHELL} /home/ubuntu/Thesis/iwd-gm/build-aux/install-sh'
libdir='${exec_prefix}/lib'
libexecdir='${exec_prefix}/libexec'
localedir='${datarootdir}/locale'
localstatedir='/var'
mandir='${datarootdir}/man'
mkdir_p='$(MKDIR_P)'
oldincludedir='/usr/include'
pdfdir='${docdir}'
prefix='/usr/local'
program_transform_name='s,x,x,'
psdir='${docdir}'
runstatedir='${localstatedir}/run'
sbindir='${exec_prefix}/sbin'
sharedstatedir='${prefix}/com'
sysconfdir='${prefix}/etc'
target_alias=''

## ----------- ##
## confdefs.h. ##
## ----------- ##

/* confdefs.h */
#define PACKAGE_NAME "iwd"
#define PACKAGE_TARNAME "iwd"
#define PACKAGE_VERSION "0.12"
#define PACKAGE_STRING "iwd 0.12"
#define PACKAGE_BUGREPORT ""
#define PACKAGE_URL ""
#define PACKAGE "iwd"
#define VERSION "0.12"
#define STDC_HEADERS 1
#define HAVE_SYS_TYPES_H 1
#define HAVE_SYS_STAT_H 1
#define HAVE_STDLIB_H 1
#define HAVE_STRING_H 1
#define HAVE_MEMORY_H 1
#define HAVE_STRINGS_H 1
#define HAVE_INTTYPES_H 1
#define HAVE_STDINT_H 1
#define HAVE_UNISTD_H 1
#define HAVE_DLFCN_H 1
#define LT_OBJDIR ".libs/"
#define DAEMON_STORAGEDIR "/var/lib/iwd"
#define DAEMON_CONFIGDIR "/etc/iwd"
#define WIRED_STORAGEDIR "/var/lib/ead"
#define HAVE_LINUX_TYPES_H 1
#define HAVE_LINUX_IF_ALG_H 1
#define HAVE_READLINE_READLINE_H 1

configure: exit 0
