This is pdfTeX, Version 3.14159265-2.6-1.40.19 (MiKTeX 2.9.6840) (preloaded format=pdflatex 2018.10.16)  12 DEC 2018 14:23
entering extended mode
**"/Users/grazianomarallo/Dropbox/KU Leuven/Thesis/SlideShow/presentation.tex"
("/Users/grazianomarallo/Dropbox/KU Leuven/Thesis/SlideShow/presentation.tex"
LaTeX2e <2018-04-01> patch level 5

("/Users/grazianomarallo/Library/Application Support/MiKTeX/texmfs/install/tex/
latex/beamer/beamer.cls"
Document Class: beamer 2018/09/20 v3.54 A class for typesetting presentations

("/Users/grazianomarallo/Library/Application Support/MiKTeX/texmfs/install/tex/
latex/beamer/beamerbasemodes.sty"
("/Users/grazianomarallo/Library/Application Support/MiKTeX/texmfs/install/tex/
latex/etoolbox/etoolbox.sty"
Package: etoolbox 2018/08/19 v2.5f e-TeX tools for LaTeX (JAW)
\etb@tempcnta=\count80
)
\beamer@tempbox=\box26
\beamer@tempcount=\count81
\c@beamerpauses=\count82

("/Users/grazianomarallo/Library/Application Support/MiKTeX/texmfs/install/tex/
latex/beamer/beamerbasedecode.sty"
\beamer@slideinframe=\count83
\beamer@minimum=\count84
)
\beamer@commentbox=\box27
\beamer@modecount=\count85
)
("/Users/grazianomarallo/Library/Application Support/MiKTeX/texmfs/install/tex/
generic/oberdiek/ifpdf.sty"
Package: ifpdf 2018/09/07 v3.3 Provides the ifpdf switch
)
\headdp=\dimen102
\footheight=\dimen103
\sidebarheight=\dimen104
\beamer@tempdim=\dimen105
\beamer@finalheight=\dimen106
\beamer@animht=\dimen107
\beamer@animdp=\dimen108
\beamer@animwd=\dimen109
\beamer@leftmargin=\dimen110
\beamer@rightmargin=\dimen111
\beamer@leftsidebar=\dimen112
\beamer@rightsidebar=\dimen113
\beamer@boxsize=\dimen114
\beamer@vboxoffset=\dimen115
\beamer@descdefault=\dimen116
\beamer@descriptionwidth=\dimen117
\beamer@lastskip=\skip41
\beamer@areabox=\box28
\beamer@animcurrent=\box29
\beamer@animshowbox=\box30
\beamer@sectionbox=\box31
\beamer@logobox=\box32
\beamer@linebox=\box33
\beamer@sectioncount=\count86
\beamer@subsubsectionmax=\count87
\beamer@subsectionmax=\count88
\beamer@sectionmax=\count89
\beamer@totalheads=\count90
\beamer@headcounter=\count91
\beamer@partstartpage=\count92
\beamer@sectionstartpage=\count93
\beamer@subsectionstartpage=\count94
\beamer@animationtempa=\count95
\beamer@animationtempb=\count96
\beamer@xpos=\count97
\beamer@ypos=\count98
\beamer@ypos@offset=\count99
\beamer@showpartnumber=\count100
\beamer@currentsubsection=\count101
\beamer@coveringdepth=\count102
\beamer@sectionadjust=\count103
\beamer@tocsectionnumber=\count104

("/Users/grazianomarallo/Library/Application Support/MiKTeX/texmfs/install/tex/
latex/beamer/beamerbaseoptions.sty"
("/Users/grazianomarallo/Library/Application Support/MiKTeX/texmfs/install/tex/
latex/graphics/keyval.sty"
Package: keyval 2014/10/28 v1.15 key=value parser (DPC)
\KV@toks@=\toks14
))
\beamer@paperwidth=\skip42
\beamer@paperheight=\skip43

("/Users/grazianomarallo/Library/Application Support/MiKTeX/texmfs/install/tex/
latex/geometry/geometry.sty"
Package: geometry 2018/04/16 v5.8 Page Geometry

("/Users/grazianomarallo/Library/Application Support/MiKTeX/texmfs/install/tex/
generic/oberdiek/ifvtex.sty"
Package: ifvtex 2016/05/16 v1.6 Detect VTeX and its facilities (HO)
Package ifvtex Info: VTeX not detected.
)
("/Users/grazianomarallo/Library/Application Support/MiKTeX/texmfs/install/tex/
generic/ifxetex/ifxetex.sty"
Package: ifxetex 2010/09/12 v0.6 Provides ifxetex conditional
)
\Gm@cnth=\count105
\Gm@cntv=\count106
\c@Gm@tempcnt=\count107
\Gm@bindingoffset=\dimen118
\Gm@wd@mp=\dimen119
\Gm@odd@mp=\dimen120
\Gm@even@mp=\dimen121
\Gm@layoutwidth=\dimen122
\Gm@layoutheight=\dimen123
\Gm@layouthoffset=\dimen124
\Gm@layoutvoffset=\dimen125
\Gm@dimlist=\toks15

("/Users/grazianomarallo/Library/Application Support/MiKTeX/texmfs/install/tex/
latex/geometry/geometry.cfg"))
("/Users/grazianomarallo/Library/Application Support/MiKTeX/texmfs/install/tex/
latex/base/size11.clo"
File: size11.clo 2014/09/29 v1.4h Standard LaTeX file (size option)
)
("/Users/grazianomarallo/Library/Application Support/MiKTeX/texmfs/install/tex/
latex/pgf/basiclayer/pgfcore.sty"
("/Users/grazianomarallo/Library/Application Support/MiKTeX/texmfs/install/tex/
latex/graphics/graphicx.sty"
Package: graphicx 2017/06/01 v1.1a Enhanced LaTeX Graphics (DPC,SPQR)

("/Users/grazianomarallo/Library/Application Support/MiKTeX/texmfs/install/tex/
latex/graphics/graphics.sty"
Package: graphics 2017/06/25 v1.2c Standard LaTeX Graphics (DPC,SPQR)

("/Users/grazianomarallo/Library/Application Support/MiKTeX/texmfs/install/tex/
latex/graphics/trig.sty"
Package: trig 2016/01/03 v1.10 sin cos tan (DPC)
)
("/Users/grazianomarallo/Library/Application Support/MiKTeX/texmfs/install/tex/
latex/graphics-cfg/graphics.cfg"
File: graphics.cfg 2016/06/04 v1.11 sample graphics configuration
)
Package graphics Info: Driver file: pdftex.def on input line 99.

("/Users/grazianomarallo/Library/Application Support/MiKTeX/texmfs/install/tex/
latex/graphics-def/pdftex.def"
File: pdftex.def 2018/01/08 v1.0l Graphics/color driver for pdftex
))
\Gin@req@height=\dimen126
\Gin@req@width=\dimen127
)
("/Users/grazianomarallo/Library/Application Support/MiKTeX/texmfs/install/tex/
latex/pgf/systemlayer/pgfsys.sty"
("/Users/grazianomarallo/Library/Application Support/MiKTeX/texmfs/install/tex/
latex/pgf/utilities/pgfrcs.sty"
("/Users/grazianomarallo/Library/Application Support/MiKTeX/texmfs/install/tex/
generic/pgf/utilities/pgfutil-common.tex"
\pgfutil@everybye=\toks16
\pgfutil@tempdima=\dimen128
\pgfutil@tempdimb=\dimen129

("/Users/grazianomarallo/Library/Application Support/MiKTeX/texmfs/install/tex/
generic/pgf/utilities/pgfutil-common-lists.tex"))
("/Users/grazianomarallo/Library/Application Support/MiKTeX/texmfs/install/tex/
generic/pgf/utilities/pgfutil-latex.def"
\pgfutil@abb=\box34

("/Users/grazianomarallo/Library/Application Support/MiKTeX/texmfs/install/tex/
latex/ms/everyshi.sty"
Package: everyshi 2001/05/15 v3.00 EveryShipout Package (MS)
))
("/Users/grazianomarallo/Library/Application Support/MiKTeX/texmfs/install/tex/
generic/pgf/utilities/pgfrcs.code.tex"
Package: pgfrcs 2015/08/07 v3.0.1a (rcs-revision 1.31)
))
("/Users/grazianomarallo/Library/Application Support/MiKTeX/texmfs/install/tex/
generic/pgf/systemlayer/pgfsys.code.tex"
Package: pgfsys 2014/07/09 v3.0.1a (rcs-revision 1.48)

("/Users/grazianomarallo/Library/Application Support/MiKTeX/texmfs/install/tex/
generic/pgf/utilities/pgfkeys.code.tex"
\pgfkeys@pathtoks=\toks17
\pgfkeys@temptoks=\toks18

("/Users/grazianomarallo/Library/Application Support/MiKTeX/texmfs/install/tex/
generic/pgf/utilities/pgfkeysfiltered.code.tex"
\pgfkeys@tmptoks=\toks19
))
\pgf@x=\dimen130
\pgf@y=\dimen131
\pgf@xa=\dimen132
\pgf@ya=\dimen133
\pgf@xb=\dimen134
\pgf@yb=\dimen135
\pgf@xc=\dimen136
\pgf@yc=\dimen137
\w@pgf@writea=\write3
\r@pgf@reada=\read1
\c@pgf@counta=\count108
\c@pgf@countb=\count109
\c@pgf@countc=\count110
\c@pgf@countd=\count111
\t@pgf@toka=\toks20
\t@pgf@tokb=\toks21
\t@pgf@tokc=\toks22

("/Users/grazianomarallo/Library/Application Support/MiKTeX/texmfs/install/tex/
generic/pgf/systemlayer/pgf.cfg"
File: pgf.cfg 2008/05/14  (rcs-revision 1.7)
)
Driver file for pgf: pgfsys-pdftex.def

("/Users/grazianomarallo/Library/Application Support/MiKTeX/texmfs/install/tex/
generic/pgf/systemlayer/pgfsys-pdftex.def"
File: pgfsys-pdftex.def 2014/10/11  (rcs-revision 1.35)

("/Users/grazianomarallo/Library/Application Support/MiKTeX/texmfs/install/tex/
generic/pgf/systemlayer/pgfsys-common-pdf.def"
File: pgfsys-common-pdf.def 2013/10/10  (rcs-revision 1.13)
)))
("/Users/grazianomarallo/Library/Application Support/MiKTeX/texmfs/install/tex/
generic/pgf/systemlayer/pgfsyssoftpath.code.tex"
File: pgfsyssoftpath.code.tex 2013/09/09  (rcs-revision 1.9)
\pgfsyssoftpath@smallbuffer@items=\count112
\pgfsyssoftpath@bigbuffer@items=\count113
)
("/Users/grazianomarallo/Library/Application Support/MiKTeX/texmfs/install/tex/
generic/pgf/systemlayer/pgfsysprotocol.code.tex"
File: pgfsysprotocol.code.tex 2006/10/16  (rcs-revision 1.4)
))
("/Users/grazianomarallo/Library/Application Support/MiKTeX/texmfs/install/tex/
latex/xcolor/xcolor.sty"
Package: xcolor 2016/05/11 v2.12 LaTeX color extensions (UK)

("/Users/grazianomarallo/Library/Application Support/MiKTeX/texmfs/install/tex/
latex/graphics-cfg/color.cfg"
File: color.cfg 2016/01/02 v1.6 sample color configuration
)
Package xcolor Info: Driver file: pdftex.def on input line 225.
Package xcolor Info: Model `cmy' substituted by `cmy0' on input line 1348.
Package xcolor Info: Model `hsb' substituted by `rgb' on input line 1352.
Package xcolor Info: Model `RGB' extended on input line 1364.
Package xcolor Info: Model `HTML' substituted by `rgb' on input line 1366.
Package xcolor Info: Model `Hsb' substituted by `hsb' on input line 1367.
Package xcolor Info: Model `tHsb' substituted by `hsb' on input line 1368.
Package xcolor Info: Model `HSB' substituted by `hsb' on input line 1369.
Package xcolor Info: Model `Gray' substituted by `gray' on input line 1370.
Package xcolor Info: Model `wave' substituted by `hsb' on input line 1371.
)
("/Users/grazianomarallo/Library/Application Support/MiKTeX/texmfs/install/tex/
generic/pgf/basiclayer/pgfcore.code.tex"
Package: pgfcore 2010/04/11 v3.0.1a (rcs-revision 1.7)

("/Users/grazianomarallo/Library/Application Support/MiKTeX/texmfs/install/tex/
generic/pgf/math/pgfmath.code.tex"
("/Users/grazianomarallo/Library/Application Support/MiKTeX/texmfs/install/tex/
generic/pgf/math/pgfmathcalc.code.tex"
("/Users/grazianomarallo/Library/Application Support/MiKTeX/texmfs/install/tex/
generic/pgf/math/pgfmathutil.code.tex")
("/Users/grazianomarallo/Library/Application Support/MiKTeX/texmfs/install/tex/
generic/pgf/math/pgfmathparser.code.tex"
\pgfmath@dimen=\dimen138
\pgfmath@count=\count114
\pgfmath@box=\box35
\pgfmath@toks=\toks23
\pgfmath@stack@operand=\toks24
\pgfmath@stack@operation=\toks25
)
("/Users/grazianomarallo/Library/Application Support/MiKTeX/texmfs/install/tex/
generic/pgf/math/pgfmathfunctions.code.tex"
("/Users/grazianomarallo/Library/Application Support/MiKTeX/texmfs/install/tex/
generic/pgf/math/pgfmathfunctions.basic.code.tex")
("/Users/grazianomarallo/Library/Application Support/MiKTeX/texmfs/install/tex/
generic/pgf/math/pgfmathfunctions.trigonometric.code.tex")
("/Users/grazianomarallo/Library/Application Support/MiKTeX/texmfs/install/tex/
generic/pgf/math/pgfmathfunctions.random.code.tex")
("/Users/grazianomarallo/Library/Application Support/MiKTeX/texmfs/install/tex/
generic/pgf/math/pgfmathfunctions.comparison.code.tex")
("/Users/grazianomarallo/Library/Application Support/MiKTeX/texmfs/install/tex/
generic/pgf/math/pgfmathfunctions.base.code.tex")
("/Users/grazianomarallo/Library/Application Support/MiKTeX/texmfs/install/tex/
generic/pgf/math/pgfmathfunctions.round.code.tex")
("/Users/grazianomarallo/Library/Application Support/MiKTeX/texmfs/install/tex/
generic/pgf/math/pgfmathfunctions.misc.code.tex")
("/Users/grazianomarallo/Library/Application Support/MiKTeX/texmfs/install/tex/
generic/pgf/math/pgfmathfunctions.integerarithmetics.code.tex")))
("/Users/grazianomarallo/Library/Application Support/MiKTeX/texmfs/install/tex/
generic/pgf/math/pgfmathfloat.code.tex"
\c@pgfmathroundto@lastzeros=\count115
))
("/Users/grazianomarallo/Library/Application Support/MiKTeX/texmfs/install/tex/
generic/pgf/basiclayer/pgfcorepoints.code.tex"
File: pgfcorepoints.code.tex 2013/10/07  (rcs-revision 1.27)
\pgf@picminx=\dimen139
\pgf@picmaxx=\dimen140
\pgf@picminy=\dimen141
\pgf@picmaxy=\dimen142
\pgf@pathminx=\dimen143
\pgf@pathmaxx=\dimen144
\pgf@pathminy=\dimen145
\pgf@pathmaxy=\dimen146
\pgf@xx=\dimen147
\pgf@xy=\dimen148
\pgf@yx=\dimen149
\pgf@yy=\dimen150
\pgf@zx=\dimen151
\pgf@zy=\dimen152
)
("/Users/grazianomarallo/Library/Application Support/MiKTeX/texmfs/install/tex/
generic/pgf/basiclayer/pgfcorepathconstruct.code.tex"
File: pgfcorepathconstruct.code.tex 2013/10/07  (rcs-revision 1.29)
\pgf@path@lastx=\dimen153
\pgf@path@lasty=\dimen154
)
("/Users/grazianomarallo/Library/Application Support/MiKTeX/texmfs/install/tex/
generic/pgf/basiclayer/pgfcorepathusage.code.tex"
File: pgfcorepathusage.code.tex 2014/11/02  (rcs-revision 1.24)
\pgf@shorten@end@additional=\dimen155
\pgf@shorten@start@additional=\dimen156
)
("/Users/grazianomarallo/Library/Application Support/MiKTeX/texmfs/install/tex/
generic/pgf/basiclayer/pgfcorescopes.code.tex"
File: pgfcorescopes.code.tex 2015/05/08  (rcs-revision 1.46)
\pgfpic=\box36
\pgf@hbox=\box37
\pgf@layerbox@main=\box38
\pgf@picture@serial@count=\count116
)
("/Users/grazianomarallo/Library/Application Support/MiKTeX/texmfs/install/tex/
generic/pgf/basiclayer/pgfcoregraphicstate.code.tex"
File: pgfcoregraphicstate.code.tex 2014/11/02  (rcs-revision 1.12)
\pgflinewidth=\dimen157
)
("/Users/grazianomarallo/Library/Application Support/MiKTeX/texmfs/install/tex/
generic/pgf/basiclayer/pgfcoretransformations.code.tex"
File: pgfcoretransformations.code.tex 2015/08/07  (rcs-revision 1.20)
\pgf@pt@x=\dimen158
\pgf@pt@y=\dimen159
\pgf@pt@temp=\dimen160
)
("/Users/grazianomarallo/Library/Application Support/MiKTeX/texmfs/install/tex/
generic/pgf/basiclayer/pgfcorequick.code.tex"
File: pgfcorequick.code.tex 2008/10/09  (rcs-revision 1.3)
)
("/Users/grazianomarallo/Library/Application Support/MiKTeX/texmfs/install/tex/
generic/pgf/basiclayer/pgfcoreobjects.code.tex"
File: pgfcoreobjects.code.tex 2006/10/11  (rcs-revision 1.2)
)
("/Users/grazianomarallo/Library/Application Support/MiKTeX/texmfs/install/tex/
generic/pgf/basiclayer/pgfcorepathprocessing.code.tex"
File: pgfcorepathprocessing.code.tex 2013/09/09  (rcs-revision 1.9)
)
("/Users/grazianomarallo/Library/Application Support/MiKTeX/texmfs/install/tex/
generic/pgf/basiclayer/pgfcorearrows.code.tex"
File: pgfcorearrows.code.tex 2015/05/14  (rcs-revision 1.43)
\pgfarrowsep=\dimen161
)
("/Users/grazianomarallo/Library/Application Support/MiKTeX/texmfs/install/tex/
generic/pgf/basiclayer/pgfcoreshade.code.tex"
File: pgfcoreshade.code.tex 2013/07/15  (rcs-revision 1.15)
\pgf@max=\dimen162
\pgf@sys@shading@range@num=\count117
)
("/Users/grazianomarallo/Library/Application Support/MiKTeX/texmfs/install/tex/
generic/pgf/basiclayer/pgfcoreimage.code.tex"
File: pgfcoreimage.code.tex 2013/07/15  (rcs-revision 1.18)

("/Users/grazianomarallo/Library/Application Support/MiKTeX/texmfs/install/tex/
generic/pgf/basiclayer/pgfcoreexternal.code.tex"
File: pgfcoreexternal.code.tex 2014/07/09  (rcs-revision 1.21)
\pgfexternal@startupbox=\box39
))
("/Users/grazianomarallo/Library/Application Support/MiKTeX/texmfs/install/tex/
generic/pgf/basiclayer/pgfcorelayers.code.tex"
File: pgfcorelayers.code.tex 2013/07/18  (rcs-revision 1.7)
)
("/Users/grazianomarallo/Library/Application Support/MiKTeX/texmfs/install/tex/
generic/pgf/basiclayer/pgfcoretransparency.code.tex"
File: pgfcoretransparency.code.tex 2013/09/30  (rcs-revision 1.5)
)
("/Users/grazianomarallo/Library/Application Support/MiKTeX/texmfs/install/tex/
generic/pgf/basiclayer/pgfcorepatterns.code.tex"
File: pgfcorepatterns.code.tex 2013/11/07  (rcs-revision 1.5)
)))
("/Users/grazianomarallo/Library/Application Support/MiKTeX/texmfs/install/tex/
latex/pgf/utilities/xxcolor.sty"
Package: xxcolor 2003/10/24 ver 0.1
\XC@nummixins=\count118
\XC@countmixins=\count119
)
("/Users/grazianomarallo/Library/Application Support/MiKTeX/texmfs/install/tex/
generic/oberdiek/atbegshi.sty"
Package: atbegshi 2016/06/09 v1.18 At begin shipout hook (HO)

("/Users/grazianomarallo/Library/Application Support/MiKTeX/texmfs/install/tex/
generic/oberdiek/infwarerr.sty"
Package: infwarerr 2016/05/16 v1.4 Providing info/warning/error messages (HO)
)
("/Users/grazianomarallo/Library/Application Support/MiKTeX/texmfs/install/tex/
generic/oberdiek/ltxcmds.sty"
Package: ltxcmds 2016/05/16 v1.23 LaTeX kernel commands for general use (HO)
))
("/Users/grazianomarallo/Library/Application Support/MiKTeX/texmfs/install/tex/
latex/hyperref/hyperref.sty"
Package: hyperref 2018/09/30 v6.88a Hypertext links for LaTeX

("/Users/grazianomarallo/Library/Application Support/MiKTeX/texmfs/install/tex/
generic/oberdiek/hobsub-hyperref.sty"
Package: hobsub-hyperref 2016/05/16 v1.14 Bundle oberdiek, subset hyperref (HO)


("/Users/grazianomarallo/Library/Application Support/MiKTeX/texmfs/install/tex/
generic/oberdiek/hobsub-generic.sty"
Package: hobsub-generic 2016/05/16 v1.14 Bundle oberdiek, subset generic (HO)
Package: hobsub 2016/05/16 v1.14 Construct package bundles (HO)
Package hobsub Info: Skipping package `infwarerr' (already loaded).
Package hobsub Info: Skipping package `ltxcmds' (already loaded).
Package: ifluatex 2016/05/16 v1.4 Provides the ifluatex switch (HO)
Package ifluatex Info: LuaTeX not detected.
Package hobsub Info: Skipping package `ifvtex' (already loaded).
Package: intcalc 2016/05/16 v1.2 Expandable calculations with integers (HO)
Package hobsub Info: Skipping package `ifpdf' (already loaded).
Package: etexcmds 2016/05/16 v1.6 Avoid name clashes with e-TeX commands (HO)
Package etexcmds Info: Could not find \expanded.
(etexcmds)             That can mean that you are not using pdfTeX 1.50 or
(etexcmds)             that some package has redefined \expanded.
(etexcmds)             In the latter case, load this package earlier.
Package: kvsetkeys 2016/05/16 v1.17 Key value parser (HO)
Package: kvdefinekeys 2016/05/16 v1.4 Define keys (HO)
Package: pdftexcmds 2018/09/10 v0.29 Utility functions of pdfTeX for LuaTeX (HO
)
Package pdftexcmds Info: LuaTeX not detected.
Package pdftexcmds Info: \pdf@primitive is available.
Package pdftexcmds Info: \pdf@ifprimitive is available.
Package pdftexcmds Info: \pdfdraftmode found.
Package: pdfescape 2016/05/16 v1.14 Implements pdfTeX's escape features (HO)
Package: bigintcalc 2016/05/16 v1.4 Expandable calculations on big integers (HO
)
Package: bitset 2016/05/16 v1.2 Handle bit-vector datatype (HO)
Package: uniquecounter 2016/05/16 v1.3 Provide unlimited unique counter (HO)
)
Package hobsub Info: Skipping package `hobsub' (already loaded).
Package: letltxmacro 2016/05/16 v1.5 Let assignment for LaTeX macros (HO)
Package: hopatch 2016/05/16 v1.3 Wrapper for package hooks (HO)
Package: xcolor-patch 2016/05/16 xcolor patch
Package: atveryend 2016/05/16 v1.9 Hooks at the very end of document (HO)
Package hobsub Info: Skipping package `atbegshi' (already loaded).
Package: refcount 2016/05/16 v3.5 Data extraction from label references (HO)
Package: hycolor 2016/05/16 v1.8 Color options for hyperref/bookmark (HO)
)
("/Users/grazianomarallo/Library/Application Support/MiKTeX/texmfs/install/tex/
latex/oberdiek/auxhook.sty"
Package: auxhook 2016/05/16 v1.4 Hooks for auxiliary files (HO)
)
("/Users/grazianomarallo/Library/Application Support/MiKTeX/texmfs/install/tex/
latex/oberdiek/kvoptions.sty"
Package: kvoptions 2016/05/16 v3.12 Key value format for package options (HO)
)
\@linkdim=\dimen163
\Hy@linkcounter=\count120
\Hy@pagecounter=\count121

("/Users/grazianomarallo/Library/Application Support/MiKTeX/texmfs/install/tex/
latex/hyperref/pd1enc.def"
File: pd1enc.def 2018/09/30 v6.88a Hyperref: PDFDocEncoding definition (HO)
Now handling font encoding PD1 ...
... no UTF-8 mapping file for font encoding PD1
)
\Hy@SavedSpaceFactor=\count122

("/Users/grazianomarallo/Library/Application Support/MiKTeX/texmfs/install/tex/
latex/00miktex/hyperref.cfg"
File: hyperref.cfg 2002/06/06 v1.2 hyperref configuration of TeXLive
)
Package hyperref Info: Option `bookmarks' set `true' on input line 4409.
Package hyperref Info: Option `bookmarksopen' set `true' on input line 4409.
Package hyperref Info: Option `implicit' set `false' on input line 4409.
Package hyperref Info: Hyper figures OFF on input line 4535.
Package hyperref Info: Link nesting OFF on input line 4540.
Package hyperref Info: Hyper index ON on input line 4543.
Package hyperref Info: Plain pages OFF on input line 4550.
Package hyperref Info: Backreferencing OFF on input line 4555.
Package hyperref Info: Implicit mode OFF; no redefinition of LaTeX internals.
Package hyperref Info: Bookmarks ON on input line 4788.
\c@Hy@tempcnt=\count123

("/Users/grazianomarallo/Library/Application Support/MiKTeX/texmfs/install/tex/
latex/url/url.sty"
\Urlmuskip=\muskip10
Package: url 2013/09/16  ver 3.4  Verb mode for urls, etc.
)
LaTeX Info: Redefining \url on input line 5141.
\XeTeXLinkMargin=\dimen164
\Fld@menulength=\count124
\Field@Width=\dimen165
\Fld@charsize=\dimen166
Package hyperref Info: Hyper figures OFF on input line 6396.
Package hyperref Info: Link nesting OFF on input line 6401.
Package hyperref Info: Hyper index ON on input line 6404.
Package hyperref Info: backreferencing OFF on input line 6411.
Package hyperref Info: Link coloring OFF on input line 6416.
Package hyperref Info: Link coloring with OCG OFF on input line 6421.
Package hyperref Info: PDF/A mode OFF on input line 6426.
LaTeX Info: Redefining \ref on input line 6466.
LaTeX Info: Redefining \pageref on input line 6470.
\Hy@abspage=\count125


Package hyperref Message: Stopped early.

)
Package hyperref Info: Driver (autodetected): hpdftex.

("/Users/grazianomarallo/Library/Application Support/MiKTeX/texmfs/install/tex/
latex/hyperref/hpdftex.def"
File: hpdftex.def 2018/09/30 v6.88a Hyperref driver for pdfTeX
\Fld@listcount=\count126
\c@bookmark@seq@number=\count127

("/Users/grazianomarallo/Library/Application Support/MiKTeX/texmfs/install/tex/
latex/oberdiek/rerunfilecheck.sty"
Package: rerunfilecheck 2016/05/16 v1.8 Rerun checks for auxiliary files (HO)
Package uniquecounter Info: New unique counter `rerunfilecheck' on input line 2
82.
))
("/Users/grazianomarallo/Library/Application Support/MiKTeX/texmfs/install/tex/
latex/beamer/beamerbaserequires.sty"
("/Users/grazianomarallo/Library/Application Support/MiKTeX/texmfs/install/tex/
latex/beamer/beamerbasecompatibility.sty")
("/Users/grazianomarallo/Library/Application Support/MiKTeX/texmfs/install/tex/
latex/beamer/beamerbasefont.sty"
("/Users/grazianomarallo/Library/Application Support/MiKTeX/texmfs/install/tex/
latex/amsfonts/amssymb.sty"
Package: amssymb 2013/01/14 v3.01 AMS font symbols

("/Users/grazianomarallo/Library/Application Support/MiKTeX/texmfs/install/tex/
latex/amsfonts/amsfonts.sty"
Package: amsfonts 2013/01/14 v3.01 Basic AMSFonts support
\@emptytoks=\toks26
\symAMSa=\mathgroup4
\symAMSb=\mathgroup5
LaTeX Font Info:    Overwriting math alphabet `\mathfrak' in version `bold'
(Font)                  U/euf/m/n --> U/euf/b/n on input line 106.
))
("/Users/grazianomarallo/Library/Application Support/MiKTeX/texmfs/install/tex/
latex/sansmathaccent/sansmathaccent.sty"
Package: sansmathaccent 2013/03/28

("/Users/grazianomarallo/Library/Application Support/MiKTeX/texmfs/install/tex/
latex/filehook/filehook.sty"
Package: filehook 2011/10/12 v0.5d Hooks for input files
)))
("/Users/grazianomarallo/Library/Application Support/MiKTeX/texmfs/install/tex/
latex/beamer/beamerbasetranslator.sty"
("/Users/grazianomarallo/Library/Application Support/MiKTeX/texmfs/install/tex/
latex/translator/translator.sty"
Package: translator 2018/01/04 v1.12 Easy translation of strings in LaTeX
))
("/Users/grazianomarallo/Library/Application Support/MiKTeX/texmfs/install/tex/
latex/beamer/beamerbasemisc.sty")
("/Users/grazianomarallo/Library/Application Support/MiKTeX/texmfs/install/tex/
latex/beamer/beamerbasetwoscreens.sty")
("/Users/grazianomarallo/Library/Application Support/MiKTeX/texmfs/install/tex/
latex/beamer/beamerbaseoverlay.sty"
\beamer@argscount=\count128
\beamer@lastskipcover=\skip44
\beamer@trivlistdepth=\count129
)
("/Users/grazianomarallo/Library/Application Support/MiKTeX/texmfs/install/tex/
latex/beamer/beamerbasetitle.sty")
("/Users/grazianomarallo/Library/Application Support/MiKTeX/texmfs/install/tex/
latex/beamer/beamerbasesection.sty"
\c@lecture=\count130
\c@part=\count131
\c@section=\count132
\c@subsection=\count133
\c@subsubsection=\count134
)
("/Users/grazianomarallo/Library/Application Support/MiKTeX/texmfs/install/tex/
latex/beamer/beamerbaseframe.sty"
\beamer@framebox=\box40
\beamer@frametitlebox=\box41
\beamer@zoombox=\box42
\beamer@zoomcount=\count135
\beamer@zoomframecount=\count136
\beamer@frametextheight=\dimen167
\c@subsectionslide=\count137
\beamer@frametopskip=\skip45
\beamer@framebottomskip=\skip46
\beamer@frametopskipautobreak=\skip47
\beamer@framebottomskipautobreak=\skip48
\beamer@envbody=\toks27
\framewidth=\dimen168
\c@framenumber=\count138
)
("/Users/grazianomarallo/Library/Application Support/MiKTeX/texmfs/install/tex/
latex/beamer/beamerbaseverbatim.sty"
\beamer@verbatimfileout=\write4
)
("/Users/grazianomarallo/Library/Application Support/MiKTeX/texmfs/install/tex/
latex/beamer/beamerbaseframesize.sty"
\beamer@splitbox=\box43
\beamer@autobreakcount=\count139
\beamer@autobreaklastheight=\dimen169
\beamer@frametitletoks=\toks28
\beamer@framesubtitletoks=\toks29
)
("/Users/grazianomarallo/Library/Application Support/MiKTeX/texmfs/install/tex/
latex/beamer/beamerbaseframecomponents.sty"
\beamer@footins=\box44
)
("/Users/grazianomarallo/Library/Application Support/MiKTeX/texmfs/install/tex/
latex/beamer/beamerbasecolor.sty")
("/Users/grazianomarallo/Library/Application Support/MiKTeX/texmfs/install/tex/
latex/beamer/beamerbasenotes.sty"
\beamer@frameboxcopy=\box45
)
("/Users/grazianomarallo/Library/Application Support/MiKTeX/texmfs/install/tex/
latex/beamer/beamerbasetoc.sty")
("/Users/grazianomarallo/Library/Application Support/MiKTeX/texmfs/install/tex/
latex/beamer/beamerbasetemplates.sty"
\beamer@sbttoks=\toks30

("/Users/grazianomarallo/Library/Application Support/MiKTeX/texmfs/install/tex/
latex/beamer/beamerbaseauxtemplates.sty"
("/Users/grazianomarallo/Library/Application Support/MiKTeX/texmfs/install/tex/
latex/beamer/beamerbaseboxes.sty"
\bmb@box=\box46
\bmb@colorbox=\box47
\bmb@boxshadow=\box48
\bmb@boxshadowball=\box49
\bmb@boxshadowballlarge=\box50
\bmb@temp=\dimen170
\bmb@dima=\dimen171
\bmb@dimb=\dimen172
\bmb@prevheight=\dimen173
)
\beamer@blockheadheight=\dimen174
))
("/Users/grazianomarallo/Library/Application Support/MiKTeX/texmfs/install/tex/
latex/beamer/beamerbaselocalstructure.sty"
("/Users/grazianomarallo/Library/Application Support/MiKTeX/texmfs/install/tex/
latex/tools/enumerate.sty"
Package: enumerate 2015/07/23 v3.00 enumerate extensions (DPC)
\@enLab=\toks31
)
\c@figure=\count140
\c@table=\count141
\abovecaptionskip=\skip49
\belowcaptionskip=\skip50
)
("/Users/grazianomarallo/Library/Application Support/MiKTeX/texmfs/install/tex/
latex/beamer/beamerbasenavigation.sty"
\beamer@section@min@dim=\dimen175
)
("/Users/grazianomarallo/Library/Application Support/MiKTeX/texmfs/install/tex/
latex/beamer/beamerbasetheorems.sty"
("/Users/grazianomarallo/Library/Application Support/MiKTeX/texmfs/install/tex/
latex/amsmath/amsmath.sty"
Package: amsmath 2017/09/02 v2.17a AMS math features
\@mathmargin=\skip51

For additional information on amsmath, use the `?' option.

("/Users/grazianomarallo/Library/Application Support/MiKTeX/texmfs/install/tex/
latex/amsmath/amstext.sty"
Package: amstext 2000/06/29 v2.01 AMS text

("/Users/grazianomarallo/Library/Application Support/MiKTeX/texmfs/install/tex/
latex/amsmath/amsgen.sty"
File: amsgen.sty 1999/11/30 v2.0 generic functions
\@emptytoks=\toks32
\ex@=\dimen176
))
("/Users/grazianomarallo/Library/Application Support/MiKTeX/texmfs/install/tex/
latex/amsmath/amsbsy.sty"
Package: amsbsy 1999/11/29 v1.2d Bold Symbols
\pmbraise@=\dimen177
)
("/Users/grazianomarallo/Library/Application Support/MiKTeX/texmfs/install/tex/
latex/amsmath/amsopn.sty"
Package: amsopn 2016/03/08 v2.02 operator names
)
\inf@bad=\count142
LaTeX Info: Redefining \frac on input line 213.
\uproot@=\count143
\leftroot@=\count144
LaTeX Info: Redefining \overline on input line 375.
\classnum@=\count145
\DOTSCASE@=\count146
LaTeX Info: Redefining \ldots on input line 472.
LaTeX Info: Redefining \dots on input line 475.
LaTeX Info: Redefining \cdots on input line 596.
\Mathstrutbox@=\box51
\strutbox@=\box52
\big@size=\dimen178
LaTeX Font Info:    Redeclaring font encoding OML on input line 712.
LaTeX Font Info:    Redeclaring font encoding OMS on input line 713.
\macc@depth=\count147
\c@MaxMatrixCols=\count148
\dotsspace@=\muskip11
\c@parentequation=\count149
\dspbrk@lvl=\count150
\tag@help=\toks33
\row@=\count151
\column@=\count152
\maxfields@=\count153
\andhelp@=\toks34
\eqnshift@=\dimen179
\alignsep@=\dimen180
\tagshift@=\dimen181
\tagwidth@=\dimen182
\totwidth@=\dimen183
\lineht@=\dimen184
\@envbody=\toks35
\multlinegap=\skip52
\multlinetaggap=\skip53
\mathdisplay@stack=\toks36
LaTeX Info: Redefining \[ on input line 2817.
LaTeX Info: Redefining \] on input line 2818.
)
("/Users/grazianomarallo/Library/Application Support/MiKTeX/texmfs/install/tex/
latex/amscls/amsthm.sty"
Package: amsthm 2017/10/31 v2.20.4
\thm@style=\toks37
\thm@bodyfont=\toks38
\thm@headfont=\toks39
\thm@notefont=\toks40
\thm@headpunct=\toks41
\thm@preskip=\skip54
\thm@postskip=\skip55
\thm@headsep=\skip56
\dth@everypar=\toks42
)
\c@theorem=\count154
)
("/Users/grazianomarallo/Library/Application Support/MiKTeX/texmfs/install/tex/
latex/beamer/beamerbasethemes.sty"))
("/Users/grazianomarallo/Library/Application Support/MiKTeX/texmfs/install/tex/
latex/beamer/beamerthemedefault.sty"
("/Users/grazianomarallo/Library/Application Support/MiKTeX/texmfs/install/tex/
latex/beamer/beamerfontthemedefault.sty")
("/Users/grazianomarallo/Library/Application Support/MiKTeX/texmfs/install/tex/
latex/beamer/beamercolorthemedefault.sty")
("/Users/grazianomarallo/Library/Application Support/MiKTeX/texmfs/install/tex/
latex/beamer/beamerinnerthemedefault.sty"
\beamer@dima=\dimen185
\beamer@dimb=\dimen186
)
("/Users/grazianomarallo/Library/Application Support/MiKTeX/texmfs/install/tex/
latex/beamer/beamerouterthemedefault.sty"))) (beamerthemekuleuven2.sty
("/Users/grazianomarallo/Library/Application Support/MiKTeX/texmfs/install/tex/
latex/lm/lmodern.sty"
Package: lmodern 2009/10/30 v1.6 Latin Modern Fonts
LaTeX Font Info:    Overwriting symbol font `operators' in version `normal'
(Font)                  OT1/cmr/m/n --> OT1/lmr/m/n on input line 22.
LaTeX Font Info:    Overwriting symbol font `letters' in version `normal'
(Font)                  OML/cmm/m/it --> OML/lmm/m/it on input line 23.
LaTeX Font Info:    Overwriting symbol font `symbols' in version `normal'
(Font)                  OMS/cmsy/m/n --> OMS/lmsy/m/n on input line 24.
LaTeX Font Info:    Overwriting symbol font `largesymbols' in version `normal'
(Font)                  OMX/cmex/m/n --> OMX/lmex/m/n on input line 25.
LaTeX Font Info:    Overwriting symbol font `operators' in version `bold'
(Font)                  OT1/cmr/bx/n --> OT1/lmr/bx/n on input line 26.
LaTeX Font Info:    Overwriting symbol font `letters' in version `bold'
(Font)                  OML/cmm/b/it --> OML/lmm/b/it on input line 27.
LaTeX Font Info:    Overwriting symbol font `symbols' in version `bold'
(Font)                  OMS/cmsy/b/n --> OMS/lmsy/b/n on input line 28.
LaTeX Font Info:    Overwriting symbol font `largesymbols' in version `bold'
(Font)                  OMX/cmex/m/n --> OMX/lmex/m/n on input line 29.
LaTeX Font Info:    Overwriting math alphabet `\mathbf' in version `normal'
(Font)                  OT1/cmr/bx/n --> OT1/lmr/bx/n on input line 31.
LaTeX Font Info:    Overwriting math alphabet `\mathsf' in version `normal'
(Font)                  OT1/cmss/m/n --> OT1/lmss/m/n on input line 32.
LaTeX Font Info:    Overwriting math alphabet `\mathit' in version `normal'
(Font)                  OT1/cmr/m/it --> OT1/lmr/m/it on input line 33.
LaTeX Font Info:    Overwriting math alphabet `\mathtt' in version `normal'
(Font)                  OT1/cmtt/m/n --> OT1/lmtt/m/n on input line 34.
LaTeX Font Info:    Overwriting math alphabet `\mathbf' in version `bold'
(Font)                  OT1/cmr/bx/n --> OT1/lmr/bx/n on input line 35.
LaTeX Font Info:    Overwriting math alphabet `\mathsf' in version `bold'
(Font)                  OT1/cmss/bx/n --> OT1/lmss/bx/n on input line 36.
LaTeX Font Info:    Overwriting math alphabet `\mathit' in version `bold'
(Font)                  OT1/cmr/bx/it --> OT1/lmr/bx/it on input line 37.
LaTeX Font Info:    Overwriting math alphabet `\mathtt' in version `bold'
(Font)                  OT1/cmtt/m/n --> OT1/lmtt/m/n on input line 38.
)
("/Users/grazianomarallo/Library/Application Support/MiKTeX/texmfs/install/tex/
latex/pgf/frontendlayer/tikz.sty"
("/Users/grazianomarallo/Library/Application Support/MiKTeX/texmfs/install/tex/
latex/pgf/basiclayer/pgf.sty"
Package: pgf 2015/08/07 v3.0.1a (rcs-revision 1.15)

("/Users/grazianomarallo/Library/Application Support/MiKTeX/texmfs/install/tex/
generic/pgf/modules/pgfmoduleshapes.code.tex"
File: pgfmoduleshapes.code.tex 2014/03/21  (rcs-revision 1.35)
\pgfnodeparttextbox=\box53
)
("/Users/grazianomarallo/Library/Application Support/MiKTeX/texmfs/install/tex/
generic/pgf/modules/pgfmoduleplot.code.tex"
File: pgfmoduleplot.code.tex 2015/08/03  (rcs-revision 1.13)
)
("/Users/grazianomarallo/Library/Application Support/MiKTeX/texmfs/install/tex/
latex/pgf/compatibility/pgfcomp-version-0-65.sty"
Package: pgfcomp-version-0-65 2007/07/03 v3.0.1a (rcs-revision 1.7)
\pgf@nodesepstart=\dimen187
\pgf@nodesepend=\dimen188
)
("/Users/grazianomarallo/Library/Application Support/MiKTeX/texmfs/install/tex/
latex/pgf/compatibility/pgfcomp-version-1-18.sty"
Package: pgfcomp-version-1-18 2007/07/23 v3.0.1a (rcs-revision 1.1)
))
("/Users/grazianomarallo/Library/Application Support/MiKTeX/texmfs/install/tex/
latex/pgf/utilities/pgffor.sty"
("/Users/grazianomarallo/Library/Application Support/MiKTeX/texmfs/install/tex/
latex/pgf/utilities/pgfkeys.sty"
("/Users/grazianomarallo/Library/Application Support/MiKTeX/texmfs/install/tex/
generic/pgf/utilities/pgfkeys.code.tex"))
("/Users/grazianomarallo/Library/Application Support/MiKTeX/texmfs/install/tex/
latex/pgf/math/pgfmath.sty"
("/Users/grazianomarallo/Library/Application Support/MiKTeX/texmfs/install/tex/
generic/pgf/math/pgfmath.code.tex"))
("/Users/grazianomarallo/Library/Application Support/MiKTeX/texmfs/install/tex/
generic/pgf/utilities/pgffor.code.tex"
Package: pgffor 2013/12/13 v3.0.1a (rcs-revision 1.25)

("/Users/grazianomarallo/Library/Application Support/MiKTeX/texmfs/install/tex/
generic/pgf/math/pgfmath.code.tex")
\pgffor@iter=\dimen189
\pgffor@skip=\dimen190
\pgffor@stack=\toks43
\pgffor@toks=\toks44
))
("/Users/grazianomarallo/Library/Application Support/MiKTeX/texmfs/install/tex/
generic/pgf/frontendlayer/tikz/tikz.code.tex"
Package: tikz 2015/08/07 v3.0.1a (rcs-revision 1.151)

("/Users/grazianomarallo/Library/Application Support/MiKTeX/texmfs/install/tex/
generic/pgf/libraries/pgflibraryplothandlers.code.tex"
File: pgflibraryplothandlers.code.tex 2013/08/31 v3.0.1a (rcs-revision 1.20)
\pgf@plot@mark@count=\count155
\pgfplotmarksize=\dimen191
)
\tikz@lastx=\dimen192
\tikz@lasty=\dimen193
\tikz@lastxsaved=\dimen194
\tikz@lastysaved=\dimen195
\tikzleveldistance=\dimen196
\tikzsiblingdistance=\dimen197
\tikz@figbox=\box54
\tikz@figbox@bg=\box55
\tikz@tempbox=\box56
\tikz@tempbox@bg=\box57
\tikztreelevel=\count156
\tikznumberofchildren=\count157
\tikznumberofcurrentchild=\count158
\tikz@fig@count=\count159

("/Users/grazianomarallo/Library/Application Support/MiKTeX/texmfs/install/tex/
generic/pgf/modules/pgfmodulematrix.code.tex"
File: pgfmodulematrix.code.tex 2013/09/17  (rcs-revision 1.8)
\pgfmatrixcurrentrow=\count160
\pgfmatrixcurrentcolumn=\count161
\pgf@matrix@numberofcolumns=\count162
)
\tikz@expandcount=\count163

("/Users/grazianomarallo/Library/Application Support/MiKTeX/texmfs/install/tex/
generic/pgf/frontendlayer/tikz/libraries/tikzlibrarytopaths.code.tex"
File: tikzlibrarytopaths.code.tex 2008/06/17 v3.0.1a (rcs-revision 1.2)
)))
("/Users/grazianomarallo/Library/Application Support/MiKTeX/texmfs/install/tex/
generic/pgf/frontendlayer/tikz/libraries/tikzlibraryshapes.code.tex"
File: tikzlibraryshapes.code.tex 2008/01/09 v3.0.1a (rcs-revision 1.1)

("/Users/grazianomarallo/Library/Application Support/MiKTeX/texmfs/install/tex/
generic/pgf/frontendlayer/tikz/libraries/tikzlibraryshapes.geometric.code.tex"
File: tikzlibraryshapes.geometric.code.tex 2008/01/09 v3.0.1a (rcs-revision 1.1
)

("/Users/grazianomarallo/Library/Application Support/MiKTeX/texmfs/install/tex/
generic/pgf/libraries/shapes/pgflibraryshapes.geometric.code.tex"
File: pgflibraryshapes.geometric.code.tex 2008/06/26 v3.0.1a (rcs-revision 1.1)

))
("/Users/grazianomarallo/Library/Application Support/MiKTeX/texmfs/install/tex/
generic/pgf/frontendlayer/tikz/libraries/tikzlibraryshapes.misc.code.tex"
File: tikzlibraryshapes.misc.code.tex 2008/01/09 v3.0.1a (rcs-revision 1.1)

("/Users/grazianomarallo/Library/Application Support/MiKTeX/texmfs/install/tex/
generic/pgf/libraries/shapes/pgflibraryshapes.misc.code.tex"
File: pgflibraryshapes.misc.code.tex 2013/07/18 v3.0.1a (rcs-revision 1.5)
))
("/Users/grazianomarallo/Library/Application Support/MiKTeX/texmfs/install/tex/
generic/pgf/frontendlayer/tikz/libraries/tikzlibraryshapes.symbols.code.tex"
File: tikzlibraryshapes.symbols.code.tex 2008/01/09 v3.0.1a (rcs-revision 1.1)

("/Users/grazianomarallo/Library/Application Support/MiKTeX/texmfs/install/tex/
generic/pgf/libraries/shapes/pgflibraryshapes.symbols.code.tex"
File: pgflibraryshapes.symbols.code.tex 2013/09/11 v3.0.1a (rcs-revision 1.6)
))
("/Users/grazianomarallo/Library/Application Support/MiKTeX/texmfs/install/tex/
generic/pgf/frontendlayer/tikz/libraries/tikzlibraryshapes.arrows.code.tex"
File: tikzlibraryshapes.arrows.code.tex 2008/01/09 v3.0.1a (rcs-revision 1.1)

("/Users/grazianomarallo/Library/Application Support/MiKTeX/texmfs/install/tex/
generic/pgf/libraries/shapes/pgflibraryshapes.arrows.code.tex"
File: pgflibraryshapes.arrows.code.tex 2008/06/26 v3.0.1a (rcs-revision 1.1)
))
("/Users/grazianomarallo/Library/Application Support/MiKTeX/texmfs/install/tex/
generic/pgf/frontendlayer/tikz/libraries/tikzlibraryshapes.callouts.code.tex"
("/Users/grazianomarallo/Library/Application Support/MiKTeX/texmfs/install/tex/
generic/pgf/libraries/shapes/pgflibraryshapes.callouts.code.tex"))
("/Users/grazianomarallo/Library/Application Support/MiKTeX/texmfs/install/tex/
generic/pgf/frontendlayer/tikz/libraries/tikzlibraryshapes.multipart.code.tex"
File: tikzlibraryshapes.multipart.code.tex 2008/01/09 v3.0.1a (rcs-revision 1.1
)

("/Users/grazianomarallo/Library/Application Support/MiKTeX/texmfs/install/tex/
generic/pgf/libraries/shapes/pgflibraryshapes.multipart.code.tex"
File: pgflibraryshapes.multipart.code.tex 2010/01/07 v3.0.1a (rcs-revision 1.2)

\pgfnodepartlowerbox=\box58
\pgfnodeparttwobox=\box59
\pgfnodepartthreebox=\box60
\pgfnodepartfourbox=\box61
\pgfnodeparttwentybox=\box62
\pgfnodepartnineteenbox=\box63
\pgfnodeparteighteenbox=\box64
\pgfnodepartseventeenbox=\box65
\pgfnodepartsixteenbox=\box66
\pgfnodepartfifteenbox=\box67
\pgfnodepartfourteenbox=\box68
\pgfnodepartthirteenbox=\box69
\pgfnodeparttwelvebox=\box70
\pgfnodepartelevenbox=\box71
\pgfnodeparttenbox=\box72
\pgfnodepartninebox=\box73
\pgfnodeparteightbox=\box74
\pgfnodepartsevenbox=\box75
\pgfnodepartsixbox=\box76
\pgfnodepartfivebox=\box77
)))
("/Users/grazianomarallo/Library/Application Support/MiKTeX/texmfs/install/tex/
generic/pgf/frontendlayer/tikz/libraries/tikzlibraryshadows.code.tex"
File: tikzlibraryshadows.code.tex 2008/01/13 v3.0.1a (rcs-revision 1.3)

("/Users/grazianomarallo/Library/Application Support/MiKTeX/texmfs/install/tex/
generic/pgf/frontendlayer/tikz/libraries/tikzlibraryfadings.code.tex"
File: tikzlibraryfadings.code.tex 2009/11/15 v3.0.1a (rcs-revision 1.2)

("/Users/grazianomarallo/Library/Application Support/MiKTeX/texmfs/install/tex/
generic/pgf/libraries/pgflibraryfadings.code.tex"
File: pgflibraryfadings.code.tex 2008/02/07 v3.0.1a (rcs-revision 1.3)
)))
("/Users/grazianomarallo/Library/Application Support/MiKTeX/texmfs/install/tex/
generic/pgf/frontendlayer/tikz/libraries/tikzlibraryarrows.code.tex"
File: tikzlibraryarrows.code.tex 2008/01/09 v3.0.1a (rcs-revision 1.1)

("/Users/grazianomarallo/Library/Application Support/MiKTeX/texmfs/install/tex/
generic/pgf/libraries/pgflibraryarrows.code.tex"
File: pgflibraryarrows.code.tex 2013/09/23 v3.0.1a (rcs-revision 1.16)
\arrowsize=\dimen198
))
("/Users/grazianomarallo/Library/Application Support/MiKTeX/texmfs/install/tex/
generic/pgf/frontendlayer/tikz/libraries/tikzlibrarybackgrounds.code.tex"
File: tikzlibrarybackgrounds.code.tex 2013/07/18 v3.0.1a (rcs-revision 1.3)
\pgf@layerbox@background=\box78
\pgf@layerboxsaved@background=\box79
)
("/Users/grazianomarallo/Library/Application Support/MiKTeX/texmfs/install/tex/
generic/pgf/frontendlayer/tikz/libraries/tikzlibrarymindmap.code.tex"
File: tikzlibrarymindmap.code.tex 2013/07/16 v3.0.1a (rcs-revision 1.10)

("/Users/grazianomarallo/Library/Application Support/MiKTeX/texmfs/install/tex/
generic/pgf/frontendlayer/tikz/libraries/tikzlibrarytrees.code.tex"
File: tikzlibrarytrees.code.tex 2008/02/24 v3.0.1a (rcs-revision 1.2)
)
("/Users/grazianomarallo/Library/Application Support/MiKTeX/texmfs/install/tex/
generic/pgf/frontendlayer/tikz/libraries/tikzlibrarydecorations.code.tex"
("/Users/grazianomarallo/Library/Application Support/MiKTeX/texmfs/install/tex/
generic/pgf/modules/pgfmoduledecorations.code.tex"
\pgfdecoratedcompleteddistance=\dimen199
\pgfdecoratedremainingdistance=\dimen256
\pgfdecoratedinputsegmentcompleteddistance=\dimen257
\pgfdecoratedinputsegmentremainingdistance=\dimen258
\pgf@decorate@distancetomove=\dimen259
\pgf@decorate@repeatstate=\count164
\pgfdecorationsegmentamplitude=\dimen260
\pgfdecorationsegmentlength=\dimen261
)
\tikz@lib@dec@box=\box80
))
("/Users/grazianomarallo/Library/Application Support/MiKTeX/texmfs/install/tex/
generic/pgf/frontendlayer/tikz/libraries/tikzlibrarydecorations.pathreplacing.c
ode.tex"
("/Users/grazianomarallo/Library/Application Support/MiKTeX/texmfs/install/tex/
generic/pgf/libraries/decorations/pgflibrarydecorations.pathreplacing.code.tex"
))
("/Users/grazianomarallo/Library/Application Support/MiKTeX/texmfs/install/tex/
generic/pgf/frontendlayer/tikz/libraries/tikzlibrarypositioning.code.tex"
File: tikzlibrarypositioning.code.tex 2008/10/06 v3.0.1a (rcs-revision 1.7)
)
Package hyperref Info: Option `colorlinks' set `true' on input line 36.
)
("/Users/grazianomarallo/Library/Application Support/MiKTeX/texmfs/install/tex/
latex/beamer/beamerfontthemeserif.sty")
("/Users/grazianomarallo/Library/Application Support/MiKTeX/texmfs/install/tex/
generic/babel/babel.sty"
Package: babel 2018/10/03 3.25 The Babel package

("/Users/grazianomarallo/Library/Application Support/MiKTeX/texmfs/install/tex/
generic/babel/switch.def"
File: switch.def 2018/10/03 3.25 Babel switching mechanism
)
*************************************
* Local config file bblopts.cfg used
*

("/Users/grazianomarallo/Library/Application Support/MiKTeX/texmfs/install/tex/
latex/arabi/bblopts.cfg"
File: bblopts.cfg 2005/09/08 v0.1 add Arabic and Farsi to "declared" options of
 babel
)
("/Users/grazianomarallo/Library/Application Support/MiKTeX/texmfs/install/tex/
latex/babel-english/english.ldf"
Language: english 2017/06/06 v3.3r English support from the babel system

("/Users/grazianomarallo/Library/Application Support/MiKTeX/texmfs/install/tex/
generic/babel/babel.def"
File: babel.def 2018/10/03 3.25 Babel common definitions
\babel@savecnt=\count165
\U@D=\dimen262

("/Users/grazianomarallo/Library/Application Support/MiKTeX/texmfs/install/tex/
generic/babel/txtbabel.def")
LaTeX Info: Redefining \textlatin on input line 2000.
\bbl@dirlevel=\count166
)
\l@british = a dialect from \language\l@english 
\l@UKenglish = a dialect from \language\l@english 
\l@american = a dialect from \language\l@english 
\l@canadian = a dialect from \language\l@american 
\l@australian = a dialect from \language\l@british 
\l@newzealand = a dialect from \language\l@british 
))
("/Users/grazianomarallo/Library/Application Support/MiKTeX/texmfs/install/tex/
latex/pdfcomment/pdfcomment.sty"
Package: pdfcomment 2018/11/01 pdfcomment.sty v2.4a - Josef Kleber (C) 2008-201
2, 2015-2016, 2018

("/Users/grazianomarallo/Library/Application Support/MiKTeX/texmfs/install/tex/
latex/xkeyval/xkeyval.sty"
Package: xkeyval 2014/12/03 v2.7a package option processing (HA)

("/Users/grazianomarallo/Library/Application Support/MiKTeX/texmfs/install/tex/
generic/xkeyval/xkeyval.tex"
("/Users/grazianomarallo/Library/Application Support/MiKTeX/texmfs/install/tex/
generic/xkeyval/xkvutils.tex"
\XKV@toks=\toks45
\XKV@tempa@toks=\toks46
)
\XKV@depth=\count167
File: xkeyval.tex 2014/12/03 v2.7a key=value parser (HA)
))
\c@pc@count@i=\count168
\c@pc@count@ii=\count169
\c@pc@count@iii=\count170
\c@pc@count@iv=\count171
\pc@mathannot@box=\box81
\pc@nullbox=\box82
\pc@dima=\skip57
\pc@dimb=\skip58
\pc@Sposx=\skip59
\pc@Sposy=\skip60
\pc@Eposx=\skip61
\pc@Eposy=\skip62
\pc@column=\skip63
\pc@box@width=\skip64
\pc@box@height=\skip65
\pc@box@depth=\skip66

("/Users/grazianomarallo/Library/Application Support/MiKTeX/texmfs/install/tex/
latex/datetime2/datetime2.sty"
Package: datetime2 2018/07/20 v1.5.3 (NLCT) date and time formats

("/Users/grazianomarallo/Library/Application Support/MiKTeX/texmfs/install/tex/
latex/tracklang/tracklang.sty"
Package: tracklang 2018/05/13 v1.3.6 (NLCT) Track Languages

("/Users/grazianomarallo/Library/Application Support/MiKTeX/texmfs/install/tex/
generic/tracklang/tracklang.tex"))
("/Users/grazianomarallo/Library/Application Support/MiKTeX/texmfs/install/tex/
latex/datetime2-english/datetime2-english.ldf"
File: datetime2-english.ldf 2016/03/09 v1.04 (NLCT)

("/Users/grazianomarallo/Library/Application Support/MiKTeX/texmfs/install/tex/
latex/datetime2-english/datetime2-english-base.ldf"
File: datetime2-english-base.ldf 2016/03/09 v1.04 (NLCT)
)))
("/Users/grazianomarallo/Library/Application Support/MiKTeX/texmfs/install/tex/
latex/oberdiek/zref-savepos.sty"
Package: zref-savepos 2016/05/21 v2.26 Module savepos for zref (HO)

("/Users/grazianomarallo/Library/Application Support/MiKTeX/texmfs/install/tex/
latex/oberdiek/zref-base.sty"
Package: zref-base 2016/05/21 v2.26 Module base for zref (HO)
Package zref Info: New property list: main on input line 759.
Package zref Info: New property: default on input line 760.
Package zref Info: New property: page on input line 761.
)
Package zref Info: New property list: savepos on input line 80.
Package zref Info: New property: posx on input line 81.
Package zref Info: New property: posy on input line 82.
)
\c@zref@unique=\count172

("/Users/grazianomarallo/Library/Application Support/MiKTeX/texmfs/install/tex/
latex/base/ifthen.sty"
Package: ifthen 2014/09/29 v1.1c Standard LaTeX ifthen package (DPC)
)
("/Users/grazianomarallo/Library/Application Support/MiKTeX/texmfs/install/tex/
latex/tools/calc.sty"
Package: calc 2017/05/25 v4.3 Infix arithmetic (KKT,FJ)
\calc@Acount=\count173
\calc@Bcount=\count174
\calc@Adimen=\dimen263
\calc@Bdimen=\dimen264
\calc@Askip=\skip67
\calc@Bskip=\skip68
LaTeX Info: Redefining \setlength on input line 80.
LaTeX Info: Redefining \addtolength on input line 81.
\calc@Ccount=\count175
\calc@Cskip=\skip69
)
("/Users/grazianomarallo/Library/Application Support/MiKTeX/texmfs/install/tex/
latex/marginnote/marginnote.sty"
Package: marginnote 2018/08/09 v1.4b non floating margin notes for LaTeX
\c@mn@abspage=\count176
)
("/Users/grazianomarallo/Library/Application Support/MiKTeX/texmfs/install/tex/
latex/bezos/soulpos.sty"
Package: soulpos 2012/02/25 v1.0 Fancy underlining
\ulp@subcnt=\count177
\ulp@cnt=\count178
\ulp@out=\write5
\ulp@in=\read2
\ulwidth=\dimen265
)

Package hyperref Warning: Option `pdftex' has already been used,
(hyperref)                setting the option has no effect on input line 1369.

Package zref Info: New property list: pdfcomment on input line 2735.
Package zref Info: New property: PCPDFOBJID on input line 2736.
) (cmd.tex
("/Users/grazianomarallo/Library/Application Support/MiKTeX/texmfs/install/tex/
latex/tools/xspace.sty"
Package: xspace 2014/10/28 v1.13 Space after command names (DPC,MH)
)
("/Users/grazianomarallo/Library/Application Support/MiKTeX/texmfs/install/tex/
latex/doi/doi.sty"
Package: doi 2018/09/09 handle doi numbers
)
("/Users/grazianomarallo/Library/Application Support/MiKTeX/texmfs/install/tex/
latex/siunitx/siunitx.sty"
("/Users/grazianomarallo/Library/Application Support/MiKTeX/texmfs/install/tex/
latex/l3kernel/expl3.sty"
Package: expl3 2018-09-24 L3 programming layer (loader) 

("/Users/grazianomarallo/Library/Application Support/MiKTeX/texmfs/install/tex/
latex/l3kernel/expl3-code.tex"
Package: expl3 2018-09-24 L3 programming layer (code)
\c_max_int=\count179
\l_tmpa_int=\count180
\l_tmpb_int=\count181
\g_tmpa_int=\count182
\g_tmpb_int=\count183
\g__kernel_prg_map_int=\count184
\c_log_iow=\count185
\l_iow_line_count_int=\count186
\l__iow_line_target_int=\count187
\l__iow_one_indent_int=\count188
\l__iow_indent_int=\count189
\c_zero_dim=\dimen266
\c_max_dim=\dimen267
\l_tmpa_dim=\dimen268
\l_tmpb_dim=\dimen269
\g_tmpa_dim=\dimen270
\g_tmpb_dim=\dimen271
\c_zero_skip=\skip70
\c_max_skip=\skip71
\l_tmpa_skip=\skip72
\l_tmpb_skip=\skip73
\g_tmpa_skip=\skip74
\g_tmpb_skip=\skip75
\c_zero_muskip=\muskip12
\c_max_muskip=\muskip13
\l_tmpa_muskip=\muskip14
\l_tmpb_muskip=\muskip15
\g_tmpa_muskip=\muskip16
\g_tmpb_muskip=\muskip17
\l_keys_choice_int=\count190
\l__intarray_loop_int=\count191
\c__intarray_sp_dim=\dimen272
\g__intarray_font_int=\count192
\c__fp_leading_shift_int=\count193
\c__fp_middle_shift_int=\count194
\c__fp_trailing_shift_int=\count195
\c__fp_big_leading_shift_int=\count196
\c__fp_big_middle_shift_int=\count197
\c__fp_big_trailing_shift_int=\count198
\c__fp_Bigg_leading_shift_int=\count199
\c__fp_Bigg_middle_shift_int=\count266
\c__fp_Bigg_trailing_shift_int=\count267
\c__kernel_randint_max_int=\count268
\g__fp_array_int=\count269
\l__fp_array_loop_int=\count270
\l__sort_length_int=\count271
\l__sort_min_int=\count272
\l__sort_top_int=\count273
\l__sort_max_int=\count274
\l__sort_true_max_int=\count275
\l__sort_block_int=\count276
\l__sort_begin_int=\count277
\l__sort_end_int=\count278
\l__sort_A_int=\count279
\l__sort_B_int=\count280
\l__sort_C_int=\count281
\l__tl_analysis_normal_int=\count282
\l__tl_analysis_index_int=\count283
\l__tl_analysis_nesting_int=\count284
\l__tl_analysis_type_int=\count285
\l__regex_internal_a_int=\count286
\l__regex_internal_b_int=\count287
\l__regex_internal_c_int=\count288
\l__regex_balance_int=\count289
\l__regex_group_level_int=\count290
\l__regex_mode_int=\count291
\c__regex_cs_in_class_mode_int=\count292
\c__regex_cs_mode_int=\count293
\l__regex_catcodes_int=\count294
\l__regex_default_catcodes_int=\count295
\c__regex_catcode_D_int=\count296
\c__regex_catcode_S_int=\count297
\c__regex_catcode_L_int=\count298
\c__regex_catcode_O_int=\count299
\c__regex_catcode_A_int=\count300
\c__regex_all_catcodes_int=\count301
\l__regex_show_lines_int=\count302
\l__regex_min_state_int=\count303
\l__regex_max_state_int=\count304
\l__regex_left_state_int=\count305
\l__regex_right_state_int=\count306
\l__regex_capturing_group_int=\count307
\l__regex_min_pos_int=\count308
\l__regex_max_pos_int=\count309
\l__regex_curr_pos_int=\count310
\l__regex_start_pos_int=\count311
\l__regex_success_pos_int=\count312
\l__regex_curr_char_int=\count313
\l__regex_curr_catcode_int=\count314
\l__regex_last_char_int=\count315
\l__regex_case_changed_char_int=\count316
\l__regex_curr_state_int=\count317
\l__regex_step_int=\count318
\l__regex_min_active_int=\count319
\l__regex_max_active_int=\count320
\l__regex_replacement_csnames_int=\count321
\l__regex_match_count_int=\count322
\l__regex_min_submatch_int=\count323
\l__regex_submatch_int=\count324
\l__regex_zeroth_submatch_int=\count325
\g__regex_trace_regex_int=\count326
\c_empty_box=\box83
\l_tmpa_box=\box84
\l_tmpb_box=\box85
\g_tmpa_box=\box86
\g_tmpb_box=\box87
\l__box_top_dim=\dimen273
\l__box_bottom_dim=\dimen274
\l__box_left_dim=\dimen275
\l__box_right_dim=\dimen276
\l__box_top_new_dim=\dimen277
\l__box_bottom_new_dim=\dimen278
\l__box_left_new_dim=\dimen279
\l__box_right_new_dim=\dimen280
\l__box_internal_box=\box88
\l__coffin_internal_box=\box89
\l__coffin_internal_dim=\dimen281
\l__coffin_offset_x_dim=\dimen282
\l__coffin_offset_y_dim=\dimen283
\l__coffin_x_dim=\dimen284
\l__coffin_y_dim=\dimen285
\l__coffin_x_prime_dim=\dimen286
\l__coffin_y_prime_dim=\dimen287
\c_empty_coffin=\box90
\l__coffin_aligned_coffin=\box91
\l__coffin_aligned_internal_coffin=\box92
\l_tmpa_coffin=\box93
\l_tmpb_coffin=\box94
\l__coffin_display_coffin=\box95
\l__coffin_display_coord_coffin=\box96
\l__coffin_display_pole_coffin=\box97
\l__coffin_display_offset_dim=\dimen288
\l__coffin_display_x_dim=\dimen289
\l__coffin_display_y_dim=\dimen290
\g__file_internal_ior=\read3
\l__coffin_bounding_shift_dim=\dimen291
\l__coffin_left_corner_dim=\dimen292
\l__coffin_right_corner_dim=\dimen293
\l__coffin_bottom_corner_dim=\dimen294
\l__coffin_top_corner_dim=\dimen295
\l__coffin_scaled_total_height_dim=\dimen296
\l__coffin_scaled_width_dim=\dimen297
\l__seq_internal_a_int=\count327
\l__seq_internal_b_int=\count328
)
("/Users/grazianomarallo/Library/Application Support/MiKTeX/texmfs/install/tex/
latex/l3kernel/l3pdfmode.def"
File: l3pdfmode.def 2018-09-24 v L3 Experimental driver: PDF mode
\l__driver_color_stack_int=\count329
))
("/Users/grazianomarallo/Library/Application Support/MiKTeX/texmfs/install/tex/
latex/l3packages/xparse/xparse.sty"
Package: xparse 2018-09-24 L3 Experimental document command parser
\l__xparse_current_arg_int=\count330
\g__xparse_grabber_int=\count331
\l__xparse_m_args_int=\count332
\l__xparse_mandatory_args_int=\count333
\l__xparse_v_nesting_int=\count334
)
Package: siunitx 2018/05/17 v2.7s A comprehensive (SI) units package

("/Users/grazianomarallo/Library/Application Support/MiKTeX/texmfs/install/tex/
latex/tools/array.sty"
Package: array 2018/04/30 v2.4h Tabular extension package (FMi)
\col@sep=\dimen298
\ar@mcellbox=\box98
\extrarowheight=\dimen299
\NC@list=\toks47
\extratabsurround=\skip76
\backup@length=\skip77
\ar@cellbox=\box99
)
("/Users/grazianomarallo/Library/Application Support/MiKTeX/texmfs/install/tex/
latex/l3packages/l3keys2e/l3keys2e.sty"
Package: l3keys2e 2018-09-24 LaTeX2e option processing using LaTeX3 keys
)
\l__siunitx_tmp_box=\box100
\l__siunitx_tmp_dim=\dimen300
\l__siunitx_tmp_int=\count335
\l__siunitx_number_mantissa_length_int=\count336
\l__siunitx_number_uncert_length_int=\count337
\l__siunitx_round_int=\count338
\l__siunitx_process_decimal_int=\count339
\l__siunitx_process_uncertainty_int=\count340
\l__siunitx_process_fixed_int=\count341
\l__siunitx_process_integer_min_int=\count342
\l__siunitx_process_precision_int=\count343
\l__siunitx_group_min_int=\count344
\l__siunitx_angle_marker_box=\box101
\l__siunitx_angle_unit_box=\box102
\l__siunitx_angle_marker_dim=\dimen301
\l__siunitx_angle_unit_dim=\dimen302
\l__siunitx_unit_int=\count345
\l__siunitx_unit_denominator_int=\count346
\l__siunitx_unit_numerator_int=\count347
\l__siunitx_unit_prefix_int=\count348
\l__siunitx_unit_prefix_base_int=\count349
\l__siunitx_unit_prefix_gram_int=\count350
\l__siunitx_number_product_int=\count351
\c__siunitx_one_fill_skip=\skip78
\l__siunitx_table_unit_align_skip=\skip79
\l__siunitx_table_exponent_dim=\dimen303
\l__siunitx_table_integer_dim=\dimen304
\l__siunitx_table_mantissa_dim=\dimen305
\l__siunitx_table_marker_dim=\dimen306
\l__siunitx_table_result_dim=\dimen307
\l__siunitx_table_uncert_dim=\dimen308
\l__siunitx_table_fill_pre_dim=\dimen309
\l__siunitx_table_fill_post_dim=\dimen310
\l__siunitx_table_fill_mid_dim=\dimen311
\l__siunitx_table_pre_box=\box103
\l__siunitx_table_post_box=\box104
\l__siunitx_table_mantissa_box=\box105
\l__siunitx_table_result_box=\box106
\l__siunitx_table_number_align_skip=\skip80
\l__siunitx_table_text_align_skip=\skip81
.................................................
. LaTeX info: "xparse/define-command"
. 
. Defining command \DeclareBinaryPrefix with sig. 'mmm' on line 7237.
.................................................
.................................................
. LaTeX info: "xparse/define-command"
. 
. Defining command \DeclareSIPostPower with sig. 'mm' on line 7240.
.................................................
.................................................
. LaTeX info: "xparse/define-command"
. 
. Defining command \DeclareSIPrefix with sig. 'mmm' on line 7243.
.................................................
.................................................
. LaTeX info: "xparse/define-command"
. 
. Defining command \DeclareSIPrePower with sig. 'mm' on line 7246.
.................................................
.................................................
. LaTeX info: "xparse/define-command"
. 
. Defining command \DeclareSIQualifier with sig. 'mm' on line 7249.
.................................................
.................................................
. LaTeX info: "xparse/define-command"
. 
. Defining command \DeclareSIUnit with sig. 'O{}mm' on line 7252.
.................................................
.................................................
. LaTeX info: "xparse/define-command"
. 
. Defining command \DeclareSIUnitWithOptions with sig. 'mmm' on line 7255.
.................................................
.................................................
. LaTeX info: "xparse/define-command"
. 
. Defining command \ang with sig. 'o>{\SplitArgument {2}{;}}m' on line 7270.
.................................................
.................................................
. LaTeX info: "xparse/define-command"
. 
. Defining command \num with sig. 'om' on line 7279.
.................................................
.................................................
. LaTeX info: "xparse/define-command"
. 
. Defining command \numlist with sig. 'o>{\SplitList {;}}m' on line 7288.
.................................................
.................................................
. LaTeX info: "xparse/define-command"
. 
. Defining command \numrange with sig. 'omm' on line 7297.
.................................................
.................................................
. LaTeX info: "xparse/define-command"
. 
. Defining command \SIlist with sig. 'o>{\SplitList {;}}mm' on line 7309.
.................................................
.................................................
. LaTeX info: "xparse/define-command"
. 
. Defining command \SIrange with sig. 'ommm' on line 7321.
.................................................
.................................................
. LaTeX info: "xparse/define-command"
. 
. Defining command \SI with sig. 'omom' on line 7333.
.................................................
.................................................
. LaTeX info: "xparse/define-command"
. 
. Defining command \sisetup with sig. 'm' on line 7336.
.................................................
.................................................
. LaTeX info: "xparse/define-command"
. 
. Defining command \tablenum with sig. 'om' on line 7351.
.................................................
.................................................
. LaTeX info: "xparse/define-command"
. 
. Defining command \si with sig. 'om' on line 7363.
.................................................
.................................................
. LaTeX info: "xparse/define-command"
. 
. Defining command \numInBookmark with sig. 'om' on line 7410.
.................................................
.................................................
. LaTeX info: "xparse/define-command"
. 
. Defining command \numrangeInBookmark with sig. 'omm' on line 7412.
.................................................
.................................................
. LaTeX info: "xparse/define-command"
. 
. Defining command \SIInBookmark with sig. 'omom' on line 7414.
.................................................
.................................................
. LaTeX info: "xparse/define-command"
. 
. Defining command \SIlistInBookmark with sig. 'omm' on line 7416.
.................................................
.................................................
. LaTeX info: "xparse/define-command"
. 
. Defining command \SIrangeInBookmark with sig. 'ommm' on line 7418.
.................................................
.................................................
. LaTeX info: "xparse/define-command"
. 
. Defining command \siInBookmark with sig. 'om' on line 7419.
.................................................
)
("/Users/grazianomarallo/Library/Application Support/MiKTeX/texmfs/install/tex/
latex/listings/listings.sty"
\lst@mode=\count352
\lst@gtempboxa=\box107
\lst@token=\toks48
\lst@length=\count353
\lst@currlwidth=\dimen312
\lst@column=\count354
\lst@pos=\count355
\lst@lostspace=\dimen313
\lst@width=\dimen314
\lst@newlines=\count356
\lst@lineno=\count357
\lst@maxwidth=\dimen315

("/Users/grazianomarallo/Library/Application Support/MiKTeX/texmfs/install/tex/
latex/listings/lstmisc.sty"
File: lstmisc.sty 2018/09/02 1.7 (Carsten Heinz)
\c@lstnumber=\count358
\lst@skipnumbers=\count359
\lst@framebox=\box108
)
("/Users/grazianomarallo/Library/Application Support/MiKTeX/texmfs/install/tex/
latex/listings/listings.cfg"
File: listings.cfg 2018/09/02 1.7 listings configuration
))
Package: listings 2018/09/02 1.7 (Carsten Heinz)
)
Package hyperref Info: Option `bookmarksopen' set `true' on input line 32.
Package hyperref Info: Option `colorlinks' set `true' on input line 32.
 (presentation.aux

LaTeX Warning: Label `fig:k4' multiply defined.

)
\openout1 = `presentation.aux'.

LaTeX Font Info:    Checking defaults for OML/cmm/m/it on input line 45.
LaTeX Font Info:    ... okay on input line 45.
LaTeX Font Info:    Checking defaults for T1/cmr/m/n on input line 45.
LaTeX Font Info:    ... okay on input line 45.
LaTeX Font Info:    Checking defaults for OT1/cmr/m/n on input line 45.
LaTeX Font Info:    ... okay on input line 45.
LaTeX Font Info:    Checking defaults for OMS/cmsy/m/n on input line 45.
LaTeX Font Info:    ... okay on input line 45.
LaTeX Font Info:    Checking defaults for OMX/cmex/m/n on input line 45.
LaTeX Font Info:    ... okay on input line 45.
LaTeX Font Info:    Checking defaults for U/cmr/m/n on input line 45.
LaTeX Font Info:    ... okay on input line 45.
LaTeX Font Info:    Checking defaults for PD1/pdf/m/n on input line 45.
LaTeX Font Info:    ... okay on input line 45.
LaTeX Font Info:    Try loading font information for OT1+lmss on input line 45.


("/Users/grazianomarallo/Library/Application Support/MiKTeX/texmfs/install/tex/
latex/lm/ot1lmss.fd"
File: ot1lmss.fd 2009/10/30 v1.6 Font defs for Latin Modern
)
*geometry* driver: auto-detecting
*geometry* detected driver: pdftex
*geometry* verbose mode - [ preamble ] result:
* driver: pdftex
* paper: custom
* layout: <same size as paper>
* layoutoffset:(h,v)=(0.0pt,0.0pt)
* modes: includehead includefoot 
* h-part:(L,W,R)=(21.0pt, 322.19536pt, 21.0pt)
* v-part:(T,H,B)=(0.0pt, 273.14662pt, 0.0pt)
* \paperwidth=364.19536pt
* \paperheight=273.14662pt
* \textwidth=322.19536pt
* \textheight=244.6939pt
* \oddsidemargin=-51.26999pt
* \evensidemargin=-51.26999pt
* \topmargin=-72.26999pt
* \headheight=14.22636pt
* \headsep=0.0pt
* \topskip=11.0pt
* \footskip=14.22636pt
* \marginparwidth=4.0pt
* \marginparsep=10.0pt
* \columnsep=10.0pt
* \skip\footins=10.0pt plus 4.0pt minus 2.0pt
* \hoffset=0.0pt
* \voffset=0.0pt
* \mag=1000
* \@twocolumnfalse
* \@twosidefalse
* \@mparswitchfalse
* \@reversemarginfalse
* (1in=72.27pt=25.4mm, 1cm=28.453pt)


("/Users/grazianomarallo/Library/Application Support/MiKTeX/texmfs/install/tex/
context/base/supp-pdf.mkii"
[Loading MPS to PDF converter (version 2006.09.02).]
\scratchcounter=\count360
\scratchdimen=\dimen316
\scratchbox=\box109
\nofMPsegments=\count361
\nofMParguments=\count362
\everyMPshowfont=\toks49
\MPscratchCnt=\count363
\MPscratchDim=\dimen317
\MPnumerator=\count364
\makeMPintoPDFobject=\count365
\everyMPtoPDFconversion=\toks50
)
("/Users/grazianomarallo/Library/Application Support/MiKTeX/texmfs/install/tex/
latex/oberdiek/epstopdf-base.sty"
Package: epstopdf-base 2016/05/15 v2.6 Base part for package epstopdf

("/Users/grazianomarallo/Library/Application Support/MiKTeX/texmfs/install/tex/
latex/oberdiek/grfext.sty"
Package: grfext 2016/05/16 v1.2 Manage graphics extensions (HO)
)
Package epstopdf-base Info: Redefining graphics rule for `.eps' on input line 4
38.
Package grfext Info: Graphics extension search list:
(grfext)             [.pdf,.png,.jpg,.mps,.jpeg,.jbig2,.jb2,.PDF,.PNG,.JPG,.JPE
G,.JBIG2,.JB2,.eps]
(grfext)             \AppendGraphicsExtensions on input line 456.
) ABD: EveryShipout initializing macros
\AtBeginShipoutBox=\box110
Package hyperref Info: Link coloring ON on input line 45.

("/Users/grazianomarallo/Library/Application Support/MiKTeX/texmfs/install/tex/
latex/hyperref/nameref.sty"
Package: nameref 2016/05/21 v2.44 Cross-referencing by name of section

("/Users/grazianomarallo/Library/Application Support/MiKTeX/texmfs/install/tex/
generic/oberdiek/gettitlestring.sty"
Package: gettitlestring 2016/05/16 v1.5 Cleanup title references (HO)
)
\c@section@level=\count366
)
LaTeX Info: Redefining \ref on input line 45.
LaTeX Info: Redefining \pageref on input line 45.
LaTeX Info: Redefining \nameref on input line 45.
 (presentation.out) (presentation.out)
\@outlinefile=\write6
\openout6 = `presentation.out'.


("/Users/grazianomarallo/Library/Application Support/MiKTeX/texmfs/install/tex/
latex/translator/translator-basic-dictionary-English.dict"
Dictionary: translator-basic-dictionary, Language: English 
)
("/Users/grazianomarallo/Library/Application Support/MiKTeX/texmfs/install/tex/
latex/translator/translator-bibliography-dictionary-English.dict"
Dictionary: translator-bibliography-dictionary, Language: English 
)
("/Users/grazianomarallo/Library/Application Support/MiKTeX/texmfs/install/tex/
latex/translator/translator-environment-dictionary-English.dict"
Dictionary: translator-environment-dictionary, Language: English 
)
("/Users/grazianomarallo/Library/Application Support/MiKTeX/texmfs/install/tex/
latex/translator/translator-months-dictionary-English.dict"
Dictionary: translator-months-dictionary, Language: English 
)
("/Users/grazianomarallo/Library/Application Support/MiKTeX/texmfs/install/tex/
latex/translator/translator-numbers-dictionary-English.dict"
Dictionary: translator-numbers-dictionary, Language: English 
)
("/Users/grazianomarallo/Library/Application Support/MiKTeX/texmfs/install/tex/
latex/translator/translator-theorem-dictionary-English.dict"
Dictionary: translator-theorem-dictionary, Language: English 
)
Package soulpos Info: Loading soulutf8 on input line 45.

("/Users/grazianomarallo/Library/Application Support/MiKTeX/texmfs/install/tex/
generic/oberdiek/soulutf8.sty"
Package: soulutf8 2016/05/16 v1.1 Permit use of UTF-8 characters in soul (HO)

("/Users/grazianomarallo/Library/Application Support/MiKTeX/texmfs/install/tex/
latex/soul/soul.sty"
Package: soul 2003/11/17 v2.4 letterspacing/underlining (mf)
\SOUL@word=\toks51
\SOUL@lasttoken=\toks52
\SOUL@cmds=\toks53
\SOUL@buffer=\toks54
\SOUL@token=\toks55
\SOUL@spaceskip=\skip82
\SOUL@ttwidth=\dimen318
\SOUL@uldp=\dimen319
\SOUL@ulht=\dimen320
))
("/Users/grazianomarallo/Library/Application Support/MiKTeX/texmfs/install/tex/
latex/siunitx/siunitx-abbreviations.cfg"
File: siunitx-abbreviations.cfg 2017/11/26 v2.7k siunitx: Abbreviated units
)
("/Users/grazianomarallo/Library/Application Support/MiKTeX/texmfs/install/tex/
latex/siunitx/siunitx-binary.cfg"
File: siunitx-binary.cfg 2017/11/26 v2.7k siunitx: Binary units
)
\c@lstlisting=\count367
 (presentation.nav)
<graphics/KUL.pdf, id=57, 159.33528pt x 56.90259pt>
File: graphics/KUL.pdf Graphic file (type pdf)
<use graphics/KUL.pdf>
Package pdftex.def Info: graphics/KUL.pdf  used on input line 45.
(pdftex.def)             Requested size: 38.24367pt x 13.65816pt.
LaTeX Font Info:    Try loading font information for OT1+lmr on input line 45.

("/Users/grazianomarallo/Library/Application Support/MiKTeX/texmfs/install/tex/
latex/lm/ot1lmr.fd"
File: ot1lmr.fd 2009/10/30 v1.6 Font defs for Latin Modern
)
LaTeX Font Info:    Try loading font information for OML+lmm on input line 45.

("/Users/grazianomarallo/Library/Application Support/MiKTeX/texmfs/install/tex/
latex/lm/omllmm.fd"
File: omllmm.fd 2009/10/30 v1.6 Font defs for Latin Modern
)
LaTeX Font Info:    Try loading font information for OMS+lmsy on input line 45.


("/Users/grazianomarallo/Library/Application Support/MiKTeX/texmfs/install/tex/
latex/lm/omslmsy.fd"
File: omslmsy.fd 2009/10/30 v1.6 Font defs for Latin Modern
)
LaTeX Font Info:    Try loading font information for OMX+lmex on input line 45.


("/Users/grazianomarallo/Library/Application Support/MiKTeX/texmfs/install/tex/
latex/lm/omxlmex.fd"
File: omxlmex.fd 2009/10/30 v1.6 Font defs for Latin Modern
)
LaTeX Font Info:    External font `lmex10' loaded for size
(Font)              <10.95> on input line 45.
LaTeX Font Info:    External font `lmex10' loaded for size
(Font)              <8> on input line 45.
LaTeX Font Info:    External font `lmex10' loaded for size
(Font)              <6> on input line 45.
LaTeX Font Info:    Try loading font information for U+msa on input line 45.

("/Users/grazianomarallo/Library/Application Support/MiKTeX/texmfs/install/tex/
latex/amsfonts/umsa.fd"
File: umsa.fd 2013/01/14 v3.01 AMS symbols A
)
LaTeX Font Info:    Try loading font information for U+msb on input line 45.

("/Users/grazianomarallo/Library/Application Support/MiKTeX/texmfs/install/tex/
latex/amsfonts/umsb.fd"
File: umsb.fd 2013/01/14 v3.01 AMS symbols B
)
LaTeX Font Info:    Try loading font information for OT1+lmtt on input line 45.


("/Users/grazianomarallo/Library/Application Support/MiKTeX/texmfs/install/tex/
latex/lm/ot1lmtt.fd"
File: ot1lmtt.fd 2009/10/30 v1.6 Font defs for Latin Modern
)
File: graphics/KUL.pdf Graphic file (type pdf)
<use graphics/KUL.pdf>
Package pdftex.def Info: graphics/KUL.pdf  used on input line 46.
(pdftex.def)             Requested size: 38.24367pt x 13.65816pt.
File: graphics/KUL.pdf Graphic file (type pdf)
<use graphics/KUL.pdf>
Package pdftex.def Info: graphics/KUL.pdf  used on input line 54.
(pdftex.def)             Requested size: 80.30441pt x 28.67921pt.
<graphics/sedes.png, id=59, 450.7239pt x 523.9575pt>
File: graphics/sedes.png Graphic file (type png)
<use graphics/sedes.png>
Package pdftex.def Info: graphics/sedes.png  used on input line 54.
(pdftex.def)             Requested size: 187.97539pt x 218.51813pt.
File: graphics/sedes.png Graphic file (type png)
<use graphics/sedes.png>
Package pdftex.def Info: graphics/sedes.png  used on input line 54.
(pdftex.def)             Requested size: 70.48732pt x 81.94481pt.
 [1

\openout5 = `presentation.upa'.

{/Users/grazianomarallo/Library/Application Support/MiKTeX/texmfs/data/pdftex/c
onfig/pdftex.map} <./graphics/KUL.pdf> <./graphics/sedes.png>] (presentation.to
c)
LaTeX Font Info:    External font `lmex10' loaded for size
(Font)              <12> on input line 62.
Package marginnote Info: Margin note 2.1 is on absolute page 2 on input line 62
.
Package marginnote Info: right page because not two side mode on input line 62.

Package marginnote Info: xpos seems to be 343.19536pt on input line 62.
File: graphics/sedes.png Graphic file (type png)
<use graphics/sedes.png>
Package pdftex.def Info: graphics/sedes.png  used on input line 62.
(pdftex.def)             Requested size: 70.48732pt x 81.94481pt.
File: graphics/KUL.pdf Graphic file (type pdf)
<use graphics/KUL.pdf>
Package pdftex.def Info: graphics/KUL.pdf  used on input line 62.
(pdftex.def)             Requested size: 38.24367pt x 13.65816pt.
 [2

]
\openout4 = `presentation.vrb'.

 (presentation.vrb
Package marginnote Info: Margin note 3.1 is on absolute page 3 on input line 20
.
Package marginnote Info: right page because not two side mode on input line 20.

Package marginnote Info: xpos seems to be 21.0pt on input line 20.
File: graphics/sedes.png Graphic file (type png)
<use graphics/sedes.png>
Package pdftex.def Info: graphics/sedes.png  used on input line 21.
(pdftex.def)             Requested size: 70.48732pt x 81.94481pt.
)
File: graphics/KUL.pdf Graphic file (type pdf)
<use graphics/KUL.pdf>
Package pdftex.def Info: graphics/KUL.pdf  used on input line 86.
(pdftex.def)             Requested size: 38.24367pt x 13.65816pt.
 [3

] (presentation.toc)
File: graphics/KUL.pdf Graphic file (type pdf)
<use graphics/KUL.pdf>
Package pdftex.def Info: graphics/KUL.pdf  used on input line 94.
(pdftex.def)             Requested size: 38.24367pt x 13.65816pt.

[4

]
\openout4 = `presentation.vrb'.

 (presentation.vrb
Package marginnote Info: Margin note 5.1 is on absolute page 5 on input line 10
.
Package marginnote Info: right page because not two side mode on input line 10.

Package marginnote Info: xpos seems to be 21.0pt on input line 10.
File: graphics/sedes.png Graphic file (type png)
<use graphics/sedes.png>
Package pdftex.def Info: graphics/sedes.png  used on input line 10.
(pdftex.def)             Requested size: 70.48732pt x 81.94481pt.
)
File: graphics/KUL.pdf Graphic file (type pdf)
<use graphics/KUL.pdf>
Package pdftex.def Info: graphics/KUL.pdf  used on input line 105.
(pdftex.def)             Requested size: 38.24367pt x 13.65816pt.
 [5

]
\openout4 = `presentation.vrb'.

 (presentation.vrb
LaTeX Font Info:    External font `lmex10' loaded for size
(Font)              <10> on input line 6.
LaTeX Font Info:    External font `lmex10' loaded for size
(Font)              <7> on input line 6.
LaTeX Font Info:    External font `lmex10' loaded for size
(Font)              <5> on input line 6.
LaTeX Font Info:    Font shape `OT1/lmss/m/it' in size <10> not available
(Font)              Font shape `OT1/lmss/m/sl' tried instead on input line 6.
File: graphics/sedes.png Graphic file (type png)
<use graphics/sedes.png>
Package pdftex.def Info: graphics/sedes.png  used on input line 17.
(pdftex.def)             Requested size: 70.48732pt x 81.94481pt.
)
File: graphics/KUL.pdf Graphic file (type pdf)
<use graphics/KUL.pdf>
Package pdftex.def Info: graphics/KUL.pdf  used on input line 124.
(pdftex.def)             Requested size: 38.24367pt x 13.65816pt.
 [6

]
\openout4 = `presentation.vrb'.

 (presentation.vrb
Package marginnote Info: Margin note 7.1 is on absolute page 7 on input line 6.

Package marginnote Info: right page because not two side mode on input line 6.
Package marginnote Info: xpos seems to be 21.0pt on input line 6.
<graphics/4wh/phase1.png, id=124, 683.55376pt x 131.49126pt>
File: graphics/4wh/phase1.png Graphic file (type png)
<use graphics/4wh/phase1.png>
Package pdftex.def Info: graphics/4wh/phase1.png  used on input line 8.
(pdftex.def)             Requested size: 257.75726pt x 49.58397pt.
)
File: graphics/KUL.pdf Graphic file (type pdf)
<use graphics/KUL.pdf>
Package pdftex.def Info: graphics/KUL.pdf  used on input line 146.
(pdftex.def)             Requested size: 38.24367pt x 13.65816pt.
 [7

 <./graphics/4wh/phase1.png>]
\openout4 = `presentation.vrb'.

 (presentation.vrb
<graphics/4wh/phase2.png, id=134, 676.5275pt x 185.69376pt>
File: graphics/4wh/phase2.png Graphic file (type png)
<use graphics/4wh/phase2.png>
Package pdftex.def Info: graphics/4wh/phase2.png  used on input line 5.
(pdftex.def)             Requested size: 257.75726pt x 70.75136pt.
Package marginnote Info: Margin note 8.1 is on absolute page 8 on input line 16
.
Package marginnote Info: right page because not two side mode on input line 16.

Package marginnote Info: xpos seems to be 21.0pt on input line 16.
File: graphics/sedes.png Graphic file (type png)
<use graphics/sedes.png>
Package pdftex.def Info: graphics/sedes.png  used on input line 17.
(pdftex.def)             Requested size: 70.48732pt x 81.94481pt.
)
File: graphics/KUL.pdf Graphic file (type pdf)
<use graphics/KUL.pdf>
Package pdftex.def Info: graphics/KUL.pdf  used on input line 165.
(pdftex.def)             Requested size: 38.24367pt x 13.65816pt.
 [8

 <./graphics/4wh/phase2.png>]
\openout4 = `presentation.vrb'.


(presentation.vrb
<graphics/4wh/phase3.png, id=144, 674.52pt x 188.705pt>
File: graphics/4wh/phase3.png Graphic file (type png)
<use graphics/4wh/phase3.png>
Package pdftex.def Info: graphics/4wh/phase3.png  used on input line 5.
(pdftex.def)             Requested size: 257.75726pt x 72.11176pt.
Package marginnote Info: Margin note 9.1 is on absolute page 9 on input line 18
.
Package marginnote Info: right page because not two side mode on input line 18.

Package marginnote Info: xpos seems to be 21.0pt on input line 18.
File: graphics/sedes.png Graphic file (type png)
<use graphics/sedes.png>
Package pdftex.def Info: graphics/sedes.png  used on input line 18.
(pdftex.def)             Requested size: 70.48732pt x 81.94481pt.
)
File: graphics/KUL.pdf Graphic file (type pdf)
<use graphics/KUL.pdf>
Package pdftex.def Info: graphics/KUL.pdf  used on input line 185.
(pdftex.def)             Requested size: 38.24367pt x 13.65816pt.
 [9

 <./graphics/4wh/phase3.png>]
\openout4 = `presentation.vrb'.

 (presentation.vrb
<graphics/4wh/phase4.png, id=154, 687.56876pt x 294.09875pt>
File: graphics/4wh/phase4.png Graphic file (type png)
<use graphics/4wh/phase4.png>
Package pdftex.def Info: graphics/4wh/phase4.png  used on input line 5.
(pdftex.def)             Requested size: 257.75726pt x 110.25085pt.
File: graphics/sedes.png Graphic file (type png)
<use graphics/sedes.png>
Package pdftex.def Info: graphics/sedes.png  used on input line 15.
(pdftex.def)             Requested size: 70.48732pt x 81.94481pt.
)
File: graphics/KUL.pdf Graphic file (type pdf)
<use graphics/KUL.pdf>
Package pdftex.def Info: graphics/KUL.pdf  used on input line 203.
(pdftex.def)             Requested size: 38.24367pt x 13.65816pt.
 [10

 <./graphics/4wh/phase4.png>] (presentation.toc)
File: graphics/KUL.pdf Graphic file (type pdf)
<use graphics/KUL.pdf>
Package pdftex.def Info: graphics/KUL.pdf  used on input line 210.
(pdftex.def)             Requested size: 38.24367pt x 13.65816pt.
 [11

]
\openout4 = `presentation.vrb'.

 (presentation.vrb
<graphics/krack/kracklogo.png, id=172, 220.825pt x 281.05pt>
File: graphics/krack/kracklogo.png Graphic file (type png)
<use graphics/krack/kracklogo.png>
Package pdftex.def Info: graphics/krack/kracklogo.png  used on input line 5.
(pdftex.def)             Requested size: 96.65958pt x 123.02339pt.
Package marginnote Info: Margin note 12.1 is on absolute page 12 on input line 
16.
Package marginnote Info: right page because not two side mode on input line 16.

Package marginnote Info: xpos seems to be 21.0pt on input line 16.
File: graphics/sedes.png Graphic file (type png)
<use graphics/sedes.png>
Package pdftex.def Info: graphics/sedes.png  used on input line 17.
(pdftex.def)             Requested size: 70.48732pt x 81.94481pt.
)
File: graphics/KUL.pdf Graphic file (type pdf)
<use graphics/KUL.pdf>
Package pdftex.def Info: graphics/KUL.pdf  used on input line 228.
(pdftex.def)             Requested size: 38.24367pt x 13.65816pt.
 [12

 <./graphics/krack/kracklogo.png>]
\openout4 = `presentation.vrb'.

 (presentation.vrb
<graphics/krack/k1.png, id=184, 713.66624pt x 298.11375pt>
File: graphics/krack/k1.png Graphic file (type png)
<use graphics/krack/k1.png>
Package pdftex.def Info: graphics/krack/k1.png  used on input line 7.
(pdftex.def)             Requested size: 193.31917pt x 80.75107pt.
File: graphics/sedes.png Graphic file (type png)
<use graphics/sedes.png>
Package pdftex.def Info: graphics/sedes.png  used on input line 17.
(pdftex.def)             Requested size: 70.48732pt x 81.94481pt.
)
File: graphics/KUL.pdf Graphic file (type pdf)
<use graphics/KUL.pdf>
Package pdftex.def Info: graphics/KUL.pdf  used on input line 247.
(pdftex.def)             Requested size: 38.24367pt x 13.65816pt.
 [13

 <./graphics/krack/k1.png>]
\openout4 = `presentation.vrb'.


(presentation.vrb
<graphics/krack/k2.png, id=194, 711.65875pt x 362.35374pt>
File: graphics/krack/k2.png Graphic file (type png)
<use graphics/krack/k2.png>
Package pdftex.def Info: graphics/krack/k2.png  used on input line 5.
(pdftex.def)             Requested size: 225.53577pt x 114.83316pt.
File: graphics/sedes.png Graphic file (type png)
<use graphics/sedes.png>
Package pdftex.def Info: graphics/sedes.png  used on input line 15.
(pdftex.def)             Requested size: 70.48732pt x 81.94481pt.
)
File: graphics/KUL.pdf Graphic file (type pdf)
<use graphics/KUL.pdf>
Package pdftex.def Info: graphics/KUL.pdf  used on input line 264.
(pdftex.def)             Requested size: 38.24367pt x 13.65816pt.
 [14

 <./graphics/krack/k2.png>]
\openout4 = `presentation.vrb'.

 (presentation.vrb
<graphics/krack/k3.png, id=203, 711.65875pt x 292.09125pt>
File: graphics/krack/k3.png Graphic file (type png)
<use graphics/krack/k3.png>
Package pdftex.def Info: graphics/krack/k3.png  used on input line 5.
(pdftex.def)             Requested size: 289.97385pt x 119.01387pt.
File: graphics/sedes.png Graphic file (type png)
<use graphics/sedes.png>
Package pdftex.def Info: graphics/sedes.png  used on input line 16.
(pdftex.def)             Requested size: 70.48732pt x 81.94481pt.
)
File: graphics/KUL.pdf Graphic file (type pdf)
<use graphics/KUL.pdf>
Package pdftex.def Info: graphics/KUL.pdf  used on input line 282.
(pdftex.def)             Requested size: 38.24367pt x 13.65816pt.
 [15

 <./graphics/krack/k3.png>]
\openout4 = `presentation.vrb'.

 (presentation.vrb
<graphics/krack/k4.png, id=212, 791.95876pt x 416.55624pt>
File: graphics/krack/k4.png Graphic file (type png)
<use graphics/krack/k4.png>
Package pdftex.def Info: graphics/krack/k4.png  used on input line 16.
(pdftex.def)             Requested size: 161.09767pt x 84.73354pt.
Package marginnote Info: Margin note 16.1 is on absolute page 16 on input line 
26.
Package marginnote Info: right page because not two side mode on input line 26.

Package marginnote Info: xpos seems to be 21.0pt on input line 26.
File: graphics/sedes.png Graphic file (type png)
<use graphics/sedes.png>
Package pdftex.def Info: graphics/sedes.png  used on input line 27.
(pdftex.def)             Requested size: 70.48732pt x 81.94481pt.
)
File: graphics/KUL.pdf Graphic file (type pdf)
<use graphics/KUL.pdf>
Package pdftex.def Info: graphics/KUL.pdf  used on input line 311.
(pdftex.def)             Requested size: 38.24367pt x 13.65816pt.
 [16

 <./graphics/krack/k4.png>]
\openout4 = `presentation.vrb'.


(presentation.vrb
<graphics/krack/k5.png, id=222, 792.9625pt x 414.54875pt>
File: graphics/krack/k5.png Graphic file (type png)
<use graphics/krack/k5.png>
Package pdftex.def Info: graphics/krack/k5.png  used on input line 6.
(pdftex.def)             Requested size: 177.20842pt x 92.63689pt.
pdfTeX warning (ext4): destination with the same identifier (name{fig:k4}) has 
been already used, duplicate ignored
<to be read again> 
                   \relax 
l.7 				\label{fig:k4}
                      
Overfull \hbox (16.11075pt too wide) in paragraph at lines 6--8
 [] 
 []

File: graphics/sedes.png Graphic file (type png)
<use graphics/sedes.png>
Package pdftex.def Info: graphics/sedes.png  used on input line 23.
(pdftex.def)             Requested size: 70.48732pt x 81.94481pt.
)
File: graphics/KUL.pdf Graphic file (type pdf)
<use graphics/KUL.pdf>
Package pdftex.def Info: graphics/KUL.pdf  used on input line 336.
(pdftex.def)             Requested size: 38.24367pt x 13.65816pt.
 [17

 <./graphics/krack/k5.png>] (presentation.toc)
File: graphics/KUL.pdf Graphic file (type pdf)
<use graphics/KUL.pdf>
Package pdftex.def Info: graphics/KUL.pdf  used on input line 343.
(pdftex.def)             Requested size: 38.24367pt x 13.65816pt.
 [18

]
\openout4 = `presentation.vrb'.

 (presentation.vrb
File: graphics/sedes.png Graphic file (type png)
<use graphics/sedes.png>
Package pdftex.def Info: graphics/sedes.png  used on input line 9.
(pdftex.def)             Requested size: 70.48732pt x 81.94481pt.
)
File: graphics/KUL.pdf Graphic file (type pdf)
<use graphics/KUL.pdf>
Package pdftex.def Info: graphics/KUL.pdf  used on input line 354.
(pdftex.def)             Requested size: 38.24367pt x 13.65816pt.

[19

]
\openout4 = `presentation.vrb'.

 (presentation.vrb
<graphics/fuzzing/fuz.png, id=248, 414.54875pt x 361.35pt>
File: graphics/fuzzing/fuz.png Graphic file (type png)
<use graphics/fuzzing/fuz.png>
Package pdftex.def Info: graphics/fuzzing/fuz.png  used on input line 5.
(pdftex.def)             Requested size: 96.65958pt x 84.25009pt.
File: graphics/sedes.png Graphic file (type png)
<use graphics/sedes.png>
Package pdftex.def Info: graphics/sedes.png  used on input line 15.
(pdftex.def)             Requested size: 70.48732pt x 81.94481pt.
)
File: graphics/KUL.pdf Graphic file (type pdf)
<use graphics/KUL.pdf>
Package pdftex.def Info: graphics/KUL.pdf  used on input line 371.
(pdftex.def)             Requested size: 38.24367pt x 13.65816pt.
 [20

 <./graphics/fuzzing/fuz.png (PNG copy)>]
\openout4 = `presentation.vrb'.


(presentation.vrb
<graphics/fuzzing/fuzz_stages.png, id=258, 147.9126pt x 236.5638pt>
File: graphics/fuzzing/fuzz_stages.png Graphic file (type png)
<use graphics/fuzzing/fuzz_stages.png>
Package pdftex.def Info: graphics/fuzzing/fuzz_stages.png  used on input line 1
6.
(pdftex.def)             Requested size: 96.65958pt x 154.59846pt.
File: graphics/sedes.png Graphic file (type png)
<use graphics/sedes.png>
Package pdftex.def Info: graphics/sedes.png  used on input line 22.
(pdftex.def)             Requested size: 70.48732pt x 81.94481pt.
)
File: graphics/KUL.pdf Graphic file (type pdf)
<use graphics/KUL.pdf>
Package pdftex.def Info: graphics/KUL.pdf  used on input line 396.
(pdftex.def)             Requested size: 38.24367pt x 13.65816pt.
 [21

 <./graphics/fuzzing/fuzz_stages.png>]
\openout4 = `presentation.vrb'.

 (presentation.vrb
Package marginnote Info: Margin note 22.1 is on absolute page 22 on input line 
11.
Package marginnote Info: right page because not two side mode on input line 11.

Package marginnote Info: xpos seems to be 21.0pt on input line 11.
File: graphics/sedes.png Graphic file (type png)
<use graphics/sedes.png>
Package pdftex.def Info: graphics/sedes.png  used on input line 11.
(pdftex.def)             Requested size: 70.48732pt x 81.94481pt.
)
File: graphics/KUL.pdf Graphic file (type pdf)
<use graphics/KUL.pdf>
Package pdftex.def Info: graphics/KUL.pdf  used on input line 410.
(pdftex.def)             Requested size: 38.24367pt x 13.65816pt.
[22

]
\openout4 = `presentation.vrb'.

 (presentation.vrb
Package marginnote Info: Margin note 23.1 is on absolute page 23 on input line 
13.
Package marginnote Info: right page because not two side mode on input line 13.

Package marginnote Info: xpos seems to be 21.0pt on input line 13.
File: graphics/sedes.png Graphic file (type png)
<use graphics/sedes.png>
Package pdftex.def Info: graphics/sedes.png  used on input line 14.
(pdftex.def)             Requested size: 70.48732pt x 81.94481pt.
)
File: graphics/KUL.pdf Graphic file (type pdf)
<use graphics/KUL.pdf>
Package pdftex.def Info: graphics/KUL.pdf  used on input line 426.
(pdftex.def)             Requested size: 38.24367pt x 13.65816pt.
 [23

] (presentation.toc)
File: graphics/KUL.pdf Graphic file (type pdf)
<use graphics/KUL.pdf>
Package pdftex.def Info: graphics/KUL.pdf  used on input line 436.
(pdftex.def)             Requested size: 38.24367pt x 13.65816pt.
 [24

]
\openout4 = `presentation.vrb'.

 (presentation.vrb
File: graphics/sedes.png Graphic file (type png)
<use graphics/sedes.png>
Package pdftex.def Info: graphics/sedes.png  used on input line 12.
(pdftex.def)             Requested size: 70.48732pt x 81.94481pt.
)
File: graphics/KUL.pdf Graphic file (type pdf)
<use graphics/KUL.pdf>
Package pdftex.def Info: graphics/KUL.pdf  used on input line 449.
(pdftex.def)             Requested size: 38.24367pt x 13.65816pt.

[25

]
\openout4 = `presentation.vrb'.

 (presentation.vrb
File: graphics/sedes.png Graphic file (type png)
<use graphics/sedes.png>
Package pdftex.def Info: graphics/sedes.png  used on input line 8.
(pdftex.def)             Requested size: 70.48732pt x 81.94481pt.
)
File: graphics/KUL.pdf Graphic file (type pdf)
<use graphics/KUL.pdf>
Package pdftex.def Info: graphics/KUL.pdf  used on input line 462.
(pdftex.def)             Requested size: 38.24367pt x 13.65816pt.
 [26

]
\openout4 = `presentation.vrb'.

 (presentation.vrb
File: graphics/sedes.png Graphic file (type png)
<use graphics/sedes.png>
Package pdftex.def Info: graphics/sedes.png  used on input line 7.
(pdftex.def)             Requested size: 70.48732pt x 81.94481pt.
)
File: graphics/KUL.pdf Graphic file (type pdf)
<use graphics/KUL.pdf>
Package pdftex.def Info: graphics/KUL.pdf  used on input line 472.
(pdftex.def)             Requested size: 38.24367pt x 13.65816pt.
 [27

] [28

] (biblio.tex)
File: graphics/KUL.pdf Graphic file (type pdf)
<use graphics/KUL.pdf>
Package pdftex.def Info: graphics/KUL.pdf  used on input line 495.
(pdftex.def)             Requested size: 38.24367pt x 13.65816pt.
 [29

 </Users/grazianomarallo/Library/Application Support/MiKTeX/texmfs/install/tex/
latex/beamer/beamericonarticle.pdf>]
\tf@nav=\write7
\openout7 = `presentation.nav'.

\tf@toc=\write8
\openout8 = `presentation.toc'.

\tf@snm=\write9
\openout9 = `presentation.snm'.

Package atveryend Info: Empty hook `BeforeClearDocument' on input line 498.
Package atveryend Info: Empty hook `AfterLastShipout' on input line 498.
 (presentation.aux)
Package atveryend Info: Executing hook `AtVeryEndDocument' on input line 498.
Package atveryend Info: Executing hook `AtEndAfterFileList' on input line 498.
Package rerunfilecheck Info: File `presentation.out' has not changed.
(rerunfilecheck)             Checksum: 4919D7555FE9ACC360832CB2323A2397;236.


LaTeX Warning: There were multiply-defined labels.

 ) 
Here is how much of TeX's memory you used:
 40897 strings out of 494889
 886009 string characters out of 3176356
 914205 words of memory out of 3000000
 43686 multiletter control sequences out of 15000+200000
 612746 words of font info for 88 fonts, out of 3000000 for 9000
 0 hyphenation exceptions out of 8191
 60i,16n,90p,971b,921s stack positions out of 5000i,500n,10000p,200000b,50000s
{/Users/grazianomarallo/Library/Application Support/MiKTeX/texmfs/install/fon
ts/enc/dvips/lm/lm-rm.enc}{/Users/grazianomarallo/Library/Application Support/M
iKTeX/texmfs/install/fonts/enc/dvips/lm/lm-mathsy.enc}</Users/grazianomarallo/L
ibrary/Application Support/MiKTeX/texmfs/install/fonts/type1/public/lm/lmss10.p
fb></Users/grazianomarallo/Library/Application Support/MiKTeX/texmfs/install/fo
nts/type1/public/lm/lmss12.pfb></Users/grazianomarallo/Library/Application Supp
ort/MiKTeX/texmfs/install/fonts/type1/public/lm/lmss8.pfb></Users/grazianomaral
lo/Library/Application Support/MiKTeX/texmfs/install/fonts/type1/public/lm/lmss
bx10.pfb></Users/grazianomarallo/Library/Application Support/MiKTeX/texmfs/inst
all/fonts/type1/public/lm/lmsso10.pfb></Users/grazianomarallo/Library/Applicati
on Support/MiKTeX/texmfs/install/fonts/type1/public/lm/lmsy10.pfb></Users/grazi
anomarallo/Library/Application Support/MiKTeX/texmfs/install/fonts/type1/public
/amsfonts/symbols/msam10.pfb>
Output written on presentation.pdf (29 pages, 1227574 bytes).
PDF statistics:
 380 PDF objects out of 1000 (max. 8388607)
 81 named destinations out of 1000 (max. 500000)
 249 words of extra memory for PDF output out of 10000 (max. 10000000)

