\BOOKMARK [0][]{chapter.1}{Introduction}{}% 1
\BOOKMARK [1][]{section.1.1}{Fuzzing}{chapter.1}% 2
\BOOKMARK [2][]{subsection.1.1.1}{General background}{section.1.1}% 3
\BOOKMARK [2][]{subsection.1.1.2}{Fuzzing process}{section.1.1}% 4
\BOOKMARK [2][]{subsection.1.1.3}{Types of Fuzzers}{section.1.1}% 5
\BOOKMARK [2][]{subsection.1.1.4}{Key Challenges in Fuzzing}{section.1.1}% 6
\BOOKMARK [2][]{subsection.1.1.5}{Coverage-Based Fuzzing - AFL}{section.1.1}% 7
\BOOKMARK [2][]{subsection.1.1.6}{Working process}{section.1.1}% 8
\BOOKMARK [2][]{subsection.1.1.7}{Fuzzing of protocols}{section.1.1}% 9
\BOOKMARK [1][]{section.1.2}{American Fuzzy Lop}{chapter.1}% 10
\BOOKMARK [2][]{subsection.1.2.1}{Approach to the problem}{section.1.2}% 11
\BOOKMARK [2][]{subsection.1.2.2}{Design goal of AFL-Fuzz}{section.1.2}% 12
\BOOKMARK [1][]{section.1.3}{4-Way Handshake principles}{chapter.1}% 13
\BOOKMARK [2][]{subsection.1.3.1}{Historical Background}{section.1.3}% 14
\BOOKMARK [2][]{subsection.1.3.2}{Functioning}{section.1.3}% 15
\BOOKMARK [1][]{section.1.4}{The KRACK attack}{chapter.1}% 16
\BOOKMARK [2][]{subsection.1.4.1}{Supplicant state machine}{section.1.4}% 17
\BOOKMARK [2][]{subsection.1.4.2}{Key Reinstallation Attack}{section.1.4}% 18
\BOOKMARK [2][]{subsection.1.4.3}{Plaintext Retransmission of message 3}{section.1.4}% 19
\BOOKMARK [1][]{section.1.5}{iNet Wireless Daemon}{chapter.1}% 20
\BOOKMARK [1][]{section.1.6}{Work done}{chapter.1}% 21
\BOOKMARK [2][]{subsection.1.6.1}{AFL-tutorial}{section.1.6}% 22
\BOOKMARK [2][]{subsection.1.6.2}{IWD}{section.1.6}% 23
\BOOKMARK [2][]{subsection.1.6.3}{Goals}{section.1.6}% 24
\BOOKMARK [0][]{chapter.2}{N/A}{}% 25
\BOOKMARK [0][]{chapter.3}{Design - N/A}{}% 26
\BOOKMARK [0][]{chapter.4}{Results- N/A}{}% 27
\BOOKMARK [0][]{chapter.5}{Final Conclusions - N/A}{}% 28
\BOOKMARK [0][]{chapter*.4}{Bibliography}{}% 29
