This is pdfTeX, Version 3.14159265-2.6-1.40.19 (MiKTeX 2.9.6840) (preloaded format=pdflatex 2018.10.16)  19 DEC 2018 19:00
entering extended mode
**"/Users/grazianomarallo/Dropbox/KU Leuven/Thesis/Thesis/Thesis.tex"
("/Users/grazianomarallo/Dropbox/KU Leuven/Thesis/Thesis/Thesis.tex"
LaTeX2e <2018-04-01> patch level 5

("/Users/grazianomarallo/Library/Application Support/MiKTeX/texmfs/install/tex/
latex/toptesi/toptesi.cls"
Document Class: toptesi 2018/05/06 v.\nobreakspace {}6.2.04 Class for typesetti
ng university theses

("/Users/grazianomarallo/Library/Application Support/MiKTeX/texmfs/install/tex/
latex/tools/trace.sty"
Package: trace 2014/10/28 v1.1d trace LaTeX code
)
("/Users/grazianomarallo/Library/Application Support/MiKTeX/texmfs/install/tex/
latex/xkeyval/xkeyval.sty"
Package: xkeyval 2014/12/03 v2.7a package option processing (HA)

("/Users/grazianomarallo/Library/Application Support/MiKTeX/texmfs/install/tex/
generic/xkeyval/xkeyval.tex"
("/Users/grazianomarallo/Library/Application Support/MiKTeX/texmfs/install/tex/
generic/xkeyval/xkvutils.tex"
\XKV@toks=\toks14
\XKV@tempa@toks=\toks15

("/Users/grazianomarallo/Library/Application Support/MiKTeX/texmfs/install/tex/
generic/xkeyval/keyval.tex"))
\XKV@depth=\count80
File: xkeyval.tex 2014/12/03 v2.7a key=value parser (HA)
))
("/Users/grazianomarallo/Library/Application Support/MiKTeX/texmfs/install/tex/
latex/base/report.cls"
Document Class: report 2014/09/29 v1.4h Standard LaTeX document class

("/Users/grazianomarallo/Library/Application Support/MiKTeX/texmfs/install/tex/
latex/base/size12.clo"
File: size12.clo 2014/09/29 v1.4h Standard LaTeX file (size option)
)
\c@part=\count81
\c@chapter=\count82
\c@section=\count83
\c@subsection=\count84
\c@subsubsection=\count85
\c@paragraph=\count86
\c@subparagraph=\count87
\c@figure=\count88
\c@table=\count89
\abovecaptionskip=\skip41
\belowcaptionskip=\skip42
\bibindent=\dimen102
)
("/Users/grazianomarallo/Library/Application Support/MiKTeX/texmfs/install/tex/
latex/iftex/iftex.sty"
Package: iftex 2013/04/04 v0.2 Provides if(tex) conditional for PDFTeX, XeTeX, 
and LuaTeX
)
("/Users/grazianomarallo/Library/Application Support/MiKTeX/texmfs/install/tex/
generic/babel/babel.sty"
Package: babel 2018/10/03 3.25 The Babel package

("/Users/grazianomarallo/Library/Application Support/MiKTeX/texmfs/install/tex/
generic/babel/switch.def"
File: switch.def 2018/10/03 3.25 Babel switching mechanism
)
*************************************
* Local config file bblopts.cfg used
*

("/Users/grazianomarallo/Library/Application Support/MiKTeX/texmfs/install/tex/
latex/arabi/bblopts.cfg"
File: bblopts.cfg 2005/09/08 v0.1 add Arabic and Farsi to "declared" options of
 babel
)
("/Users/grazianomarallo/Library/Application Support/MiKTeX/texmfs/install/tex/
latex/babel-english/english.ldf"
Language: english 2017/06/06 v3.3r English support from the babel system

("/Users/grazianomarallo/Library/Application Support/MiKTeX/texmfs/install/tex/
generic/babel/babel.def"
File: babel.def 2018/10/03 3.25 Babel common definitions
\babel@savecnt=\count90
\U@D=\dimen103

("/Users/grazianomarallo/Library/Application Support/MiKTeX/texmfs/install/tex/
generic/babel/txtbabel.def")
\bbl@dirlevel=\count91
)
\l@british = a dialect from \language\l@english 
\l@UKenglish = a dialect from \language\l@english 
\l@american = a dialect from \language\l@english 
\l@canadian = a dialect from \language\l@american 
\l@australian = a dialect from \language\l@british 
\l@newzealand = a dialect from \language\l@british 
)
("/Users/grazianomarallo/Library/Application Support/MiKTeX/texmfs/install/tex/
latex/babel-italian/italian.ldf"
Language: italian 2015/03/26 v1.3n Italian support from the babel system


Package babel Warning: No hyphenation patterns were preloaded for
(babel)                the language `Italian' into the format.
(babel)                Please, configure your TeX system to add them and
(babel)                rebuild the format. Now I will use the patterns
(babel)                preloaded for \language=0 instead on input line 26.

\l@italian = a dialect from \language0
\it@lettering=\count92
\it@doublequoteactive=\count93
\it@ISOcompliance=\count94
))
("/Users/grazianomarallo/Library/Application Support/MiKTeX/texmfs/install/tex/
latex/etoolbox/etoolbox.sty"
Package: etoolbox 2018/08/19 v2.5f e-TeX tools for LaTeX (JAW)
\etb@tempcnta=\count95
))
("/Users/grazianomarallo/Library/Application Support/MiKTeX/texmfs/install/tex/
latex/toptesi/toptesi.sty"
Package: toptesi 2018/05/06 v.\unhbox \voidb@x \penalty \@M \ 6.2.04 Extension 
for toptesi.cls
\T@Pbinding=\skip43

("/Users/grazianomarallo/Library/Application Support/MiKTeX/texmfs/install/tex/
latex/koma-script/scrextend.sty"
Package: scrextend 2018/03/30 v3.25 KOMA-Script package (extend other classes w
ith features of KOMA-Script classes)

("/Users/grazianomarallo/Library/Application Support/MiKTeX/texmfs/install/tex/
latex/koma-script/scrkbase.sty"
Package: scrkbase 2018/03/30 v3.25 KOMA-Script package (KOMA-Script-dependent b
asics and keyval usage)

("/Users/grazianomarallo/Library/Application Support/MiKTeX/texmfs/install/tex/
latex/koma-script/scrbase.sty"
Package: scrbase 2018/03/30 v3.25 KOMA-Script package (KOMA-Script-independent 
basics and keyval usage)

("/Users/grazianomarallo/Library/Application Support/MiKTeX/texmfs/install/tex/
latex/koma-script/scrlfile.sty"
Package: scrlfile 2018/03/30 v3.25 KOMA-Script package (loading files)
))))
("/Users/grazianomarallo/Library/Application Support/MiKTeX/texmfs/install/tex/
latex/tools/xspace.sty"
Package: xspace 2014/10/28 v1.13 Space after command names (DPC,MH)
)
("/Users/grazianomarallo/Library/Application Support/MiKTeX/texmfs/install/tex/
latex/l3packages/xparse/xparse.sty"
("/Users/grazianomarallo/Library/Application Support/MiKTeX/texmfs/install/tex/
latex/l3kernel/expl3.sty"
Package: expl3 2018-09-24 L3 programming layer (loader) 

("/Users/grazianomarallo/Library/Application Support/MiKTeX/texmfs/install/tex/
latex/l3kernel/expl3-code.tex"
Package: expl3 2018-09-24 L3 programming layer (code)
\c_max_int=\count96
\l_tmpa_int=\count97
\l_tmpb_int=\count98
\g_tmpa_int=\count99
\g_tmpb_int=\count100
\g__kernel_prg_map_int=\count101
\c_log_iow=\count102
\l_iow_line_count_int=\count103
\l__iow_line_target_int=\count104
\l__iow_one_indent_int=\count105
\l__iow_indent_int=\count106
\c_zero_dim=\dimen104
\c_max_dim=\dimen105
\l_tmpa_dim=\dimen106
\l_tmpb_dim=\dimen107
\g_tmpa_dim=\dimen108
\g_tmpb_dim=\dimen109
\c_zero_skip=\skip44
\c_max_skip=\skip45
\l_tmpa_skip=\skip46
\l_tmpb_skip=\skip47
\g_tmpa_skip=\skip48
\g_tmpb_skip=\skip49
\c_zero_muskip=\muskip10
\c_max_muskip=\muskip11
\l_tmpa_muskip=\muskip12
\l_tmpb_muskip=\muskip13
\g_tmpa_muskip=\muskip14
\g_tmpb_muskip=\muskip15
\l_keys_choice_int=\count107
\l__intarray_loop_int=\count108
\c__intarray_sp_dim=\dimen110
\g__intarray_font_int=\count109
\c__fp_leading_shift_int=\count110
\c__fp_middle_shift_int=\count111
\c__fp_trailing_shift_int=\count112
\c__fp_big_leading_shift_int=\count113
\c__fp_big_middle_shift_int=\count114
\c__fp_big_trailing_shift_int=\count115
\c__fp_Bigg_leading_shift_int=\count116
\c__fp_Bigg_middle_shift_int=\count117
\c__fp_Bigg_trailing_shift_int=\count118
\c__kernel_randint_max_int=\count119
\g__fp_array_int=\count120
\l__fp_array_loop_int=\count121
\l__sort_length_int=\count122
\l__sort_min_int=\count123
\l__sort_top_int=\count124
\l__sort_max_int=\count125
\l__sort_true_max_int=\count126
\l__sort_block_int=\count127
\l__sort_begin_int=\count128
\l__sort_end_int=\count129
\l__sort_A_int=\count130
\l__sort_B_int=\count131
\l__sort_C_int=\count132
\l__tl_analysis_normal_int=\count133
\l__tl_analysis_index_int=\count134
\l__tl_analysis_nesting_int=\count135
\l__tl_analysis_type_int=\count136
\l__regex_internal_a_int=\count137
\l__regex_internal_b_int=\count138
\l__regex_internal_c_int=\count139
\l__regex_balance_int=\count140
\l__regex_group_level_int=\count141
\l__regex_mode_int=\count142
\c__regex_cs_in_class_mode_int=\count143
\c__regex_cs_mode_int=\count144
\l__regex_catcodes_int=\count145
\l__regex_default_catcodes_int=\count146
\c__regex_catcode_D_int=\count147
\c__regex_catcode_S_int=\count148
\c__regex_catcode_L_int=\count149
\c__regex_catcode_O_int=\count150
\c__regex_catcode_A_int=\count151
\c__regex_all_catcodes_int=\count152
\l__regex_show_lines_int=\count153
\l__regex_min_state_int=\count154
\l__regex_max_state_int=\count155
\l__regex_left_state_int=\count156
\l__regex_right_state_int=\count157
\l__regex_capturing_group_int=\count158
\l__regex_min_pos_int=\count159
\l__regex_max_pos_int=\count160
\l__regex_curr_pos_int=\count161
\l__regex_start_pos_int=\count162
\l__regex_success_pos_int=\count163
\l__regex_curr_char_int=\count164
\l__regex_curr_catcode_int=\count165
\l__regex_last_char_int=\count166
\l__regex_case_changed_char_int=\count167
\l__regex_curr_state_int=\count168
\l__regex_step_int=\count169
\l__regex_min_active_int=\count170
\l__regex_max_active_int=\count171
\l__regex_replacement_csnames_int=\count172
\l__regex_match_count_int=\count173
\l__regex_min_submatch_int=\count174
\l__regex_submatch_int=\count175
\l__regex_zeroth_submatch_int=\count176
\g__regex_trace_regex_int=\count177
\c_empty_box=\box26
\l_tmpa_box=\box27
\l_tmpb_box=\box28
\g_tmpa_box=\box29
\g_tmpb_box=\box30
\l__box_top_dim=\dimen111
\l__box_bottom_dim=\dimen112
\l__box_left_dim=\dimen113
\l__box_right_dim=\dimen114
\l__box_top_new_dim=\dimen115
\l__box_bottom_new_dim=\dimen116
\l__box_left_new_dim=\dimen117
\l__box_right_new_dim=\dimen118
\l__box_internal_box=\box31
\l__coffin_internal_box=\box32
\l__coffin_internal_dim=\dimen119
\l__coffin_offset_x_dim=\dimen120
\l__coffin_offset_y_dim=\dimen121
\l__coffin_x_dim=\dimen122
\l__coffin_y_dim=\dimen123
\l__coffin_x_prime_dim=\dimen124
\l__coffin_y_prime_dim=\dimen125
\c_empty_coffin=\box33
\l__coffin_aligned_coffin=\box34
\l__coffin_aligned_internal_coffin=\box35
\l_tmpa_coffin=\box36
\l_tmpb_coffin=\box37
\l__coffin_display_coffin=\box38
\l__coffin_display_coord_coffin=\box39
\l__coffin_display_pole_coffin=\box40
\l__coffin_display_offset_dim=\dimen126
\l__coffin_display_x_dim=\dimen127
\l__coffin_display_y_dim=\dimen128
\g__file_internal_ior=\read1
\l__coffin_bounding_shift_dim=\dimen129
\l__coffin_left_corner_dim=\dimen130
\l__coffin_right_corner_dim=\dimen131
\l__coffin_bottom_corner_dim=\dimen132
\l__coffin_top_corner_dim=\dimen133
\l__coffin_scaled_total_height_dim=\dimen134
\l__coffin_scaled_width_dim=\dimen135
\l__seq_internal_a_int=\count178
\l__seq_internal_b_int=\count179
)
("/Users/grazianomarallo/Library/Application Support/MiKTeX/texmfs/install/tex/
latex/l3kernel/l3pdfmode.def"
File: l3pdfmode.def 2018-09-24 v L3 Experimental driver: PDF mode
\l__driver_color_stack_int=\count180
))
Package: xparse 2018-09-24 L3 Experimental document command parser
\l__xparse_current_arg_int=\count181
\g__xparse_grabber_int=\count182
\l__xparse_m_args_int=\count183
\l__xparse_mandatory_args_int=\count184
\l__xparse_v_nesting_int=\count185
)
("/Users/grazianomarallo/Library/Application Support/MiKTeX/texmfs/install/tex/
latex/graphics/graphicx.sty"
Package: graphicx 2017/06/01 v1.1a Enhanced LaTeX Graphics (DPC,SPQR)

("/Users/grazianomarallo/Library/Application Support/MiKTeX/texmfs/install/tex/
latex/graphics/graphics.sty"
Package: graphics 2017/06/25 v1.2c Standard LaTeX Graphics (DPC,SPQR)

("/Users/grazianomarallo/Library/Application Support/MiKTeX/texmfs/install/tex/
latex/graphics/trig.sty"
Package: trig 2016/01/03 v1.10 sin cos tan (DPC)
)
("/Users/grazianomarallo/Library/Application Support/MiKTeX/texmfs/install/tex/
latex/graphics-cfg/graphics.cfg"
File: graphics.cfg 2016/06/04 v1.11 sample graphics configuration
)
Package graphics Info: Driver file: pdftex.def on input line 99.

("/Users/grazianomarallo/Library/Application Support/MiKTeX/texmfs/install/tex/
latex/graphics-def/pdftex.def"
File: pdftex.def 2018/01/08 v1.0l Graphics/color driver for pdftex
))
\Gin@req@height=\dimen136
\Gin@req@width=\dimen137
)
\interno=\skip50
\@intesta=\box41
\SDcaptionwidth=\dimen138
\SDfigurewidth=\dimen139
\SDlinewidth=\dimen140
\SDfigbox=\box42
\SDcapbox=\box43
\c@SDpage=\count186
\c@NumberSD=\count187
.................................................
. LaTeX info: "xparse/define-command"
. 
. Defining command \captionSD with sig. 's O{} m' on line 444.
.................................................
.................................................
. LaTeX info: "xparse/define-environment"
. 
. Defining environment 'SDbox' with sig. ' G{} s O{0.5} ' on line 498.
.................................................
.................................................
. LaTeX info: "xparse/define-command"
. 
. Defining command \SDcaption with sig. ' O{} m G{} ' on line 534.
.................................................
LaTeX Font Info:    Redeclaring math symbol \virgola on input line 578.
LaTeX Font Info:    Redeclaring math symbol \virgoladecimale on input line 579.

\c@tomo=\count188
)
("/Users/grazianomarallo/Library/Application Support/MiKTeX/texmfs/install/tex/
latex/hyperref/hyperref.sty"
Package: hyperref 2018/09/30 v6.88a Hypertext links for LaTeX

("/Users/grazianomarallo/Library/Application Support/MiKTeX/texmfs/install/tex/
generic/oberdiek/hobsub-hyperref.sty"
Package: hobsub-hyperref 2016/05/16 v1.14 Bundle oberdiek, subset hyperref (HO)


("/Users/grazianomarallo/Library/Application Support/MiKTeX/texmfs/install/tex/
generic/oberdiek/hobsub-generic.sty"
Package: hobsub-generic 2016/05/16 v1.14 Bundle oberdiek, subset generic (HO)
Package: hobsub 2016/05/16 v1.14 Construct package bundles (HO)
Package: infwarerr 2016/05/16 v1.4 Providing info/warning/error messages (HO)
Package: ltxcmds 2016/05/16 v1.23 LaTeX kernel commands for general use (HO)
Package: ifluatex 2016/05/16 v1.4 Provides the ifluatex switch (HO)
Package ifluatex Info: LuaTeX not detected.
Package: ifvtex 2016/05/16 v1.6 Detect VTeX and its facilities (HO)
Package ifvtex Info: VTeX not detected.
Package: intcalc 2016/05/16 v1.2 Expandable calculations with integers (HO)
Package: ifpdf 2018/09/07 v3.3 Provides the ifpdf switch
Package: etexcmds 2016/05/16 v1.6 Avoid name clashes with e-TeX commands (HO)
Package etexcmds Info: Could not find \expanded.
(etexcmds)             That can mean that you are not using pdfTeX 1.50 or
(etexcmds)             that some package has redefined \expanded.
(etexcmds)             In the latter case, load this package earlier.
Package: kvsetkeys 2016/05/16 v1.17 Key value parser (HO)
Package: kvdefinekeys 2016/05/16 v1.4 Define keys (HO)
Package: pdftexcmds 2018/09/10 v0.29 Utility functions of pdfTeX for LuaTeX (HO
)
Package pdftexcmds Info: LuaTeX not detected.
Package pdftexcmds Info: \pdf@primitive is available.
Package pdftexcmds Info: \pdf@ifprimitive is available.
Package pdftexcmds Info: \pdfdraftmode found.
Package: pdfescape 2016/05/16 v1.14 Implements pdfTeX's escape features (HO)
Package: bigintcalc 2016/05/16 v1.4 Expandable calculations on big integers (HO
)
Package: bitset 2016/05/16 v1.2 Handle bit-vector datatype (HO)
Package: uniquecounter 2016/05/16 v1.3 Provide unlimited unique counter (HO)
)
Package hobsub Info: Skipping package `hobsub' (already loaded).
Package: letltxmacro 2016/05/16 v1.5 Let assignment for LaTeX macros (HO)
Package: hopatch 2016/05/16 v1.3 Wrapper for package hooks (HO)
Package: xcolor-patch 2016/05/16 xcolor patch
Package: atveryend 2016/05/16 v1.9 Hooks at the very end of document (HO)
Package: atbegshi 2016/06/09 v1.18 At begin shipout hook (HO)
Package: refcount 2016/05/16 v3.5 Data extraction from label references (HO)
Package: hycolor 2016/05/16 v1.8 Color options for hyperref/bookmark (HO)
)
("/Users/grazianomarallo/Library/Application Support/MiKTeX/texmfs/install/tex/
generic/ifxetex/ifxetex.sty"
Package: ifxetex 2010/09/12 v0.6 Provides ifxetex conditional
)
("/Users/grazianomarallo/Library/Application Support/MiKTeX/texmfs/install/tex/
latex/oberdiek/auxhook.sty"
Package: auxhook 2016/05/16 v1.4 Hooks for auxiliary files (HO)
)
("/Users/grazianomarallo/Library/Application Support/MiKTeX/texmfs/install/tex/
latex/oberdiek/kvoptions.sty"
Package: kvoptions 2016/05/16 v3.12 Key value format for package options (HO)
)
\@linkdim=\dimen141
\Hy@linkcounter=\count189
\Hy@pagecounter=\count190

("/Users/grazianomarallo/Library/Application Support/MiKTeX/texmfs/install/tex/
latex/hyperref/pd1enc.def"
File: pd1enc.def 2018/09/30 v6.88a Hyperref: PDFDocEncoding definition (HO)
Now handling font encoding PD1 ...
... no UTF-8 mapping file for font encoding PD1
)
\Hy@SavedSpaceFactor=\count191

("/Users/grazianomarallo/Library/Application Support/MiKTeX/texmfs/install/tex/
latex/00miktex/hyperref.cfg"
File: hyperref.cfg 2002/06/06 v1.2 hyperref configuration of TeXLive
)
Package hyperref Info: Hyper figures OFF on input line 4535.
Package hyperref Info: Link nesting OFF on input line 4540.
Package hyperref Info: Hyper index ON on input line 4543.
Package hyperref Info: Plain pages OFF on input line 4550.
Package hyperref Info: Backreferencing OFF on input line 4555.
Package hyperref Info: Implicit mode ON; LaTeX internals redefined.
Package hyperref Info: Bookmarks ON on input line 4788.
\c@Hy@tempcnt=\count192

("/Users/grazianomarallo/Library/Application Support/MiKTeX/texmfs/install/tex/
latex/url/url.sty"
\Urlmuskip=\muskip16
Package: url 2013/09/16  ver 3.4  Verb mode for urls, etc.
)
LaTeX Info: Redefining \url on input line 5141.
\XeTeXLinkMargin=\dimen142
\Fld@menulength=\count193
\Field@Width=\dimen143
\Fld@charsize=\dimen144
Package hyperref Info: Hyper figures OFF on input line 6396.
Package hyperref Info: Link nesting OFF on input line 6401.
Package hyperref Info: Hyper index ON on input line 6404.
Package hyperref Info: backreferencing OFF on input line 6411.
Package hyperref Info: Link coloring OFF on input line 6416.
Package hyperref Info: Link coloring with OCG OFF on input line 6421.
Package hyperref Info: PDF/A mode OFF on input line 6426.
LaTeX Info: Redefining \ref on input line 6466.
LaTeX Info: Redefining \pageref on input line 6470.
\Hy@abspage=\count194
\c@Item=\count195
\c@Hfootnote=\count196
)
Package hyperref Info: Driver (autodetected): hpdftex.

("/Users/grazianomarallo/Library/Application Support/MiKTeX/texmfs/install/tex/
latex/hyperref/hpdftex.def"
File: hpdftex.def 2018/09/30 v6.88a Hyperref driver for pdfTeX
\Fld@listcount=\count197
\c@bookmark@seq@number=\count198

("/Users/grazianomarallo/Library/Application Support/MiKTeX/texmfs/install/tex/
latex/oberdiek/rerunfilecheck.sty"
Package: rerunfilecheck 2016/05/16 v1.8 Rerun checks for auxiliary files (HO)
Package uniquecounter Info: New unique counter `rerunfilecheck' on input line 2
82.
)
\Hy@SectionHShift=\skip51
)
Package hyperref Info: Option `bookmarksopen' set `true' on input line 30.
Package hyperref Info: Option `colorlinks' set `true' on input line 30.

("/Users/grazianomarallo/Library/Application Support/MiKTeX/texmfs/install/tex/
latex/base/inputenc.sty"
Package: inputenc 2018/04/06 v1.3b Input encoding file
\inpenc@prehook=\toks16
\inpenc@posthook=\toks17

("/Users/grazianomarallo/Library/Application Support/MiKTeX/texmfs/install/tex/
latex/base/latin1.def"
File: latin1.def 2018/04/06 v1.3b Input encoding file
)) (commands.tex
("/Users/grazianomarallo/Library/Application Support/MiKTeX/texmfs/install/tex/
latex/doi/doi.sty"
Package: doi 2018/09/09 handle doi numbers
)
("/Users/grazianomarallo/Library/Application Support/MiKTeX/texmfs/install/tex/
latex/siunitx/siunitx.sty"
Package: siunitx 2018/05/17 v2.7s A comprehensive (SI) units package

("/Users/grazianomarallo/Library/Application Support/MiKTeX/texmfs/install/tex/
latex/amsmath/amstext.sty"
Package: amstext 2000/06/29 v2.01 AMS text

("/Users/grazianomarallo/Library/Application Support/MiKTeX/texmfs/install/tex/
latex/amsmath/amsgen.sty"
File: amsgen.sty 1999/11/30 v2.0 generic functions
\@emptytoks=\toks18
\ex@=\dimen145
))
("/Users/grazianomarallo/Library/Application Support/MiKTeX/texmfs/install/tex/
latex/tools/array.sty"
Package: array 2018/04/30 v2.4h Tabular extension package (FMi)
\col@sep=\dimen146
\ar@mcellbox=\box44
\extrarowheight=\dimen147
\NC@list=\toks19
\extratabsurround=\skip52
\backup@length=\skip53
\ar@cellbox=\box45
)
("/Users/grazianomarallo/Library/Application Support/MiKTeX/texmfs/install/tex/
latex/l3packages/l3keys2e/l3keys2e.sty"
Package: l3keys2e 2018-09-24 LaTeX2e option processing using LaTeX3 keys
)
\l__siunitx_tmp_box=\box46
\l__siunitx_tmp_dim=\dimen148
\l__siunitx_tmp_int=\count199
\l__siunitx_number_mantissa_length_int=\count266
\l__siunitx_number_uncert_length_int=\count267
\l__siunitx_round_int=\count268
\l__siunitx_process_decimal_int=\count269
\l__siunitx_process_uncertainty_int=\count270
\l__siunitx_process_fixed_int=\count271
\l__siunitx_process_integer_min_int=\count272
\l__siunitx_process_precision_int=\count273
\l__siunitx_group_min_int=\count274
\l__siunitx_angle_marker_box=\box47
\l__siunitx_angle_unit_box=\box48
\l__siunitx_angle_marker_dim=\dimen149
\l__siunitx_angle_unit_dim=\dimen150
\l__siunitx_unit_int=\count275
\l__siunitx_unit_denominator_int=\count276
\l__siunitx_unit_numerator_int=\count277
\l__siunitx_unit_prefix_int=\count278
\l__siunitx_unit_prefix_base_int=\count279
\l__siunitx_unit_prefix_gram_int=\count280
\l__siunitx_number_product_int=\count281
\c__siunitx_one_fill_skip=\skip54
\l__siunitx_table_unit_align_skip=\skip55
\l__siunitx_table_exponent_dim=\dimen151
\l__siunitx_table_integer_dim=\dimen152
\l__siunitx_table_mantissa_dim=\dimen153
\l__siunitx_table_marker_dim=\dimen154
\l__siunitx_table_result_dim=\dimen155
\l__siunitx_table_uncert_dim=\dimen156
\l__siunitx_table_fill_pre_dim=\dimen157
\l__siunitx_table_fill_post_dim=\dimen158
\l__siunitx_table_fill_mid_dim=\dimen159
\l__siunitx_table_pre_box=\box49
\l__siunitx_table_post_box=\box50
\l__siunitx_table_mantissa_box=\box51
\l__siunitx_table_result_box=\box52
\l__siunitx_table_number_align_skip=\skip56
\l__siunitx_table_text_align_skip=\skip57
.................................................
. LaTeX info: "xparse/define-command"
. 
. Defining command \DeclareBinaryPrefix with sig. 'mmm' on line 7237.
.................................................
.................................................
. LaTeX info: "xparse/define-command"
. 
. Defining command \DeclareSIPostPower with sig. 'mm' on line 7240.
.................................................
.................................................
. LaTeX info: "xparse/define-command"
. 
. Defining command \DeclareSIPrefix with sig. 'mmm' on line 7243.
.................................................
.................................................
. LaTeX info: "xparse/define-command"
. 
. Defining command \DeclareSIPrePower with sig. 'mm' on line 7246.
.................................................
.................................................
. LaTeX info: "xparse/define-command"
. 
. Defining command \DeclareSIQualifier with sig. 'mm' on line 7249.
.................................................
.................................................
. LaTeX info: "xparse/define-command"
. 
. Defining command \DeclareSIUnit with sig. 'O{}mm' on line 7252.
.................................................
.................................................
. LaTeX info: "xparse/define-command"
. 
. Defining command \DeclareSIUnitWithOptions with sig. 'mmm' on line 7255.
.................................................
.................................................
. LaTeX info: "xparse/define-command"
. 
. Defining command \ang with sig. 'o>{\SplitArgument {2}{;}}m' on line 7270.
.................................................
.................................................
. LaTeX info: "xparse/define-command"
. 
. Defining command \num with sig. 'om' on line 7279.
.................................................
.................................................
. LaTeX info: "xparse/define-command"
. 
. Defining command \numlist with sig. 'o>{\SplitList {;}}m' on line 7288.
.................................................
.................................................
. LaTeX info: "xparse/define-command"
. 
. Defining command \numrange with sig. 'omm' on line 7297.
.................................................
.................................................
. LaTeX info: "xparse/define-command"
. 
. Defining command \SIlist with sig. 'o>{\SplitList {;}}mm' on line 7309.
.................................................
.................................................
. LaTeX info: "xparse/define-command"
. 
. Defining command \SIrange with sig. 'ommm' on line 7321.
.................................................
.................................................
. LaTeX info: "xparse/define-command"
. 
. Defining command \SI with sig. 'omom' on line 7333.
.................................................
.................................................
. LaTeX info: "xparse/define-command"
. 
. Defining command \sisetup with sig. 'm' on line 7336.
.................................................
.................................................
. LaTeX info: "xparse/define-command"
. 
. Defining command \tablenum with sig. 'om' on line 7351.
.................................................
.................................................
. LaTeX info: "xparse/define-command"
. 
. Defining command \si with sig. 'om' on line 7363.
.................................................
.................................................
. LaTeX info: "xparse/define-command"
. 
. Defining command \numInBookmark with sig. 'om' on line 7410.
.................................................
.................................................
. LaTeX info: "xparse/define-command"
. 
. Defining command \numrangeInBookmark with sig. 'omm' on line 7412.
.................................................
.................................................
. LaTeX info: "xparse/define-command"
. 
. Defining command \SIInBookmark with sig. 'omom' on line 7414.
.................................................
.................................................
. LaTeX info: "xparse/define-command"
. 
. Defining command \SIlistInBookmark with sig. 'omm' on line 7416.
.................................................
.................................................
. LaTeX info: "xparse/define-command"
. 
. Defining command \SIrangeInBookmark with sig. 'ommm' on line 7418.
.................................................
.................................................
. LaTeX info: "xparse/define-command"
. 
. Defining command \siInBookmark with sig. 'om' on line 7419.
.................................................

("/Users/grazianomarallo/Library/Application Support/MiKTeX/texmfs/install/tex/
latex/translator/translator.sty"
Package: translator 2018/01/04 v1.12 Easy translation of strings in LaTeX
))
("/Users/grazianomarallo/Library/Application Support/MiKTeX/texmfs/install/tex/
latex/listings/listings.sty"
\lst@mode=\count282
\lst@gtempboxa=\box53
\lst@token=\toks20
\lst@length=\count283
\lst@currlwidth=\dimen160
\lst@column=\count284
\lst@pos=\count285
\lst@lostspace=\dimen161
\lst@width=\dimen162
\lst@newlines=\count286
\lst@lineno=\count287
\lst@maxwidth=\dimen163

("/Users/grazianomarallo/Library/Application Support/MiKTeX/texmfs/install/tex/
latex/listings/lstmisc.sty"
File: lstmisc.sty 2018/09/02 1.7 (Carsten Heinz)
\c@lstnumber=\count288
\lst@skipnumbers=\count289
\lst@framebox=\box54
)
("/Users/grazianomarallo/Library/Application Support/MiKTeX/texmfs/install/tex/
latex/listings/listings.cfg"
File: listings.cfg 2018/09/02 1.7 listings configuration
))
Package: listings 2018/09/02 1.7 (Carsten Heinz)
) (Thesis.aux)
\openout1 = `Thesis.aux'.

LaTeX Font Info:    Checking defaults for OML/cmm/m/it on input line 55.
LaTeX Font Info:    ... okay on input line 55.
LaTeX Font Info:    Checking defaults for T1/cmr/m/n on input line 55.
LaTeX Font Info:    ... okay on input line 55.
LaTeX Font Info:    Checking defaults for OT1/cmr/m/n on input line 55.
LaTeX Font Info:    ... okay on input line 55.
LaTeX Font Info:    Checking defaults for OMS/cmsy/m/n on input line 55.
LaTeX Font Info:    ... okay on input line 55.
LaTeX Font Info:    Checking defaults for OMX/cmex/m/n on input line 55.
LaTeX Font Info:    ... okay on input line 55.
LaTeX Font Info:    Checking defaults for U/cmr/m/n on input line 55.
LaTeX Font Info:    ... okay on input line 55.
LaTeX Font Info:    Checking defaults for PD1/pdf/m/n on input line 55.
LaTeX Font Info:    ... okay on input line 55.
LaTeX Info: Redefining \it@ocap on input line 55.
LaTeX Info: Redefining \it@ccap on input line 55.


File italian.ldf warning: 
italian.ldf    With OT1 encoding guillemets are poorly faked
italian.ldf    Use T1 encoding
italian.ldf    or specify a font with command \CaporaliFrom
italian.ldf    See the documentation concerning the babel-italian typesetting 
italian.ldf    on input line 55.


("/Users/grazianomarallo/Library/Application Support/MiKTeX/texmfs/install/tex/
context/base/supp-pdf.mkii"
[Loading MPS to PDF converter (version 2006.09.02).]
\scratchcounter=\count290
\scratchdimen=\dimen164
\scratchbox=\box55
\nofMPsegments=\count291
\nofMParguments=\count292
\everyMPshowfont=\toks21
\MPscratchCnt=\count293
\MPscratchDim=\dimen165
\MPnumerator=\count294
\makeMPintoPDFobject=\count295
\everyMPtoPDFconversion=\toks22
)
("/Users/grazianomarallo/Library/Application Support/MiKTeX/texmfs/install/tex/
latex/oberdiek/epstopdf-base.sty"
Package: epstopdf-base 2016/05/15 v2.6 Base part for package epstopdf

("/Users/grazianomarallo/Library/Application Support/MiKTeX/texmfs/install/tex/
latex/oberdiek/grfext.sty"
Package: grfext 2016/05/16 v1.2 Manage graphics extensions (HO)
)
Package epstopdf-base Info: Redefining graphics rule for `.eps' on input line 4
38.
Package grfext Info: Graphics extension search list:
(grfext)             [.pdf,.png,.jpg,.mps,.jpeg,.jbig2,.jb2,.PDF,.PNG,.JPG,.JPE
G,.JBIG2,.JB2,.eps]
(grfext)             \AppendGraphicsExtensions on input line 456.
)
Package TOPtesi Info: Margin width recalculation on input line 55.
Package TOPtesi Info: Before:
(TOPtesi)             oddsidemargin  15.23279pt
(TOPtesi)             evensidemargin 15.23279pt on input line 55.
Package TOPtesi Info: After:
(TOPtesi)             oddsidemargin  35.1497pt
(TOPtesi)             evensidemargin -4.68413pt on input line 55.
\captionwidth=\dimen166
\fullwidth=\dimen167

("/Users/grazianomarallo/Library/Application Support/MiKTeX/texmfs/install/tex/
latex/toptesi/topfront.sty"
Package: topfront 2018/05/06 v.\unhbox \voidb@x \penalty \@M \ 6.2.04 Title pag
e for TOPtesi and other classes
\TPT@logospace=\skip58
\TPT@logobox=\box56
\TPT@logoheight=\dimen168
\T@Tlogoheight=\skip59

("/Users/grazianomarallo/Library/Application Support/MiKTeX/texmfs/install/tex/
latex/toptesi/toptesi.cfg")
.................................................
. LaTeX info: "xparse/define-command"
. 
. Defining command \candidato with sig. 'm o' on line 249.
.................................................
.................................................
. LaTeX info: "xparse/define-command"
. 
. Defining command \candidata with sig. 'm o' on line 253.
.................................................
.................................................
. LaTeX info: "xparse/define-command"
. 
. Defining command \secondocandidato with sig. 'm o' on line 258.
.................................................
.................................................
. LaTeX info: "xparse/define-command"
. 
. Defining command \secondacandidata with sig. 'm o' on line 262.
.................................................
.................................................
. LaTeX info: "xparse/define-command"
. 
. Defining command \terzocandidato with sig. 'm o' on line 267.
.................................................
.................................................
. LaTeX info: "xparse/define-command"
. 
. Defining command \terzacandidata with sig. 'm o' on line 271.
.................................................
)
("/Users/grazianomarallo/Library/Application Support/MiKTeX/texmfs/install/tex/
latex/toptesi/topcoman.sty"
Package: topcoman 2018/05/06 v.\unhbox \voidb@x \penalty \@M \ 6.2.04 Additiona
l commands for the TOPtesi bundle

("/Users/grazianomarallo/Library/Application Support/MiKTeX/texmfs/install/tex/
latex/base/textcomp.sty"
Package: textcomp 2017/04/05 v2.0i Standard LaTeX package
Package textcomp Info: Sub-encoding information:
(textcomp)               5 = only ISO-Adobe without \textcurrency
(textcomp)               4 = 5 + \texteuro
(textcomp)               3 = 4 + \textohm
(textcomp)               2 = 3 + \textestimated + \textcurrency
(textcomp)               1 = TS1 - \textcircled - \t
(textcomp)               0 = TS1 (full)
(textcomp)             Font families with sub-encoding setting implement
(textcomp)             only a restricted character set as indicated.
(textcomp)             Family '?' is the default used for unknown fonts.
(textcomp)             See the documentation for details.
Package textcomp Info: Setting ? sub-encoding to TS1/1 on input line 79.

("/Users/grazianomarallo/Library/Application Support/MiKTeX/texmfs/install/tex/
latex/base/ts1enc.def"
File: ts1enc.def 2001/06/05 v3.0e (jk/car/fm) Standard LaTeX file
Now handling font encoding TS1 ...
... processing UTF-8 mapping file for font encoding TS1

("/Users/grazianomarallo/Library/Application Support/MiKTeX/texmfs/install/tex/
latex/base/ts1enc.dfu"
File: ts1enc.dfu 2018/04/05 v1.2c UTF-8 support for inputenc
   defining Unicode char U+00A2 (decimal 162)
   defining Unicode char U+00A3 (decimal 163)
   defining Unicode char U+00A4 (decimal 164)
   defining Unicode char U+00A5 (decimal 165)
   defining Unicode char U+00A6 (decimal 166)
   defining Unicode char U+00A7 (decimal 167)
   defining Unicode char U+00A8 (decimal 168)
   defining Unicode char U+00A9 (decimal 169)
   defining Unicode char U+00AA (decimal 170)
   defining Unicode char U+00AC (decimal 172)
   defining Unicode char U+00AE (decimal 174)
   defining Unicode char U+00AF (decimal 175)
   defining Unicode char U+00B0 (decimal 176)
   defining Unicode char U+00B1 (decimal 177)
   defining Unicode char U+00B2 (decimal 178)
   defining Unicode char U+00B3 (decimal 179)
   defining Unicode char U+00B4 (decimal 180)
   defining Unicode char U+00B5 (decimal 181)
   defining Unicode char U+00B6 (decimal 182)
   defining Unicode char U+00B7 (decimal 183)
   defining Unicode char U+00B9 (decimal 185)
   defining Unicode char U+00BA (decimal 186)
   defining Unicode char U+00BC (decimal 188)
   defining Unicode char U+00BD (decimal 189)
   defining Unicode char U+00BE (decimal 190)
   defining Unicode char U+00D7 (decimal 215)
   defining Unicode char U+00F7 (decimal 247)
   defining Unicode char U+0192 (decimal 402)
   defining Unicode char U+02C7 (decimal 711)
   defining Unicode char U+02D8 (decimal 728)
   defining Unicode char U+02DD (decimal 733)
   defining Unicode char U+0E3F (decimal 3647)
   defining Unicode char U+2016 (decimal 8214)
   defining Unicode char U+2020 (decimal 8224)
   defining Unicode char U+2021 (decimal 8225)
   defining Unicode char U+2022 (decimal 8226)
   defining Unicode char U+2030 (decimal 8240)
   defining Unicode char U+2031 (decimal 8241)
   defining Unicode char U+203B (decimal 8251)
   defining Unicode char U+203D (decimal 8253)
   defining Unicode char U+2044 (decimal 8260)
   defining Unicode char U+204E (decimal 8270)
   defining Unicode char U+2052 (decimal 8274)
   defining Unicode char U+20A1 (decimal 8353)
   defining Unicode char U+20A4 (decimal 8356)
   defining Unicode char U+20A6 (decimal 8358)
   defining Unicode char U+20A9 (decimal 8361)
   defining Unicode char U+20AB (decimal 8363)
   defining Unicode char U+20AC (decimal 8364)
   defining Unicode char U+20B1 (decimal 8369)
   defining Unicode char U+2103 (decimal 8451)
   defining Unicode char U+2116 (decimal 8470)
   defining Unicode char U+2117 (decimal 8471)
   defining Unicode char U+211E (decimal 8478)
   defining Unicode char U+2120 (decimal 8480)
   defining Unicode char U+2122 (decimal 8482)
   defining Unicode char U+2126 (decimal 8486)
   defining Unicode char U+2127 (decimal 8487)
   defining Unicode char U+212E (decimal 8494)
   defining Unicode char U+2190 (decimal 8592)
   defining Unicode char U+2191 (decimal 8593)
   defining Unicode char U+2192 (decimal 8594)
   defining Unicode char U+2193 (decimal 8595)
   defining Unicode char U+2329 (decimal 9001)
   defining Unicode char U+232A (decimal 9002)
   defining Unicode char U+2422 (decimal 9250)
   defining Unicode char U+25E6 (decimal 9702)
   defining Unicode char U+25EF (decimal 9711)
   defining Unicode char U+266A (decimal 9834)
   defining Unicode char U+FEFF (decimal 65279)
))
LaTeX Info: Redefining \oldstylenums on input line 334.
Package textcomp Info: Setting cmr sub-encoding to TS1/0 on input line 349.
Package textcomp Info: Setting cmss sub-encoding to TS1/0 on input line 350.
Package textcomp Info: Setting cmtt sub-encoding to TS1/0 on input line 351.
Package textcomp Info: Setting cmvtt sub-encoding to TS1/0 on input line 352.
Package textcomp Info: Setting cmbr sub-encoding to TS1/0 on input line 353.
Package textcomp Info: Setting cmtl sub-encoding to TS1/0 on input line 354.
Package textcomp Info: Setting ccr sub-encoding to TS1/0 on input line 355.
Package textcomp Info: Setting ptm sub-encoding to TS1/4 on input line 356.
Package textcomp Info: Setting pcr sub-encoding to TS1/4 on input line 357.
Package textcomp Info: Setting phv sub-encoding to TS1/4 on input line 358.
Package textcomp Info: Setting ppl sub-encoding to TS1/3 on input line 359.
Package textcomp Info: Setting pag sub-encoding to TS1/4 on input line 360.
Package textcomp Info: Setting pbk sub-encoding to TS1/4 on input line 361.
Package textcomp Info: Setting pnc sub-encoding to TS1/4 on input line 362.
Package textcomp Info: Setting pzc sub-encoding to TS1/4 on input line 363.
Package textcomp Info: Setting bch sub-encoding to TS1/4 on input line 364.
Package textcomp Info: Setting put sub-encoding to TS1/5 on input line 365.
Package textcomp Info: Setting uag sub-encoding to TS1/5 on input line 366.
Package textcomp Info: Setting ugq sub-encoding to TS1/5 on input line 367.
Package textcomp Info: Setting ul8 sub-encoding to TS1/4 on input line 368.
Package textcomp Info: Setting ul9 sub-encoding to TS1/4 on input line 369.
Package textcomp Info: Setting augie sub-encoding to TS1/5 on input line 370.
Package textcomp Info: Setting dayrom sub-encoding to TS1/3 on input line 371.
Package textcomp Info: Setting dayroms sub-encoding to TS1/3 on input line 372.

Package textcomp Info: Setting pxr sub-encoding to TS1/0 on input line 373.
Package textcomp Info: Setting pxss sub-encoding to TS1/0 on input line 374.
Package textcomp Info: Setting pxtt sub-encoding to TS1/0 on input line 375.
Package textcomp Info: Setting txr sub-encoding to TS1/0 on input line 376.
Package textcomp Info: Setting txss sub-encoding to TS1/0 on input line 377.
Package textcomp Info: Setting txtt sub-encoding to TS1/0 on input line 378.
Package textcomp Info: Setting lmr sub-encoding to TS1/0 on input line 379.
Package textcomp Info: Setting lmdh sub-encoding to TS1/0 on input line 380.
Package textcomp Info: Setting lmss sub-encoding to TS1/0 on input line 381.
Package textcomp Info: Setting lmssq sub-encoding to TS1/0 on input line 382.
Package textcomp Info: Setting lmvtt sub-encoding to TS1/0 on input line 383.
Package textcomp Info: Setting lmtt sub-encoding to TS1/0 on input line 384.
Package textcomp Info: Setting qhv sub-encoding to TS1/0 on input line 385.
Package textcomp Info: Setting qag sub-encoding to TS1/0 on input line 386.
Package textcomp Info: Setting qbk sub-encoding to TS1/0 on input line 387.
Package textcomp Info: Setting qcr sub-encoding to TS1/0 on input line 388.
Package textcomp Info: Setting qcs sub-encoding to TS1/0 on input line 389.
Package textcomp Info: Setting qpl sub-encoding to TS1/0 on input line 390.
Package textcomp Info: Setting qtm sub-encoding to TS1/0 on input line 391.
Package textcomp Info: Setting qzc sub-encoding to TS1/0 on input line 392.
Package textcomp Info: Setting qhvc sub-encoding to TS1/0 on input line 393.
Package textcomp Info: Setting futs sub-encoding to TS1/4 on input line 394.
Package textcomp Info: Setting futx sub-encoding to TS1/4 on input line 395.
Package textcomp Info: Setting futj sub-encoding to TS1/4 on input line 396.
Package textcomp Info: Setting hlh sub-encoding to TS1/3 on input line 397.
Package textcomp Info: Setting hls sub-encoding to TS1/3 on input line 398.
Package textcomp Info: Setting hlst sub-encoding to TS1/3 on input line 399.
Package textcomp Info: Setting hlct sub-encoding to TS1/5 on input line 400.
Package textcomp Info: Setting hlx sub-encoding to TS1/5 on input line 401.
Package textcomp Info: Setting hlce sub-encoding to TS1/5 on input line 402.
Package textcomp Info: Setting hlcn sub-encoding to TS1/5 on input line 403.
Package textcomp Info: Setting hlcw sub-encoding to TS1/5 on input line 404.
Package textcomp Info: Setting hlcf sub-encoding to TS1/5 on input line 405.
Package textcomp Info: Setting pplx sub-encoding to TS1/3 on input line 406.
Package textcomp Info: Setting pplj sub-encoding to TS1/3 on input line 407.
Package textcomp Info: Setting ptmx sub-encoding to TS1/4 on input line 408.
Package textcomp Info: Setting ptmj sub-encoding to TS1/4 on input line 409.
)
("/Users/grazianomarallo/Library/Application Support/MiKTeX/texmfs/install/tex/
latex/fancyvrb/fancyvrb.sty"
Package: fancyvrb 2008/02/07

Style option: `fancyvrb' v2.7a, with DG/SPQR fixes, and firstline=lastline fix 
<2008/02/07> (tvz)
\FV@CodeLineNo=\count296
\FV@InFile=\read2
\FV@TabBox=\box57
\c@FancyVerbLine=\count297
\FV@StepNumber=\count298
\FV@OutFile=\write3
))
\AtBeginShipoutBox=\box58

("/Users/grazianomarallo/Library/Application Support/MiKTeX/texmfs/install/tex/
latex/graphics/color.sty"
Package: color 2016/07/10 v1.1e Standard LaTeX Color (DPC)
LaTeX Info: Redefining \color on input line 86.

("/Users/grazianomarallo/Library/Application Support/MiKTeX/texmfs/install/tex/
latex/graphics-cfg/color.cfg"
File: color.cfg 2016/01/02 v1.6 sample color configuration
)
Package color Info: Driver file: pdftex.def on input line 147.
)
Package hyperref Info: Link coloring ON on input line 55.

("/Users/grazianomarallo/Library/Application Support/MiKTeX/texmfs/install/tex/
latex/hyperref/nameref.sty"
Package: nameref 2016/05/21 v2.44 Cross-referencing by name of section

("/Users/grazianomarallo/Library/Application Support/MiKTeX/texmfs/install/tex/
generic/oberdiek/gettitlestring.sty"
Package: gettitlestring 2016/05/16 v1.5 Cleanup title references (HO)
)
\c@section@level=\count299
)
LaTeX Info: Redefining \ref on input line 55.
LaTeX Info: Redefining \pageref on input line 55.
LaTeX Info: Redefining \nameref on input line 55.
 (Thesis.out) (Thesis.out)
\@outlinefile=\write4
\openout4 = `Thesis.out'.


("/Users/grazianomarallo/Library/Application Support/MiKTeX/texmfs/install/tex/
latex/translator/translator-basic-dictionary-English.dict"
Dictionary: translator-basic-dictionary, Language: English 
)
("/Users/grazianomarallo/Library/Application Support/MiKTeX/texmfs/install/tex/
latex/siunitx/siunitx-abbreviations.cfg"
File: siunitx-abbreviations.cfg 2017/11/26 v2.7k siunitx: Abbreviated units
)
("/Users/grazianomarallo/Library/Application Support/MiKTeX/texmfs/install/tex/
latex/siunitx/siunitx-binary.cfg"
File: siunitx-binary.cfg 2017/11/26 v2.7k siunitx: Binary units
)
\c@lstlisting=\count300
LaTeX Font Info:    External font `cmex10' loaded for size
(Font)              <12> on input line 55.
LaTeX Font Info:    External font `cmex10' loaded for size
(Font)              <8> on input line 55.
LaTeX Font Info:    External font `cmex10' loaded for size
(Font)              <6> on input line 55.
<images/logopolito.pdf, id=119, 526.79488pt x 523.45164pt>
File: images/logopolito.pdf Graphic file (type pdf)
<use images/logopolito.pdf>
Package pdftex.def Info: images/logopolito.pdf  used on input line 102.
(pdftex.def)             Requested size: 70.44707pt x 70.00249pt.
LaTeX Font Info:    External font `cmex10' loaded for size
(Font)              <14.4> on input line 130.
LaTeX Font Info:    External font `cmex10' loaded for size
(Font)              <7> on input line 130.
 [1{/Users/grazianomarallo/Library/Application Support/MiKTeX/texmfs/data/pdfte
x/config/pdftex.map}



 <./images/logopolito.pdf>] [2


]
LaTeX Font Info:    Try loading font information for TS1+cmr on input line 140.


("/Users/grazianomarallo/Library/Application Support/MiKTeX/texmfs/install/tex/
latex/base/ts1cmr.fd"
File: ts1cmr.fd 2014/09/29 v2.5h Standard LaTeX font definitions
) [3


] [4


] [5

] (Thesis.toc [6

])
\tf@toc=\write5
\openout5 = `Thesis.toc'.

 [7]
Chapter 1.
(root/chapter1/chapter_1.tex
Overfull \hbox (21.50835pt too wide) in paragraph at lines 18--21
\OT1/cmr/m/n/12 Attack on vulnerabilities, especially the ones made for example
 on zero day vulnerability,
 []

[8



]
<images/fuzz_stages.png, id=197, 147.9126pt x 236.5638pt>
File: images/fuzz_stages.png Graphic file (type png)
<use images/fuzz_stages.png>
Package pdftex.def Info: images/fuzz_stages.png  used on input line 39.
(pdftex.def)             Requested size: 211.25116pt x 337.87575pt.
 [9 <./images/fuzz_stages.png>] [10] [11]
<images/Algo-fuzz.png, id=219, 484.81125pt x 489.83pt>
File: images/Algo-fuzz.png Graphic file (type png)
<use images/Algo-fuzz.png>
Package pdftex.def Info: images/Algo-fuzz.png  used on input line 118.
(pdftex.def)             Requested size: 295.75032pt x 298.82576pt.

Underfull \vbox (badness 3780) has occurred while \output is active []

 [12 <./images/Algo-fuzz.png>]
<images/fuzz-work.png, id=227, 1026.83624pt x 348.30125pt>
File: images/fuzz-work.png Graphic file (type png)
<use images/fuzz-work.png>
Package pdftex.def Info: images/fuzz-work.png  used on input line 137.
(pdftex.def)             Requested size: 422.50232pt x 143.31464pt.

Overfull \hbox (18.54033pt too wide) in paragraph at lines 155--162
\OT1/cmr/m/n/12 Fuzzing technique has been used to detect several vulnerabiliti
es on different application
 []

[13 <./images/fuzz-work.png>] [14]
Overfull \hbox (11.98206pt too wide) in paragraph at lines 200--202
\OT1/cmr/m/n/12 tries to elude ingeniously this problem by allowing testers to 
use more lightweight
 []

[15]
Overfull \hbox (50.85905pt too wide) in paragraph at lines 243--247
[]\OT1/cmr/m/n/12 Here the supplicant will start authenticating
 []


Overfull \hbox (22.68925pt too wide) in paragraph at lines 254--256
[]\OT1/cmr/m/n/12 In this stage the formal 4-Way Handshake is performed
 []

[16]
<images/eapol-frame.png, id=257, 384.43625pt x 310.15875pt>
File: images/eapol-frame.png Graphic file (type png)
<use images/eapol-frame.png>
Package pdftex.def Info: images/eapol-frame.png  used on input line 276.
(pdftex.def)             Requested size: 338.00314pt x 272.71336pt.
<images/mess-ex.png, id=260, 434.62375pt x 543.02875pt>
File: images/mess-ex.png Graphic file (type png)
<use images/mess-ex.png>
Package pdftex.def Info: images/mess-ex.png  used on input line 289.
(pdftex.def)             Requested size: 338.00314pt x 422.33438pt.

Overfull \hbox (22.75278pt too wide) in paragraph at lines 300--304
\OT1/cmr/m/n/12 important to understand in which way is possible to attack and 
exploit its vulnerabilities.
 []

[17]
Overfull \hbox (8.47885pt too wide) in paragraph at lines 305--314
\OT1/cmr/m/n/12 as defense mechanism against possible attack. This kind of tech
nology relies obviously
 []

[18 <./images/eapol-frame.png>] [19 <./images/mess-ex.png>]
<images/sup-sm.png, id=279, 574.145pt x 511.9125pt>
File: images/sup-sm.png Graphic file (type png)
<use images/sup-sm.png>
Package pdftex.def Info: images/sup-sm.png  used on input line 333.
(pdftex.def)             Requested size: 338.00314pt x 301.36963pt.
 [20 <./images/sup-sm.png>]
Overfull \hbox (1.33772pt too wide) in paragraph at lines 348--359
\OT1/cmr/m/n/12 In the scenario presented above, if we consider the victim stil
l accepting the plaintext
 []

[21]
<images/mitm.png, id=295, 577.15625pt x 595.22375pt>
File: images/mitm.png Graphic file (type png)
<use images/mitm.png>
Package pdftex.def Info: images/mitm.png  used on input line 369.
(pdftex.def)             Requested size: 338.00314pt x 348.59958pt.
 [22 <./images/mitm.png>]) [23]
Chapter 2.
[24

]
Chapter 3.

Overfull \hbox (1.40176pt too wide) in paragraph at lines 174--175
[]\OT1/cmr/m/n/12 Nel caso sia stato sviluppato del software non triviale, ?`
\TS1/cmr/m/n/12 ½ \OT1/cmr/m/n/12 buona norma dedicargli
 []

[25

]
Chapter 4.
[26

]
Chapter 5.
(biblio.tex [27

]
Underfull \hbox (badness 1931) in paragraph at lines 8--15
[]\OT1/cmr/m/n/12 Li, Jun and Zhao, Bodong and Zhang, Chao, ``Fuzzing: a survey
'',
 []


Underfull \hbox (badness 2020) in paragraph at lines 20--33
\OT1/cmr/m/n/12 in the Wi-Fi handshake using model-based testing'', ASIA CCS 20
17
 []


Underfull \hbox (badness 3000) in paragraph at lines 20--33
\OT1/cmr/m/n/12 - Proceedings of the 2017 ACM Asia Conference on Computer and
 []

)
Package atveryend Info: Empty hook `BeforeClearDocument' on input line 201.
 [28

]
Package atveryend Info: Empty hook `AfterLastShipout' on input line 201.
 (Thesis.aux)
Package atveryend Info: Executing hook `AtVeryEndDocument' on input line 201.
Package atveryend Info: Executing hook `AtEndAfterFileList' on input line 201.
Package rerunfilecheck Info: File `Thesis.out' has not changed.
(rerunfilecheck)             Checksum: 507ECB7FF9C2537E11848368E7001EA2;1870.
 ) 
Here is how much of TeX's memory you used:
 21314 strings out of 494889
 400358 string characters out of 3176356
 469425 words of memory out of 3000000
 24655 multiletter control sequences out of 15000+200000
 544270 words of font info for 65 fonts, out of 3000000 for 9000
 0 hyphenation exceptions out of 8191
 57i,13n,75p,834b,916s stack positions out of 5000i,500n,10000p,200000b,50000s
 </Users/grazianomarallo/Library/Application Support/MiKTeX/texmfs/data/fonts
/pk/ljfour/jknappen/ec/dpi600/tcrm1200.pk> </Users/grazianomarallo/Library/Appl
ication Support/MiKTeX/texmfs/data/fonts/pk/ljfour/jknappen/ec/dpi600/tcti2074.
pk></Users/grazianomarallo/Library/Application Support/MiKTeX/texmfs/install/fo
nts/type1/public/amsfonts/cm/cmbx12.pfb></Users/grazianomarallo/Library/Applica
tion Support/MiKTeX/texmfs/install/fonts/type1/public/amsfonts/cm/cmbxti10.pfb>
</Users/grazianomarallo/Library/Application Support/MiKTeX/texmfs/install/fonts
/type1/public/amsfonts/cm/cmcsc10.pfb></Users/grazianomarallo/Library/Applicati
on Support/MiKTeX/texmfs/install/fonts/type1/public/amsfonts/cm/cmr10.pfb></Use
rs/grazianomarallo/Library/Application Support/MiKTeX/texmfs/install/fonts/type
1/public/amsfonts/cm/cmr12.pfb></Users/grazianomarallo/Library/Application Supp
ort/MiKTeX/texmfs/install/fonts/type1/public/amsfonts/cm/cmr17.pfb></Users/graz
ianomarallo/Library/Application Support/MiKTeX/texmfs/install/fonts/type1/publi
c/amsfonts/cm/cmsl10.pfb></Users/grazianomarallo/Library/Application Support/Mi
KTeX/texmfs/install/fonts/type1/public/amsfonts/cm/cmti12.pfb></Users/grazianom
arallo/Library/Application Support/MiKTeX/texmfs/install/fonts/type1/public/ams
fonts/cm/cmtt12.pfb>
Output written on Thesis.pdf (28 pages, 533596 bytes).
PDF statistics:
 389 PDF objects out of 1000 (max. 8388607)
 77 named destinations out of 1000 (max. 500000)
 273 words of extra memory for PDF output out of 10000 (max. 10000000)

